#! /c/Source/iverilog-install/bin/vvp
:ivl_version "12.0 (devel)" "(s20150603-1539-g2693dd32b)";
:ivl_delay_selection "TYPICAL";
:vpi_time_precision + 0;
:vpi_module "D:\Software\iverilog\lib\ivl\system.vpi";
:vpi_module "D:\Software\iverilog\lib\ivl\vhdl_sys.vpi";
:vpi_module "D:\Software\iverilog\lib\ivl\vhdl_textio.vpi";
:vpi_module "D:\Software\iverilog\lib\ivl\v2005_math.vpi";
:vpi_module "D:\Software\iverilog\lib\ivl\va_math.vpi";
S_00000291f3f9bc60 .scope module, "led1to4" "led1to4" 2 1;
 .timescale 0 0;
    .port_info 0 /INPUT 1 "sys_clk";
    .port_info 1 /INPUT 1 "rst_n";
    .port_info 2 /OUTPUT 4 "led";
P_00000291f3e52ce0 .param/l "Idle" 0 2 14, C4<0000>;
P_00000291f3e52d18 .param/l "Max_count_time" 0 2 21, +C4<00011101110011010110010011111111>;
P_00000291f3e52d50 .param/l "Test_count_time" 0 2 22, +C4<00000000000000000000000001100100>;
P_00000291f3e52d88 .param/l "led1" 0 2 15, C4<0001>;
P_00000291f3e52dc0 .param/l "led2" 0 2 16, C4<0010>;
P_00000291f3e52df8 .param/l "led3" 0 2 17, C4<0100>;
P_00000291f3e52e30 .param/l "led4" 0 2 18, C4<1000>;
P_00000291f3e52e68 .param/l "over" 0 2 19, C4<1111>;
v00000291f3f9b270_0 .var "led", 3 0;
v00000291f3e53560_0 .var "led_count", 31 0;
v00000291f3e52eb0_0 .var "led_exist", 0 0;
v00000291f3e52f50_0 .var "led_rst", 0 0;
v00000291f3e52ff0_0 .var "model", 3 0;
o00000291f3e910c8 .functor BUFZ 1, C4<z>; HiZ drive
v00000291f3e53090_0 .net "rst_n", 0 0, o00000291f3e910c8;  0 drivers
o00000291f3e910f8 .functor BUFZ 1, C4<z>; HiZ drive
v00000291f3e84d00_0 .net "sys_clk", 0 0, o00000291f3e910f8;  0 drivers
E_00000291f3f98ba0/0 .event negedge, v00000291f3e53090_0;
E_00000291f3f98ba0/1 .event posedge, v00000291f3e84d00_0;
E_00000291f3f98ba0 .event/or E_00000291f3f98ba0/0, E_00000291f3f98ba0/1;
    .scope S_00000291f3f9bc60;
T_0 ;
    %wait E_00000291f3f98ba0;
    %load/vec4 v00000291f3e53090_0;
    %nor/r;
    %flag_set/vec4 8;
    %jmp/0xz  T_0.0, 8;
    %pushi/vec4 0, 0, 4;
    %assign/vec4 v00000291f3e52ff0_0, 0;
    %pushi/vec4 0, 0, 4;
    %assign/vec4 v00000291f3f9b270_0, 0;
    %jmp T_0.1;
T_0.0 ;
    %load/vec4 v00000291f3e52ff0_0;
    %dup/vec4;
    %pushi/vec4 0, 0, 4;
    %cmp/u;
    %jmp/1 T_0.2, 6;
    %dup/vec4;
    %pushi/vec4 1, 0, 4;
    %cmp/u;
    %jmp/1 T_0.3, 6;
    %dup/vec4;
    %pushi/vec4 2, 0, 4;
    %cmp/u;
    %jmp/1 T_0.4, 6;
    %dup/vec4;
    %pushi/vec4 4, 0, 4;
    %cmp/u;
    %jmp/1 T_0.5, 6;
    %dup/vec4;
    %pushi/vec4 8, 0, 4;
    %cmp/u;
    %jmp/1 T_0.6, 6;
    %dup/vec4;
    %pushi/vec4 15, 0, 4;
    %cmp/u;
    %jmp/1 T_0.7, 6;
    %pushi/vec4 0, 0, 4;
    %assign/vec4 v00000291f3f9b270_0, 0;
    %jmp T_0.9;
T_0.2 ;
    %load/vec4 v00000291f3e52eb0_0;
    %pad/u 32;
    %cmpi/e 1, 0, 32;
    %jmp/0xz  T_0.10, 4;
    %pushi/vec4 1, 0, 1;
    %assign/vec4 v00000291f3e52f50_0, 0;
    %pushi/vec4 1, 0, 4;
    %assign/vec4 v00000291f3e52ff0_0, 0;
    %jmp T_0.11;
T_0.10 ;
    %pushi/vec4 0, 0, 4;
    %assign/vec4 v00000291f3f9b270_0, 0;
    %pushi/vec4 0, 0, 1;
    %assign/vec4 v00000291f3e52f50_0, 0;
T_0.11 ;
    %jmp T_0.9;
T_0.3 ;
    %pushi/vec4 1, 0, 4;
    %assign/vec4 v00000291f3f9b270_0, 0;
    %load/vec4 v00000291f3e52eb0_0;
    %pad/u 32;
    %cmpi/e 1, 0, 32;
    %jmp/0xz  T_0.12, 4;
    %pushi/vec4 1, 0, 1;
    %assign/vec4 v00000291f3e52f50_0, 0;
    %pushi/vec4 2, 0, 4;
    %assign/vec4 v00000291f3e52ff0_0, 0;
    %jmp T_0.13;
T_0.12 ;
    %pushi/vec4 1, 0, 4;
    %assign/vec4 v00000291f3f9b270_0, 0;
    %pushi/vec4 0, 0, 1;
    %assign/vec4 v00000291f3e52f50_0, 0;
T_0.13 ;
    %jmp T_0.9;
T_0.4 ;
    %load/vec4 v00000291f3e52eb0_0;
    %pad/u 32;
    %cmpi/e 1, 0, 32;
    %jmp/0xz  T_0.14, 4;
    %pushi/vec4 1, 0, 1;
    %assign/vec4 v00000291f3e52f50_0, 0;
    %pushi/vec4 4, 0, 4;
    %assign/vec4 v00000291f3e52ff0_0, 0;
    %jmp T_0.15;
T_0.14 ;
    %pushi/vec4 2, 0, 4;
    %assign/vec4 v00000291f3f9b270_0, 0;
    %pushi/vec4 0, 0, 1;
    %assign/vec4 v00000291f3e52f50_0, 0;
T_0.15 ;
    %jmp T_0.9;
T_0.5 ;
    %pushi/vec4 4, 0, 4;
    %assign/vec4 v00000291f3f9b270_0, 0;
    %load/vec4 v00000291f3e52eb0_0;
    %pad/u 32;
    %cmpi/e 1, 0, 32;
    %jmp/0xz  T_0.16, 4;
    %pushi/vec4 1, 0, 1;
    %assign/vec4 v00000291f3e52f50_0, 0;
    %pushi/vec4 8, 0, 4;
    %assign/vec4 v00000291f3e52ff0_0, 0;
    %jmp T_0.17;
T_0.16 ;
    %pushi/vec4 4, 0, 4;
    %assign/vec4 v00000291f3f9b270_0, 0;
    %pushi/vec4 0, 0, 1;
    %assign/vec4 v00000291f3e52f50_0, 0;
T_0.17 ;
    %jmp T_0.9;
T_0.6 ;
    %pushi/vec4 8, 0, 4;
    %assign/vec4 v00000291f3f9b270_0, 0;
    %load/vec4 v00000291f3e52eb0_0;
    %pad/u 32;
    %cmpi/e 1, 0, 32;
    %jmp/0xz  T_0.18, 4;
    %pushi/vec4 1, 0, 1;
    %assign/vec4 v00000291f3e52f50_0, 0;
    %pushi/vec4 15, 0, 4;
    %assign/vec4 v00000291f3e52ff0_0, 0;
    %jmp T_0.19;
T_0.18 ;
    %pushi/vec4 8, 0, 4;
    %assign/vec4 v00000291f3f9b270_0, 0;
    %pushi/vec4 0, 0, 1;
    %assign/vec4 v00000291f3e52f50_0, 0;
T_0.19 ;
    %jmp T_0.9;
T_0.7 ;
    %load/vec4 v00000291f3e52eb0_0;
    %pad/u 32;
    %cmpi/e 1, 0, 32;
    %jmp/0xz  T_0.20, 4;
    %pushi/vec4 1, 0, 1;
    %assign/vec4 v00000291f3e52f50_0, 0;
    %pushi/vec4 0, 0, 4;
    %assign/vec4 v00000291f3e52ff0_0, 0;
    %jmp T_0.21;
T_0.20 ;
    %pushi/vec4 15, 0, 4;
    %assign/vec4 v00000291f3f9b270_0, 0;
    %pushi/vec4 0, 0, 1;
    %assign/vec4 v00000291f3e52f50_0, 0;
T_0.21 ;
    %jmp T_0.9;
T_0.9 ;
    %pop/vec4 1;
T_0.1 ;
    %jmp T_0;
    .thread T_0;
    .scope S_00000291f3f9bc60;
T_1 ;
    %wait E_00000291f3f98ba0;
    %load/vec4 v00000291f3e53090_0;
    %nor/r;
    %flag_set/vec4 8;
    %jmp/0xz  T_1.0, 8;
    %pushi/vec4 0, 0, 32;
    %assign/vec4 v00000291f3e53560_0, 0;
    %pushi/vec4 0, 0, 1;
    %assign/vec4 v00000291f3e52eb0_0, 0;
    %jmp T_1.1;
T_1.0 ;
    %load/vec4 v00000291f3e52f50_0;
    %flag_set/vec4 8;
    %jmp/0xz  T_1.2, 8;
    %pushi/vec4 0, 0, 1;
    %assign/vec4 v00000291f3e52eb0_0, 0;
    %pushi/vec4 0, 0, 1;
    %assign/vec4 v00000291f3e52f50_0, 0;
    %jmp T_1.3;
T_1.2 ;
    %load/vec4 v00000291f3e53560_0;
    %cmpi/u 100, 0, 32;
    %flag_inv 5; GE is !LT
    %jmp/0xz  T_1.4, 5;
    %pushi/vec4 0, 0, 32;
    %assign/vec4 v00000291f3e53560_0, 0;
    %pushi/vec4 1, 0, 1;
    %assign/vec4 v00000291f3e52eb0_0, 0;
    %jmp T_1.5;
T_1.4 ;
    %load/vec4 v00000291f3e53560_0;
    %addi 1, 0, 32;
    %assign/vec4 v00000291f3e53560_0, 0;
    %pushi/vec4 0, 0, 1;
    %assign/vec4 v00000291f3e52eb0_0, 0;
T_1.5 ;
T_1.3 ;
T_1.1 ;
    %jmp T_1;
    .thread T_1;
# The file index is used to find the file name in the following table.
:file_names 3;
    "N/A";
    "<interactive>";
    "led1to4.v";
