
*** Running vivado
    with args -log led.vdi -applog -m64 -product Vivado -messageDb vivado.pb -mode batch -source led.tcl -notrace


****** Vivado v2019.2 (64-bit)
  **** SW Build 2708876 on Wed Nov  6 21:40:23 MST 2019
  **** IP Build 2700528 on Thu Nov  7 00:09:20 MST 2019
    ** Copyright 1986-2019 Xilinx, Inc. All Rights Reserved.

source led.tcl -notrace
Command: link_design -top led -part xa7z020clg400-1Q
Design is defaulting to srcset: sources_1
Design is defaulting to constrset: constrs_1
INFO: [Device 21-403] Loading part xa7z020clg400-1Q
Netlist sorting complete. Time (s): cpu = 00:00:00 ; elapsed = 00:00:00.001 . Memory (MB): peak = 758.203 ; gain = 0.000
INFO: [Netlist 29-17] Analyzing 8 Unisim elements for replacement
INFO: [Netlist 29-28] Unisim Transformation completed in 0 CPU seconds
INFO: [Project 1-479] Netlist was created with Vivado 2019.2
INFO: [Project 1-570] Preparing netlist for logic optimization
Parsing XDC File [F:/FPGA/FPGA/LED/LED.srcs/constrs_1/new/led.xdc]
Finished Parsing XDC File [F:/FPGA/FPGA/LED/LED.srcs/constrs_1/new/led.xdc]
INFO: [Opt 31-138] Pushed 0 inverter(s) to 0 load pin(s).
Netlist sorting complete. Time (s): cpu = 00:00:00 ; elapsed = 00:00:00 . Memory (MB): peak = 881.496 ; gain = 0.000
INFO: [Project 1-111] Unisim Transformation Summary:
No Unisim elements were transformed.

7 Infos, 0 Warnings, 0 Critical Warnings and 0 Errors encountered.
link_design completed successfully
link_design: Time (s): cpu = 00:00:07 ; elapsed = 00:00:08 . Memory (MB): peak = 885.465 ; gain = 442.387
Command: opt_design
Attempting to get a license for feature 'Implementation' and/or device 'xa7z020'
INFO: [Common 17-349] Got license for feature 'Implementation' and/or device 'xa7z020'
Running DRC as a precondition to command opt_design

Starting DRC Task
INFO: [DRC 23-27] Running DRC with 2 threads
INFO: [Project 1-461] DRC finished with 0 Errors
INFO: [Project 1-462] Please refer to the DRC report (report_drc) for more information.

Time (s): cpu = 00:00:01 ; elapsed = 00:00:00.709 . Memory (MB): peak = 901.465 ; gain = 16.000

Starting Cache Timing Information Task
INFO: [Timing 38-35] Done setting XDC timing constraints.
Ending Cache Timing Information Task | Checksum: 19123353a

Time (s): cpu = 00:00:12 ; elapsed = 00:00:12 . Memory (MB): peak = 1253.734 ; gain = 352.270

Starting Logic Optimization Task

Phase 1 Retarget
INFO: [Opt 31-138] Pushed 0 inverter(s) to 0 load pin(s).
INFO: [Opt 31-49] Retargeted 0 cell(s).
Phase 1 Retarget | Checksum: 19123353a

Time (s): cpu = 00:00:00 ; elapsed = 00:00:00.035 . Memory (MB): peak = 1448.977 ; gain = 0.000
INFO: [Opt 31-389] Phase Retarget created 0 cells and removed 0 cells

Phase 2 Constant propagation
INFO: [Opt 31-138] Pushed 0 inverter(s) to 0 load pin(s).
Phase 2 Constant propagation | Checksum: 1fb72a7af

Time (s): cpu = 00:00:00 ; elapsed = 00:00:00.064 . Memory (MB): peak = 1448.977 ; gain = 0.000
INFO: [Opt 31-389] Phase Constant propagation created 1 cells and removed 4 cells

Phase 3 Sweep
Phase 3 Sweep | Checksum: 1b4593312

Time (s): cpu = 00:00:00 ; elapsed = 00:00:00.078 . Memory (MB): peak = 1448.977 ; gain = 0.000
INFO: [Opt 31-389] Phase Sweep created 0 cells and removed 0 cells

Phase 4 BUFG optimization
INFO: [Opt 31-1112] Starts optimizing BUFG(s) with a common MMCM/DPLL/XPLL driver.
INFO: [Opt 31-1112] Starts optimizing BUFG(s) with a common driver.
INFO: [Opt 31-1092] Phase BUFG optimization transformed 0 BUFG(s) to MBUFG(s).
Phase 4 BUFG optimization | Checksum: 1b4593312

Time (s): cpu = 00:00:00 ; elapsed = 00:00:00.091 . Memory (MB): peak = 1448.977 ; gain = 0.000
INFO: [Opt 31-662] Phase BUFG optimization created 0 cells of which 0 are BUFGs and removed 0 cells.

Phase 5 Shift Register Optimization
INFO: [Opt 31-1064] SRL Remap converted 0 SRLs to 0 registers and converted 0 registers of register chains to 0 SRLs
Phase 5 Shift Register Optimization | Checksum: 1b4593312

Time (s): cpu = 00:00:00 ; elapsed = 00:00:00.099 . Memory (MB): peak = 1448.977 ; gain = 0.000
INFO: [Opt 31-389] Phase Shift Register Optimization created 0 cells and removed 0 cells

Phase 6 Post Processing Netlist
Phase 6 Post Processing Netlist | Checksum: 1b4593312

Time (s): cpu = 00:00:00 ; elapsed = 00:00:00.107 . Memory (MB): peak = 1448.977 ; gain = 0.000
INFO: [Opt 31-389] Phase Post Processing Netlist created 0 cells and removed 0 cells
Opt_design Change Summary
=========================


-------------------------------------------------------------------------------------------------------------------------
|  Phase                        |  #Cells created  |  #Cells Removed  |  #Constrained objects preventing optimizations  |
-------------------------------------------------------------------------------------------------------------------------
|  Retarget                     |               0  |               0  |                                              0  |
|  Constant propagation         |               1  |               4  |                                              0  |
|  Sweep                        |               0  |               0  |                                              0  |
|  BUFG optimization            |               0  |               0  |                                              0  |
|  Shift Register Optimization  |               0  |               0  |                                              0  |
|  Post Processing Netlist      |               0  |               0  |                                              0  |
-------------------------------------------------------------------------------------------------------------------------



Starting Connectivity Check Task

Time (s): cpu = 00:00:00 ; elapsed = 00:00:00.001 . Memory (MB): peak = 1448.977 ; gain = 0.000
Ending Logic Optimization Task | Checksum: b4446020

Time (s): cpu = 00:00:00 ; elapsed = 00:00:00.128 . Memory (MB): peak = 1448.977 ; gain = 0.000

Starting Power Optimization Task
INFO: [Pwropt 34-132] Skipping clock gating for clocks with a period < 2.00 ns.
Ending Power Optimization Task | Checksum: b4446020

Time (s): cpu = 00:00:00 ; elapsed = 00:00:00.025 . Memory (MB): peak = 1448.977 ; gain = 0.000

Starting Final Cleanup Task
Ending Final Cleanup Task | Checksum: b4446020

Time (s): cpu = 00:00:00 ; elapsed = 00:00:00.001 . Memory (MB): peak = 1448.977 ; gain = 0.000

Starting Netlist Obfuscation Task
Netlist sorting complete. Time (s): cpu = 00:00:00 ; elapsed = 00:00:00.001 . Memory (MB): peak = 1448.977 ; gain = 0.000
Ending Netlist Obfuscation Task | Checksum: b4446020

Time (s): cpu = 00:00:00 ; elapsed = 00:00:00.001 . Memory (MB): peak = 1448.977 ; gain = 0.000
INFO: [Common 17-83] Releasing license: Implementation
27 Infos, 0 Warnings, 0 Critical Warnings and 0 Errors encountered.
opt_design completed successfully
opt_design: Time (s): cpu = 00:00:18 ; elapsed = 00:00:19 . Memory (MB): peak = 1448.977 ; gain = 563.512
Netlist sorting complete. Time (s): cpu = 00:00:00 ; elapsed = 00:00:00 . Memory (MB): peak = 1448.977 ; gain = 0.000
INFO: [Timing 38-480] Writing timing data to binary archive.
Writing placer database...
Writing XDEF routing.
Writing XDEF routing logical nets.
Writing XDEF routing special nets.
Write XDEF Complete: Time (s): cpu = 00:00:00 ; elapsed = 00:00:00.175 . Memory (MB): peak = 1448.977 ; gain = 0.000
INFO: [Common 17-1381] The checkpoint 'F:/FPGA/FPGA/LED/LED.runs/impl_1/led_opt.dcp' has been generated.
INFO: [runtcl-4] Executing : report_drc -file led_drc_opted.rpt -pb led_drc_opted.pb -rpx led_drc_opted.rpx
Command: report_drc -file led_drc_opted.rpt -pb led_drc_opted.pb -rpx led_drc_opted.rpx
INFO: [IP_Flow 19-234] Refreshing IP repositories
INFO: [IP_Flow 19-1704] No user IP repositories specified
INFO: [IP_Flow 19-2313] Loaded Vivado IP repository 'D:/Software/Vivado/Vivado/2019.2/data/ip'.
INFO: [DRC 23-27] Running DRC with 2 threads
INFO: [Coretcl 2-168] The results of DRC are in file F:/FPGA/FPGA/LED/LED.runs/impl_1/led_drc_opted.rpt.
report_drc completed successfully
report_drc: Time (s): cpu = 00:00:06 ; elapsed = 00:00:05 . Memory (MB): peak = 1448.977 ; gain = 0.000
Command: place_design
Attempting to get a license for feature 'Implementation' and/or device 'xa7z020'
INFO: [Common 17-349] Got license for feature 'Implementation' and/or device 'xa7z020'
INFO: [DRC 23-27] Running DRC with 2 threads
INFO: [Vivado_Tcl 4-198] DRC finished with 0 Errors
INFO: [Vivado_Tcl 4-199] Please refer to the DRC report (report_drc) for more information.
Running DRC as a precondition to command place_design
INFO: [DRC 23-27] Running DRC with 2 threads
INFO: [Vivado_Tcl 4-198] DRC finished with 0 Errors
INFO: [Vivado_Tcl 4-199] Please refer to the DRC report (report_drc) for more information.

Starting Placer Task
INFO: [Place 30-611] Multithreading enabled for place_design using a maximum of 2 CPUs

Phase 1 Placer Initialization

Phase 1.1 Placer Initialization Netlist Sorting
Netlist sorting complete. Time (s): cpu = 00:00:00 ; elapsed = 00:00:00.001 . Memory (MB): peak = 1448.977 ; gain = 0.000
Phase 1.1 Placer Initialization Netlist Sorting | Checksum: a5747491

Time (s): cpu = 00:00:00 ; elapsed = 00:00:00.022 . Memory (MB): peak = 1448.977 ; gain = 0.000
Netlist sorting complete. Time (s): cpu = 00:00:00 ; elapsed = 00:00:00 . Memory (MB): peak = 1448.977 ; gain = 0.000

Phase 1.2 IO Placement/ Clock Placement/ Build Placer Device
INFO: [Timing 38-35] Done setting XDC timing constraints.
Phase 1.2 IO Placement/ Clock Placement/ Build Placer Device | Checksum: 178bb4224

Time (s): cpu = 00:00:02 ; elapsed = 00:00:02 . Memory (MB): peak = 1448.977 ; gain = 0.000

Phase 1.3 Build Placer Netlist Model
Phase 1.3 Build Placer Netlist Model | Checksum: 188943a36

Time (s): cpu = 00:00:02 ; elapsed = 00:00:02 . Memory (MB): peak = 1448.977 ; gain = 0.000

Phase 1.4 Constrain Clocks/Macros
Phase 1.4 Constrain Clocks/Macros | Checksum: 188943a36

Time (s): cpu = 00:00:02 ; elapsed = 00:00:02 . Memory (MB): peak = 1448.977 ; gain = 0.000
Phase 1 Placer Initialization | Checksum: 188943a36

Time (s): cpu = 00:00:02 ; elapsed = 00:00:02 . Memory (MB): peak = 1448.977 ; gain = 0.000

Phase 2 Global Placement

Phase 2.1 Floorplanning
Phase 2.1 Floorplanning | Checksum: 2488998f9

Time (s): cpu = 00:00:03 ; elapsed = 00:00:02 . Memory (MB): peak = 1448.977 ; gain = 0.000

Phase 2.2 Global Placement Core

Phase 2.2.1 Physical Synthesis In Placer
INFO: [Physopt 32-775] End 1 Pass. Optimized 0 net or cell. Created 0 new cell, deleted 0 existing cell and moved 0 existing cell
INFO: [Physopt 32-65] No nets found for high-fanout optimization.
INFO: [Physopt 32-232] Optimized 0 net. Created 0 new instance.
INFO: [Physopt 32-775] End 1 Pass. Optimized 0 net or cell. Created 0 new cell, deleted 0 existing cell and moved 0 existing cell
INFO: [Physopt 32-670] No setup violation found.  DSP Register Optimization was not performed.
INFO: [Physopt 32-670] No setup violation found.  Shift Register to Pipeline Optimization was not performed.
INFO: [Physopt 32-670] No setup violation found.  Shift Register Optimization was not performed.
INFO: [Physopt 32-670] No setup violation found.  BRAM Register Optimization was not performed.
INFO: [Physopt 32-949] No candidate nets found for HD net replication
INFO: [Physopt 32-775] End 1 Pass. Optimized 0 net or cell. Created 0 new cell, deleted 0 existing cell and moved 0 existing cell
Netlist sorting complete. Time (s): cpu = 00:00:00 ; elapsed = 00:00:00 . Memory (MB): peak = 1448.977 ; gain = 0.000

Summary of Physical Synthesis Optimizations
============================================


-----------------------------------------------------------------------------------------------------------------------------------------------------------
|  Optimization                                     |  Added Cells  |  Removed Cells  |  Optimized Cells/Nets  |  Dont Touch  |  Iterations  |  Elapsed   |
-----------------------------------------------------------------------------------------------------------------------------------------------------------
|  LUT Combining                                    |            0  |              0  |                     0  |           0  |           1  |  00:00:00  |
|  Very High Fanout                                 |            0  |              0  |                     0  |           0  |           1  |  00:00:00  |
|  DSP Register                                     |            0  |              0  |                     0  |           0  |           0  |  00:00:00  |
|  Shift Register to Pipeline                       |            0  |              0  |                     0  |           0  |           0  |  00:00:00  |
|  Shift Register                                   |            0  |              0  |                     0  |           0  |           0  |  00:00:00  |
|  BRAM Register                                    |            0  |              0  |                     0  |           0  |           0  |  00:00:00  |
|  Dynamic/Static Region Interface Net Replication  |            0  |              0  |                     0  |           0  |           1  |  00:00:00  |
|  Total                                            |            0  |              0  |                     0  |           0  |           3  |  00:00:00  |
-----------------------------------------------------------------------------------------------------------------------------------------------------------


Phase 2.2.1 Physical Synthesis In Placer | Checksum: 17ac9e398

Time (s): cpu = 00:00:04 ; elapsed = 00:00:03 . Memory (MB): peak = 1448.977 ; gain = 0.000
Phase 2.2 Global Placement Core | Checksum: 1e760fea6

Time (s): cpu = 00:00:05 ; elapsed = 00:00:04 . Memory (MB): peak = 1448.977 ; gain = 0.000
Phase 2 Global Placement | Checksum: 1e760fea6

Time (s): cpu = 00:00:05 ; elapsed = 00:00:04 . Memory (MB): peak = 1448.977 ; gain = 0.000

Phase 3 Detail Placement

Phase 3.1 Commit Multi Column Macros
Phase 3.1 Commit Multi Column Macros | Checksum: 26eb96078

Time (s): cpu = 00:00:05 ; elapsed = 00:00:04 . Memory (MB): peak = 1448.977 ; gain = 0.000

Phase 3.2 Commit Most Macros & LUTRAMs
Phase 3.2 Commit Most Macros & LUTRAMs | Checksum: 123ee0028

Time (s): cpu = 00:00:05 ; elapsed = 00:00:04 . Memory (MB): peak = 1448.977 ; gain = 0.000

Phase 3.3 Area Swap Optimization
Phase 3.3 Area Swap Optimization | Checksum: 11f89e88b

Time (s): cpu = 00:00:05 ; elapsed = 00:00:04 . Memory (MB): peak = 1448.977 ; gain = 0.000

Phase 3.4 Pipeline Register Optimization
Phase 3.4 Pipeline Register Optimization | Checksum: 11f89e88b

Time (s): cpu = 00:00:05 ; elapsed = 00:00:04 . Memory (MB): peak = 1448.977 ; gain = 0.000

Phase 3.5 Small Shape Detail Placement
Phase 3.5 Small Shape Detail Placement | Checksum: c801e1a7

Time (s): cpu = 00:00:05 ; elapsed = 00:00:04 . Memory (MB): peak = 1448.977 ; gain = 0.000

Phase 3.6 Re-assign LUT pins
Phase 3.6 Re-assign LUT pins | Checksum: a38af3f5

Time (s): cpu = 00:00:05 ; elapsed = 00:00:04 . Memory (MB): peak = 1448.977 ; gain = 0.000

Phase 3.7 Pipeline Register Optimization
Phase 3.7 Pipeline Register Optimization | Checksum: a38af3f5

Time (s): cpu = 00:00:05 ; elapsed = 00:00:04 . Memory (MB): peak = 1448.977 ; gain = 0.000
Phase 3 Detail Placement | Checksum: a38af3f5

Time (s): cpu = 00:00:05 ; elapsed = 00:00:04 . Memory (MB): peak = 1448.977 ; gain = 0.000

Phase 4 Post Placement Optimization and Clean-Up

Phase 4.1 Post Commit Optimization
INFO: [Timing 38-35] Done setting XDC timing constraints.

Phase 4.1.1 Post Placement Optimization
Post Placement Optimization Initialization | Checksum: 169af52dd

Phase 4.1.1.1 BUFG Insertion
INFO: [Place 46-56] BUFG insertion identified 0 candidate nets. Inserted BUFG: 0, Replicated BUFG Driver: 0, Skipped due to Placement/Routing Conflicts: 0, Skipped due to Timing Degradation: 0, Skipped due to Illegal Netlist: 0.
Phase 4.1.1.1 BUFG Insertion | Checksum: 169af52dd

Time (s): cpu = 00:00:06 ; elapsed = 00:00:04 . Memory (MB): peak = 1458.578 ; gain = 9.602
INFO: [Place 30-746] Post Placement Timing Summary WNS=15.455. For the most accurate timing information please run report_timing.
Phase 4.1.1 Post Placement Optimization | Checksum: a6da3cf3

Time (s): cpu = 00:00:06 ; elapsed = 00:00:04 . Memory (MB): peak = 1458.578 ; gain = 9.602
Phase 4.1 Post Commit Optimization | Checksum: a6da3cf3

Time (s): cpu = 00:00:06 ; elapsed = 00:00:04 . Memory (MB): peak = 1458.578 ; gain = 9.602

Phase 4.2 Post Placement Cleanup
Phase 4.2 Post Placement Cleanup | Checksum: a6da3cf3

Time (s): cpu = 00:00:06 ; elapsed = 00:00:04 . Memory (MB): peak = 1458.578 ; gain = 9.602

Phase 4.3 Placer Reporting
Phase 4.3 Placer Reporting | Checksum: a6da3cf3

Time (s): cpu = 00:00:06 ; elapsed = 00:00:04 . Memory (MB): peak = 1458.578 ; gain = 9.602

Phase 4.4 Final Placement Cleanup
Netlist sorting complete. Time (s): cpu = 00:00:00 ; elapsed = 00:00:00 . Memory (MB): peak = 1458.578 ; gain = 0.000
Phase 4.4 Final Placement Cleanup | Checksum: 33360718

Time (s): cpu = 00:00:06 ; elapsed = 00:00:04 . Memory (MB): peak = 1458.578 ; gain = 9.602
Phase 4 Post Placement Optimization and Clean-Up | Checksum: 33360718

Time (s): cpu = 00:00:06 ; elapsed = 00:00:04 . Memory (MB): peak = 1458.578 ; gain = 9.602
Ending Placer Task | Checksum: 2ae56464

Time (s): cpu = 00:00:06 ; elapsed = 00:00:04 . Memory (MB): peak = 1458.578 ; gain = 9.602
INFO: [Common 17-83] Releasing license: Implementation
58 Infos, 0 Warnings, 0 Critical Warnings and 0 Errors encountered.
place_design completed successfully
place_design: Time (s): cpu = 00:00:10 ; elapsed = 00:00:07 . Memory (MB): peak = 1458.578 ; gain = 9.602
Netlist sorting complete. Time (s): cpu = 00:00:00 ; elapsed = 00:00:00 . Memory (MB): peak = 1458.578 ; gain = 0.000
INFO: [Timing 38-480] Writing timing data to binary archive.
Writing placer database...
Writing XDEF routing.
Writing XDEF routing logical nets.
Writing XDEF routing special nets.
Write XDEF Complete: Time (s): cpu = 00:00:00 ; elapsed = 00:00:00.155 . Memory (MB): peak = 1458.652 ; gain = 0.074
INFO: [Common 17-1381] The checkpoint 'F:/FPGA/FPGA/LED/LED.runs/impl_1/led_placed.dcp' has been generated.
INFO: [runtcl-4] Executing : report_io -file led_io_placed.rpt
report_io: Time (s): cpu = 00:00:00 ; elapsed = 00:00:00.122 . Memory (MB): peak = 1458.652 ; gain = 0.000
INFO: [runtcl-4] Executing : report_utilization -file led_utilization_placed.rpt -pb led_utilization_placed.pb
INFO: [runtcl-4] Executing : report_control_sets -verbose -file led_control_sets_placed.rpt
report_control_sets: Time (s): cpu = 00:00:00 ; elapsed = 00:00:00.004 . Memory (MB): peak = 1458.652 ; gain = 0.000
Command: phys_opt_design
Attempting to get a license for feature 'Implementation' and/or device 'xa7z020'
INFO: [Common 17-349] Got license for feature 'Implementation' and/or device 'xa7z020'
INFO: [Vivado_Tcl 4-383] Design worst setup slack (WNS) is greater than or equal to 0.250 ns. Skipping all physical synthesis optimizations.
INFO: [Vivado_Tcl 4-232] No setup violation found. The netlist was not modified.
INFO: [Common 17-83] Releasing license: Implementation
67 Infos, 0 Warnings, 0 Critical Warnings and 0 Errors encountered.
phys_opt_design completed successfully
Netlist sorting complete. Time (s): cpu = 00:00:00 ; elapsed = 00:00:00.001 . Memory (MB): peak = 1467.051 ; gain = 0.000
INFO: [Timing 38-480] Writing timing data to binary archive.
Writing placer database...
Writing XDEF routing.
Writing XDEF routing logical nets.
Writing XDEF routing special nets.
Write XDEF Complete: Time (s): cpu = 00:00:00 ; elapsed = 00:00:00.287 . Memory (MB): peak = 1484.930 ; gain = 17.879
INFO: [Common 17-1381] The checkpoint 'F:/FPGA/FPGA/LED/LED.runs/impl_1/led_physopt.dcp' has been generated.
Command: route_design
Attempting to get a license for feature 'Implementation' and/or device 'xa7z020'
INFO: [Common 17-349] Got license for feature 'Implementation' and/or device 'xa7z020'
Running DRC as a precondition to command route_design
INFO: [DRC 23-27] Running DRC with 2 threads
INFO: [Vivado_Tcl 4-198] DRC finished with 0 Errors
INFO: [Vivado_Tcl 4-199] Please refer to the DRC report (report_drc) for more information.


Starting Routing Task
INFO: [Route 35-254] Multithreading enabled for route_design using a maximum of 2 CPUs
Checksum: PlaceDB: 3fd6225 ConstDB: 0 ShapeSum: 26e8023f RouteDB: 0

Phase 1 Build RT Design
Phase 1 Build RT Design | Checksum: 136518cfc

Time (s): cpu = 00:01:12 ; elapsed = 00:01:10 . Memory (MB): peak = 1590.887 ; gain = 96.898
Post Restoration Checksum: NetGraph: 7bb4f146 NumContArr: ba9c9bb6 Constraints: 0 Timing: 0

Phase 2 Router Initialization

Phase 2.1 Create Timer
Phase 2.1 Create Timer | Checksum: 136518cfc

Time (s): cpu = 00:01:12 ; elapsed = 00:01:10 . Memory (MB): peak = 1590.887 ; gain = 96.898

Phase 2.2 Fix Topology Constraints
Phase 2.2 Fix Topology Constraints | Checksum: 136518cfc

Time (s): cpu = 00:01:12 ; elapsed = 00:01:10 . Memory (MB): peak = 1597.363 ; gain = 103.375

Phase 2.3 Pre Route Cleanup
Phase 2.3 Pre Route Cleanup | Checksum: 136518cfc

Time (s): cpu = 00:01:12 ; elapsed = 00:01:10 . Memory (MB): peak = 1597.363 ; gain = 103.375
 Number of Nodes with overlaps = 0

Phase 2.4 Update Timing
Phase 2.4 Update Timing | Checksum: 143a1f062

Time (s): cpu = 00:01:13 ; elapsed = 00:01:11 . Memory (MB): peak = 1617.230 ; gain = 123.242
INFO: [Route 35-416] Intermediate Timing Summary | WNS=15.456 | TNS=0.000  | WHS=-0.058 | THS=-0.405 |

Phase 2 Router Initialization | Checksum: 1d3a99147

Time (s): cpu = 00:01:13 ; elapsed = 00:01:11 . Memory (MB): peak = 1617.230 ; gain = 123.242

Router Utilization Summary
  Global Vertical Routing Utilization    = 0 %
  Global Horizontal Routing Utilization  = 0 %
  Routable Net Status*
  *Does not include unroutable nets such as driverless and loadless.
  Run report_route_status for detailed report.
  Number of Failed Nets               = 47
    (Failed Nets is the sum of unrouted and partially routed nets)
  Number of Unrouted Nets             = 47
  Number of Partially Routed Nets     = 0
  Number of Node Overlaps             = 0


Phase 3 Initial Routing
Phase 3 Initial Routing | Checksum: 17dd2201b

Time (s): cpu = 00:01:13 ; elapsed = 00:01:11 . Memory (MB): peak = 1617.230 ; gain = 123.242

Phase 4 Rip-up And Reroute

Phase 4.1 Global Iteration 0
 Number of Nodes with overlaps = 4
 Number of Nodes with overlaps = 0
INFO: [Route 35-416] Intermediate Timing Summary | WNS=15.262 | TNS=0.000  | WHS=N/A    | THS=N/A    |

Phase 4.1 Global Iteration 0 | Checksum: 13fcb7d39

Time (s): cpu = 00:01:14 ; elapsed = 00:01:11 . Memory (MB): peak = 1617.230 ; gain = 123.242
Phase 4 Rip-up And Reroute | Checksum: 13fcb7d39

Time (s): cpu = 00:01:14 ; elapsed = 00:01:12 . Memory (MB): peak = 1617.230 ; gain = 123.242

Phase 5 Delay and Skew Optimization

Phase 5.1 Delay CleanUp
Phase 5.1 Delay CleanUp | Checksum: 13fcb7d39

Time (s): cpu = 00:01:14 ; elapsed = 00:01:12 . Memory (MB): peak = 1617.230 ; gain = 123.242

Phase 5.2 Clock Skew Optimization
Phase 5.2 Clock Skew Optimization | Checksum: 13fcb7d39

Time (s): cpu = 00:01:14 ; elapsed = 00:01:12 . Memory (MB): peak = 1617.230 ; gain = 123.242
Phase 5 Delay and Skew Optimization | Checksum: 13fcb7d39

Time (s): cpu = 00:01:14 ; elapsed = 00:01:12 . Memory (MB): peak = 1617.230 ; gain = 123.242

Phase 6 Post Hold Fix

Phase 6.1 Hold Fix Iter

Phase 6.1.1 Update Timing
Phase 6.1.1 Update Timing | Checksum: 1d74d80ce

Time (s): cpu = 00:01:14 ; elapsed = 00:01:12 . Memory (MB): peak = 1617.230 ; gain = 123.242
INFO: [Route 35-416] Intermediate Timing Summary | WNS=15.323 | TNS=0.000  | WHS=0.082  | THS=0.000  |

Phase 6.1 Hold Fix Iter | Checksum: 1d74d80ce

Time (s): cpu = 00:01:14 ; elapsed = 00:01:12 . Memory (MB): peak = 1617.230 ; gain = 123.242
Phase 6 Post Hold Fix | Checksum: 1d74d80ce

Time (s): cpu = 00:01:14 ; elapsed = 00:01:12 . Memory (MB): peak = 1617.230 ; gain = 123.242

Phase 7 Route finalize

Router Utilization Summary
  Global Vertical Routing Utilization    = 0.00393497 %
  Global Horizontal Routing Utilization  = 0.00228195 %
  Routable Net Status*
  *Does not include unroutable nets such as driverless and loadless.
  Run report_route_status for detailed report.
  Number of Failed Nets               = 0
    (Failed Nets is the sum of unrouted and partially routed nets)
  Number of Unrouted Nets             = 0
  Number of Partially Routed Nets     = 0
  Number of Node Overlaps             = 0

Phase 7 Route finalize | Checksum: 20c5c06b2

Time (s): cpu = 00:01:14 ; elapsed = 00:01:12 . Memory (MB): peak = 1617.230 ; gain = 123.242

Phase 8 Verifying routed nets

 Verification completed successfully
Phase 8 Verifying routed nets | Checksum: 20c5c06b2

Time (s): cpu = 00:01:14 ; elapsed = 00:01:12 . Memory (MB): peak = 1617.230 ; gain = 123.242

Phase 9 Depositing Routes
Phase 9 Depositing Routes | Checksum: 1fb17a8cc

Time (s): cpu = 00:01:14 ; elapsed = 00:01:12 . Memory (MB): peak = 1617.230 ; gain = 123.242

Phase 10 Post Router Timing
INFO: [Route 35-57] Estimated Timing Summary | WNS=15.323 | TNS=0.000  | WHS=0.082  | THS=0.000  |

INFO: [Route 35-327] The final timing numbers are based on the router estimated timing analysis. For a complete and accurate timing signoff, please run report_timing_summary.
Phase 10 Post Router Timing | Checksum: 1fb17a8cc

Time (s): cpu = 00:01:14 ; elapsed = 00:01:12 . Memory (MB): peak = 1617.230 ; gain = 123.242
INFO: [Route 35-16] Router Completed Successfully

Time (s): cpu = 00:01:14 ; elapsed = 00:01:12 . Memory (MB): peak = 1617.230 ; gain = 123.242

Routing Is Done.
INFO: [Common 17-83] Releasing license: Implementation
81 Infos, 0 Warnings, 0 Critical Warnings and 0 Errors encountered.
route_design completed successfully
route_design: Time (s): cpu = 00:01:19 ; elapsed = 00:01:14 . Memory (MB): peak = 1617.230 ; gain = 132.301
Netlist sorting complete. Time (s): cpu = 00:00:00 ; elapsed = 00:00:00 . Memory (MB): peak = 1617.230 ; gain = 0.000
INFO: [Timing 38-480] Writing timing data to binary archive.
Writing placer database...
Writing XDEF routing.
Writing XDEF routing logical nets.
Writing XDEF routing special nets.
Write XDEF Complete: Time (s): cpu = 00:00:00 ; elapsed = 00:00:00.296 . Memory (MB): peak = 1622.328 ; gain = 5.098
INFO: [Common 17-1381] The checkpoint 'F:/FPGA/FPGA/LED/LED.runs/impl_1/led_routed.dcp' has been generated.
INFO: [runtcl-4] Executing : report_drc -file led_drc_routed.rpt -pb led_drc_routed.pb -rpx led_drc_routed.rpx
Command: report_drc -file led_drc_routed.rpt -pb led_drc_routed.pb -rpx led_drc_routed.rpx
INFO: [IP_Flow 19-1839] IP Catalog is up to date.
INFO: [DRC 23-27] Running DRC with 2 threads
INFO: [Coretcl 2-168] The results of DRC are in file F:/FPGA/FPGA/LED/LED.runs/impl_1/led_drc_routed.rpt.
report_drc completed successfully
INFO: [runtcl-4] Executing : report_methodology -file led_methodology_drc_routed.rpt -pb led_methodology_drc_routed.pb -rpx led_methodology_drc_routed.rpx
Command: report_methodology -file led_methodology_drc_routed.rpt -pb led_methodology_drc_routed.pb -rpx led_methodology_drc_routed.rpx
INFO: [Timing 38-35] Done setting XDC timing constraints.
INFO: [DRC 23-133] Running Methodology with 2 threads
INFO: [Coretcl 2-1520] The results of Report Methodology are in file F:/FPGA/FPGA/LED/LED.runs/impl_1/led_methodology_drc_routed.rpt.
report_methodology completed successfully
INFO: [runtcl-4] Executing : report_power -file led_power_routed.rpt -pb led_power_summary_routed.pb -rpx led_power_routed.rpx
Command: report_power -file led_power_routed.rpt -pb led_power_summary_routed.pb -rpx led_power_routed.rpx
INFO: [Timing 38-35] Done setting XDC timing constraints.
Running Vector-less Activity Propagation...

Finished Running Vector-less Activity Propagation
93 Infos, 0 Warnings, 0 Critical Warnings and 0 Errors encountered.
report_power completed successfully
INFO: [runtcl-4] Executing : report_route_status -file led_route_status.rpt -pb led_route_status.pb
INFO: [runtcl-4] Executing : report_timing_summary -max_paths 10 -file led_timing_summary_routed.rpt -pb led_timing_summary_routed.pb -rpx led_timing_summary_routed.rpx -warn_on_violation 
INFO: [Timing 38-91] UpdateTimingParams: Speed grade: -1Q, Delay Type: min_max.
INFO: [Timing 38-191] Multithreading enabled for timing update using a maximum of 2 CPUs
INFO: [runtcl-4] Executing : report_incremental_reuse -file led_incremental_reuse_routed.rpt
INFO: [Vivado_Tcl 4-1062] Incremental flow is disabled. No incremental reuse Info to report.
INFO: [runtcl-4] Executing : report_clock_utilization -file led_clock_utilization_routed.rpt
INFO: [runtcl-4] Executing : report_bus_skew -warn_on_violation -file led_bus_skew_routed.rpt -pb led_bus_skew_routed.pb -rpx led_bus_skew_routed.rpx
INFO: [Timing 38-91] UpdateTimingParams: Speed grade: -1Q, Delay Type: min_max.
INFO: [Timing 38-191] Multithreading enabled for timing update using a maximum of 2 CPUs
Command: write_bitstream -force led.bit
Attempting to get a license for feature 'Implementation' and/or device 'xa7z020'
INFO: [Common 17-349] Got license for feature 'Implementation' and/or device 'xa7z020'
Running DRC as a precondition to command write_bitstream
INFO: [IP_Flow 19-1839] IP Catalog is up to date.
INFO: [DRC 23-27] Running DRC with 2 threads
WARNING: [DRC ZPS7-1] PS7 block required: The PS7 cell must be used in this Zynq design in order to enable correct default configuration.
INFO: [Vivado 12-3199] DRC finished with 0 Errors, 1 Warnings
INFO: [Vivado 12-3200] Please refer to the DRC report (report_drc) for more information.
INFO: [Designutils 20-2272] Running write_bitstream with 2 threads.
Loading data files...
Loading site data...
Loading route data...
Processing options...
Creating bitmap...
Creating bitstream...
Writing bitstream ./led.bit...
INFO: [Vivado 12-1842] Bitgen Completed Successfully.
INFO: [Project 1-120] WebTalk data collection is mandatory when using a WebPACK part without a full Vivado license. To see the specific WebTalk data collected for your design, open the usage_statistics_webtalk.html or usage_statistics_webtalk.xml file in the implementation directory.
INFO: [Common 17-186] 'F:/FPGA/FPGA/LED/LED.runs/impl_1/usage_statistics_webtalk.xml' has been successfully sent to Xilinx on Sun Jun  4 15:07:08 2023. For additional details about this file, please refer to the WebTalk help file at D:/Software/Vivado/Vivado/2019.2/doc/webtalk_introduction.html.
INFO: [Common 17-83] Releasing license: Implementation
113 Infos, 1 Warnings, 0 Critical Warnings and 0 Errors encountered.
write_bitstream completed successfully
write_bitstream: Time (s): cpu = 00:00:26 ; elapsed = 00:00:29 . Memory (MB): peak = 2063.719 ; gain = 411.391
INFO: [Common 17-206] Exiting Vivado at Sun Jun  4 15:07:08 2023...
