#! /c/Source/iverilog-install/bin/vvp
:ivl_version "12.0 (devel)" "(s20150603-1539-g2693dd32b)";
:ivl_delay_selection "TYPICAL";
:vpi_time_precision - 9;
:vpi_module "D:\Software\iverilog\lib\ivl\system.vpi";
:vpi_module "D:\Software\iverilog\lib\ivl\vhdl_sys.vpi";
:vpi_module "D:\Software\iverilog\lib\ivl\vhdl_textio.vpi";
:vpi_module "D:\Software\iverilog\lib\ivl\v2005_math.vpi";
:vpi_module "D:\Software\iverilog\lib\ivl\va_math.vpi";
S_0000026b011cca40 .scope module, "Trotter_top" "Trotter_top" 2 24;
 .timescale -9 -9;
P_0000026b011c3e30 .param/l "Idle" 0 2 34, C4<11111111>;
P_0000026b011c3e68 .param/l "Special" 0 2 35, C4<11110000>;
v0000026b0125a470_0 .net "Y_out", 7 0, L_0000026b011dfbb0;  1 drivers
v0000026b0125a510_0 .var "rst_n", 0 0;
v0000026b0125a970_0 .var "sys_clk", 0 0;
v0000026b0125a650_0 .var "sys_sel", 1 0;
S_0000026b011ccbd0 .scope module, "Trotter" "Trotter" 2 48, 3 21 0, S_0000026b011cca40;
 .timescale -9 -9;
    .port_info 0 /INPUT 2 "S";
    .port_info 1 /INPUT 1 "sys_clk";
    .port_info 2 /INPUT 1 "rst_n";
    .port_info 3 /OUTPUT 8 "L";
P_0000026b01131780 .param/l "Count_time" 0 3 49, +C4<00000000000000000000000001100100>;
P_0000026b011317b8 .param/l "Idle" 0 3 46, C4<00000000>;
P_0000026b011317f0 .param/l "Special" 0 3 47, C4<11110000>;
P_0000026b01131828 .param/l "model_1" 0 3 37, C4<00>;
P_0000026b01131860 .param/l "model_2" 0 3 38, C4<01>;
P_0000026b01131898 .param/l "model_3" 0 3 39, C4<10>;
P_0000026b011318d0 .param/l "model_4" 0 3 40, C4<11>;
P_0000026b01131908 .param/l "model_temp1" 0 3 41, C4<100>;
P_0000026b01131940 .param/l "model_temp2" 0 3 42, C4<101>;
P_0000026b01131978 .param/l "model_temp3" 0 3 43, C4<110>;
P_0000026b011319b0 .param/l "model_temp4" 0 3 44, C4<111>;
L_0000026b011dfbb0 .functor BUFZ 8, v0000026b011319f0_0, C4<00000000>, C4<00000000>, C4<00000000>;
v0000026b01131ef0_0 .net "L", 7 0, L_0000026b011dfbb0;  alias, 1 drivers
v0000026b01132110_0 .net "S", 1 0, v0000026b0125a650_0;  1 drivers
v0000026b011319f0_0 .var "Y", 7 0;
v0000026b01131a90_0 .var "count", 31 0;
v0000026b01131b30_0 .var "i", 31 0;
v0000026b01259430_0 .var "repeat_2", 0 0;
v0000026b012594d0_0 .var "repeat_7", 7 0;
v0000026b01259570_0 .net "rst_n", 0 0, v0000026b0125a510_0;  1 drivers
v0000026b01259610_0 .var "sel", 2 0;
v0000026b012596b0_0 .net "sys_clk", 0 0, v0000026b0125a970_0;  1 drivers
E_0000026b011f8670/0 .event negedge, v0000026b01259570_0;
E_0000026b011f8670/1 .event posedge, v0000026b012596b0_0;
E_0000026b011f8670 .event/or E_0000026b011f8670/0, E_0000026b011f8670/1;
S_0000026b01259750 .scope autotask, "my_task_model1" "my_task_model1" 2 74, 2 74 0, S_0000026b011cca40;
 .timescale -9 -9;
v0000026b012598e0_0 .var "Max_repeat", 31 0;
v0000026b01259980_0 .var "in_state", 2 0;
v0000026b01259a20_0 .var "out_state", 2 0;
v0000026b01259ac0_0 .var "repeat_count", 31 0;
v0000026b01259cf0_0 .var "task_Y", 8 0;
v0000026b0125a150_0 .var "task_count", 31 0;
TD_Trotter_top.my_task_model1 ;
    %load/vec4 v0000026b01259ac0_0;
    %dup/vec4;
    %pushi/vec4 0, 0, 32;
    %cmp/u;
    %jmp/1 T_0.0, 6;
    %dup/vec4;
    %pushi/vec4 1, 0, 32;
    %cmp/u;
    %jmp/1 T_0.1, 6;
    %dup/vec4;
    %pushi/vec4 2, 0, 32;
    %cmp/u;
    %jmp/1 T_0.2, 6;
    %dup/vec4;
    %pushi/vec4 3, 0, 32;
    %cmp/u;
    %jmp/1 T_0.3, 6;
    %dup/vec4;
    %pushi/vec4 4, 0, 32;
    %cmp/u;
    %jmp/1 T_0.4, 6;
    %dup/vec4;
    %pushi/vec4 5, 0, 32;
    %cmp/u;
    %jmp/1 T_0.5, 6;
    %dup/vec4;
    %pushi/vec4 6, 0, 32;
    %cmp/u;
    %jmp/1 T_0.6, 6;
    %dup/vec4;
    %pushi/vec4 7, 0, 32;
    %cmp/u;
    %jmp/1 T_0.7, 6;
    %dup/vec4;
    %pushi/vec4 8, 0, 32;
    %cmp/u;
    %jmp/1 T_0.8, 6;
    %dup/vec4;
    %pushi/vec4 9, 0, 32;
    %cmp/u;
    %jmp/1 T_0.9, 6;
    %dup/vec4;
    %pushi/vec4 10, 0, 32;
    %cmp/u;
    %jmp/1 T_0.10, 6;
    %dup/vec4;
    %pushi/vec4 11, 0, 32;
    %cmp/u;
    %jmp/1 T_0.11, 6;
    %dup/vec4;
    %pushi/vec4 12, 0, 32;
    %cmp/u;
    %jmp/1 T_0.12, 6;
    %dup/vec4;
    %pushi/vec4 13, 0, 32;
    %cmp/u;
    %jmp/1 T_0.13, 6;
    %dup/vec4;
    %pushi/vec4 14, 0, 32;
    %cmp/u;
    %jmp/1 T_0.14, 6;
    %dup/vec4;
    %pushi/vec4 15, 0, 32;
    %cmp/u;
    %jmp/1 T_0.15, 6;
    %load/vec4 v0000026b01259980_0;
    %store/vec4 v0000026b01259a20_0, 0, 3;
    %pushi/vec4 0, 0, 32;
    %store/vec4 v0000026b01259ac0_0, 0, 32;
    %jmp T_0.17;
T_0.0 ;
    %alloc S_0000026b0125ae90;
    %load/vec4 v0000026b0125a150_0;
    %store/vec4 v0000026b0125a8d0_0, 0, 32;
    %load/vec4 v0000026b01259ac0_0;
    %store/vec4 v0000026b0125a5b0_0, 0, 32;
    %load/vec4 v0000026b012598e0_0;
    %store/vec4 v0000026b0125a3d0_0, 0, 32;
    %fork TD_Trotter_top.task_counter, S_0000026b0125ae90;
    %join;
    %load/vec4 v0000026b0125a5b0_0;
    %store/vec4 v0000026b01259ac0_0, 0, 32;
    %free S_0000026b0125ae90;
    %load/vec4 v0000026b01259cf0_0;
    %pushi/vec4 8, 0, 32;
    %load/vec4 v0000026b01259ac0_0;
    %sub;
    %part/u 1;
    %pad/u 2;
    %pushi/vec4 1, 0, 2;
    %xor;
    %pad/u 1;
    %pushi/vec4 8, 0, 32;
    %load/vec4 v0000026b01259ac0_0;
    %sub;
    %ix/vec4 4;
    %store/vec4 v0000026b01259cf0_0, 4, 1;
    %jmp T_0.17;
T_0.1 ;
    %alloc S_0000026b0125ae90;
    %load/vec4 v0000026b0125a150_0;
    %store/vec4 v0000026b0125a8d0_0, 0, 32;
    %load/vec4 v0000026b01259ac0_0;
    %store/vec4 v0000026b0125a5b0_0, 0, 32;
    %load/vec4 v0000026b012598e0_0;
    %store/vec4 v0000026b0125a3d0_0, 0, 32;
    %fork TD_Trotter_top.task_counter, S_0000026b0125ae90;
    %join;
    %load/vec4 v0000026b0125a5b0_0;
    %store/vec4 v0000026b01259ac0_0, 0, 32;
    %free S_0000026b0125ae90;
    %load/vec4 v0000026b01259cf0_0;
    %pushi/vec4 8, 0, 32;
    %load/vec4 v0000026b01259ac0_0;
    %sub;
    %part/u 1;
    %pad/u 2;
    %pushi/vec4 1, 0, 2;
    %xor;
    %pad/u 1;
    %pushi/vec4 8, 0, 32;
    %load/vec4 v0000026b01259ac0_0;
    %sub;
    %ix/vec4 4;
    %store/vec4 v0000026b01259cf0_0, 4, 1;
    %jmp T_0.17;
T_0.2 ;
    %alloc S_0000026b0125ae90;
    %load/vec4 v0000026b0125a150_0;
    %store/vec4 v0000026b0125a8d0_0, 0, 32;
    %load/vec4 v0000026b01259ac0_0;
    %store/vec4 v0000026b0125a5b0_0, 0, 32;
    %load/vec4 v0000026b012598e0_0;
    %store/vec4 v0000026b0125a3d0_0, 0, 32;
    %fork TD_Trotter_top.task_counter, S_0000026b0125ae90;
    %join;
    %load/vec4 v0000026b0125a5b0_0;
    %store/vec4 v0000026b01259ac0_0, 0, 32;
    %free S_0000026b0125ae90;
    %load/vec4 v0000026b01259cf0_0;
    %pushi/vec4 8, 0, 32;
    %load/vec4 v0000026b01259ac0_0;
    %sub;
    %part/u 1;
    %pad/u 2;
    %pushi/vec4 1, 0, 2;
    %xor;
    %pad/u 1;
    %pushi/vec4 8, 0, 32;
    %load/vec4 v0000026b01259ac0_0;
    %sub;
    %ix/vec4 4;
    %store/vec4 v0000026b01259cf0_0, 4, 1;
    %jmp T_0.17;
T_0.3 ;
    %alloc S_0000026b0125ae90;
    %load/vec4 v0000026b0125a150_0;
    %store/vec4 v0000026b0125a8d0_0, 0, 32;
    %load/vec4 v0000026b01259ac0_0;
    %store/vec4 v0000026b0125a5b0_0, 0, 32;
    %load/vec4 v0000026b012598e0_0;
    %store/vec4 v0000026b0125a3d0_0, 0, 32;
    %fork TD_Trotter_top.task_counter, S_0000026b0125ae90;
    %join;
    %load/vec4 v0000026b0125a5b0_0;
    %store/vec4 v0000026b01259ac0_0, 0, 32;
    %free S_0000026b0125ae90;
    %load/vec4 v0000026b01259cf0_0;
    %pushi/vec4 8, 0, 32;
    %load/vec4 v0000026b01259ac0_0;
    %sub;
    %part/u 1;
    %pad/u 2;
    %pushi/vec4 1, 0, 2;
    %xor;
    %pad/u 1;
    %pushi/vec4 8, 0, 32;
    %load/vec4 v0000026b01259ac0_0;
    %sub;
    %ix/vec4 4;
    %store/vec4 v0000026b01259cf0_0, 4, 1;
    %jmp T_0.17;
T_0.4 ;
    %alloc S_0000026b0125ae90;
    %load/vec4 v0000026b0125a150_0;
    %store/vec4 v0000026b0125a8d0_0, 0, 32;
    %load/vec4 v0000026b01259ac0_0;
    %store/vec4 v0000026b0125a5b0_0, 0, 32;
    %load/vec4 v0000026b012598e0_0;
    %store/vec4 v0000026b0125a3d0_0, 0, 32;
    %fork TD_Trotter_top.task_counter, S_0000026b0125ae90;
    %join;
    %load/vec4 v0000026b0125a5b0_0;
    %store/vec4 v0000026b01259ac0_0, 0, 32;
    %free S_0000026b0125ae90;
    %load/vec4 v0000026b01259cf0_0;
    %pushi/vec4 8, 0, 32;
    %load/vec4 v0000026b01259ac0_0;
    %sub;
    %part/u 1;
    %pad/u 2;
    %pushi/vec4 1, 0, 2;
    %xor;
    %pad/u 1;
    %pushi/vec4 8, 0, 32;
    %load/vec4 v0000026b01259ac0_0;
    %sub;
    %ix/vec4 4;
    %store/vec4 v0000026b01259cf0_0, 4, 1;
    %jmp T_0.17;
T_0.5 ;
    %alloc S_0000026b0125ae90;
    %load/vec4 v0000026b0125a150_0;
    %store/vec4 v0000026b0125a8d0_0, 0, 32;
    %load/vec4 v0000026b01259ac0_0;
    %store/vec4 v0000026b0125a5b0_0, 0, 32;
    %load/vec4 v0000026b012598e0_0;
    %store/vec4 v0000026b0125a3d0_0, 0, 32;
    %fork TD_Trotter_top.task_counter, S_0000026b0125ae90;
    %join;
    %load/vec4 v0000026b0125a5b0_0;
    %store/vec4 v0000026b01259ac0_0, 0, 32;
    %free S_0000026b0125ae90;
    %load/vec4 v0000026b01259cf0_0;
    %pushi/vec4 8, 0, 32;
    %load/vec4 v0000026b01259ac0_0;
    %sub;
    %part/u 1;
    %pad/u 2;
    %pushi/vec4 1, 0, 2;
    %xor;
    %pad/u 1;
    %pushi/vec4 8, 0, 32;
    %load/vec4 v0000026b01259ac0_0;
    %sub;
    %ix/vec4 4;
    %store/vec4 v0000026b01259cf0_0, 4, 1;
    %jmp T_0.17;
T_0.6 ;
    %alloc S_0000026b0125ae90;
    %load/vec4 v0000026b0125a150_0;
    %store/vec4 v0000026b0125a8d0_0, 0, 32;
    %load/vec4 v0000026b01259ac0_0;
    %store/vec4 v0000026b0125a5b0_0, 0, 32;
    %load/vec4 v0000026b012598e0_0;
    %store/vec4 v0000026b0125a3d0_0, 0, 32;
    %fork TD_Trotter_top.task_counter, S_0000026b0125ae90;
    %join;
    %load/vec4 v0000026b0125a5b0_0;
    %store/vec4 v0000026b01259ac0_0, 0, 32;
    %free S_0000026b0125ae90;
    %load/vec4 v0000026b01259cf0_0;
    %pushi/vec4 8, 0, 32;
    %load/vec4 v0000026b01259ac0_0;
    %sub;
    %part/u 1;
    %pad/u 2;
    %pushi/vec4 1, 0, 2;
    %xor;
    %pad/u 1;
    %pushi/vec4 8, 0, 32;
    %load/vec4 v0000026b01259ac0_0;
    %sub;
    %ix/vec4 4;
    %store/vec4 v0000026b01259cf0_0, 4, 1;
    %jmp T_0.17;
T_0.7 ;
    %alloc S_0000026b0125ae90;
    %load/vec4 v0000026b0125a150_0;
    %store/vec4 v0000026b0125a8d0_0, 0, 32;
    %load/vec4 v0000026b01259ac0_0;
    %store/vec4 v0000026b0125a5b0_0, 0, 32;
    %load/vec4 v0000026b012598e0_0;
    %store/vec4 v0000026b0125a3d0_0, 0, 32;
    %fork TD_Trotter_top.task_counter, S_0000026b0125ae90;
    %join;
    %load/vec4 v0000026b0125a5b0_0;
    %store/vec4 v0000026b01259ac0_0, 0, 32;
    %free S_0000026b0125ae90;
    %load/vec4 v0000026b01259cf0_0;
    %pushi/vec4 8, 0, 32;
    %load/vec4 v0000026b01259ac0_0;
    %sub;
    %part/u 1;
    %pad/u 2;
    %pushi/vec4 1, 0, 2;
    %xor;
    %pad/u 1;
    %pushi/vec4 8, 0, 32;
    %load/vec4 v0000026b01259ac0_0;
    %sub;
    %ix/vec4 4;
    %store/vec4 v0000026b01259cf0_0, 4, 1;
    %jmp T_0.17;
T_0.8 ;
    %load/vec4 v0000026b01259cf0_0;
    %pushi/vec4 15, 0, 32;
    %load/vec4 v0000026b01259ac0_0;
    %sub;
    %part/u 1;
    %pad/u 2;
    %pushi/vec4 1, 0, 2;
    %xor;
    %pad/u 1;
    %pushi/vec4 15, 0, 32;
    %load/vec4 v0000026b01259ac0_0;
    %sub;
    %ix/vec4 4;
    %store/vec4 v0000026b01259cf0_0, 4, 1;
    %alloc S_0000026b0125ae90;
    %load/vec4 v0000026b0125a150_0;
    %store/vec4 v0000026b0125a8d0_0, 0, 32;
    %load/vec4 v0000026b01259ac0_0;
    %store/vec4 v0000026b0125a5b0_0, 0, 32;
    %load/vec4 v0000026b012598e0_0;
    %store/vec4 v0000026b0125a3d0_0, 0, 32;
    %fork TD_Trotter_top.task_counter, S_0000026b0125ae90;
    %join;
    %load/vec4 v0000026b0125a5b0_0;
    %store/vec4 v0000026b01259ac0_0, 0, 32;
    %free S_0000026b0125ae90;
    %jmp T_0.17;
T_0.9 ;
    %load/vec4 v0000026b01259cf0_0;
    %pushi/vec4 15, 0, 32;
    %load/vec4 v0000026b01259ac0_0;
    %sub;
    %part/u 1;
    %pad/u 2;
    %pushi/vec4 1, 0, 2;
    %xor;
    %pad/u 1;
    %pushi/vec4 15, 0, 32;
    %load/vec4 v0000026b01259ac0_0;
    %sub;
    %ix/vec4 4;
    %store/vec4 v0000026b01259cf0_0, 4, 1;
    %alloc S_0000026b0125ae90;
    %load/vec4 v0000026b0125a150_0;
    %store/vec4 v0000026b0125a8d0_0, 0, 32;
    %load/vec4 v0000026b01259ac0_0;
    %store/vec4 v0000026b0125a5b0_0, 0, 32;
    %load/vec4 v0000026b012598e0_0;
    %store/vec4 v0000026b0125a3d0_0, 0, 32;
    %fork TD_Trotter_top.task_counter, S_0000026b0125ae90;
    %join;
    %load/vec4 v0000026b0125a5b0_0;
    %store/vec4 v0000026b01259ac0_0, 0, 32;
    %free S_0000026b0125ae90;
    %jmp T_0.17;
T_0.10 ;
    %load/vec4 v0000026b01259cf0_0;
    %pushi/vec4 15, 0, 32;
    %load/vec4 v0000026b01259ac0_0;
    %sub;
    %part/u 1;
    %pad/u 2;
    %pushi/vec4 1, 0, 2;
    %xor;
    %pad/u 1;
    %pushi/vec4 15, 0, 32;
    %load/vec4 v0000026b01259ac0_0;
    %sub;
    %ix/vec4 4;
    %store/vec4 v0000026b01259cf0_0, 4, 1;
    %alloc S_0000026b0125ae90;
    %load/vec4 v0000026b0125a150_0;
    %store/vec4 v0000026b0125a8d0_0, 0, 32;
    %load/vec4 v0000026b01259ac0_0;
    %store/vec4 v0000026b0125a5b0_0, 0, 32;
    %load/vec4 v0000026b012598e0_0;
    %store/vec4 v0000026b0125a3d0_0, 0, 32;
    %fork TD_Trotter_top.task_counter, S_0000026b0125ae90;
    %join;
    %load/vec4 v0000026b0125a5b0_0;
    %store/vec4 v0000026b01259ac0_0, 0, 32;
    %free S_0000026b0125ae90;
    %jmp T_0.17;
T_0.11 ;
    %load/vec4 v0000026b01259cf0_0;
    %pushi/vec4 15, 0, 32;
    %load/vec4 v0000026b01259ac0_0;
    %sub;
    %part/u 1;
    %pad/u 2;
    %pushi/vec4 1, 0, 2;
    %xor;
    %pad/u 1;
    %pushi/vec4 15, 0, 32;
    %load/vec4 v0000026b01259ac0_0;
    %sub;
    %ix/vec4 4;
    %store/vec4 v0000026b01259cf0_0, 4, 1;
    %alloc S_0000026b0125ae90;
    %load/vec4 v0000026b0125a150_0;
    %store/vec4 v0000026b0125a8d0_0, 0, 32;
    %load/vec4 v0000026b01259ac0_0;
    %store/vec4 v0000026b0125a5b0_0, 0, 32;
    %load/vec4 v0000026b012598e0_0;
    %store/vec4 v0000026b0125a3d0_0, 0, 32;
    %fork TD_Trotter_top.task_counter, S_0000026b0125ae90;
    %join;
    %load/vec4 v0000026b0125a5b0_0;
    %store/vec4 v0000026b01259ac0_0, 0, 32;
    %free S_0000026b0125ae90;
    %jmp T_0.17;
T_0.12 ;
    %load/vec4 v0000026b01259cf0_0;
    %pushi/vec4 15, 0, 32;
    %load/vec4 v0000026b01259ac0_0;
    %sub;
    %part/u 1;
    %pad/u 2;
    %pushi/vec4 1, 0, 2;
    %xor;
    %pad/u 1;
    %pushi/vec4 15, 0, 32;
    %load/vec4 v0000026b01259ac0_0;
    %sub;
    %ix/vec4 4;
    %store/vec4 v0000026b01259cf0_0, 4, 1;
    %alloc S_0000026b0125ae90;
    %load/vec4 v0000026b0125a150_0;
    %store/vec4 v0000026b0125a8d0_0, 0, 32;
    %load/vec4 v0000026b01259ac0_0;
    %store/vec4 v0000026b0125a5b0_0, 0, 32;
    %load/vec4 v0000026b012598e0_0;
    %store/vec4 v0000026b0125a3d0_0, 0, 32;
    %fork TD_Trotter_top.task_counter, S_0000026b0125ae90;
    %join;
    %load/vec4 v0000026b0125a5b0_0;
    %store/vec4 v0000026b01259ac0_0, 0, 32;
    %free S_0000026b0125ae90;
    %jmp T_0.17;
T_0.13 ;
    %load/vec4 v0000026b01259cf0_0;
    %pushi/vec4 15, 0, 32;
    %load/vec4 v0000026b01259ac0_0;
    %sub;
    %part/u 1;
    %pad/u 2;
    %pushi/vec4 1, 0, 2;
    %xor;
    %pad/u 1;
    %pushi/vec4 15, 0, 32;
    %load/vec4 v0000026b01259ac0_0;
    %sub;
    %ix/vec4 4;
    %store/vec4 v0000026b01259cf0_0, 4, 1;
    %alloc S_0000026b0125ae90;
    %load/vec4 v0000026b0125a150_0;
    %store/vec4 v0000026b0125a8d0_0, 0, 32;
    %load/vec4 v0000026b01259ac0_0;
    %store/vec4 v0000026b0125a5b0_0, 0, 32;
    %load/vec4 v0000026b012598e0_0;
    %store/vec4 v0000026b0125a3d0_0, 0, 32;
    %fork TD_Trotter_top.task_counter, S_0000026b0125ae90;
    %join;
    %load/vec4 v0000026b0125a5b0_0;
    %store/vec4 v0000026b01259ac0_0, 0, 32;
    %free S_0000026b0125ae90;
    %jmp T_0.17;
T_0.14 ;
    %load/vec4 v0000026b01259cf0_0;
    %pushi/vec4 15, 0, 32;
    %load/vec4 v0000026b01259ac0_0;
    %sub;
    %part/u 1;
    %pad/u 2;
    %pushi/vec4 1, 0, 2;
    %xor;
    %pad/u 1;
    %pushi/vec4 15, 0, 32;
    %load/vec4 v0000026b01259ac0_0;
    %sub;
    %ix/vec4 4;
    %store/vec4 v0000026b01259cf0_0, 4, 1;
    %alloc S_0000026b0125ae90;
    %load/vec4 v0000026b0125a150_0;
    %store/vec4 v0000026b0125a8d0_0, 0, 32;
    %load/vec4 v0000026b01259ac0_0;
    %store/vec4 v0000026b0125a5b0_0, 0, 32;
    %load/vec4 v0000026b012598e0_0;
    %store/vec4 v0000026b0125a3d0_0, 0, 32;
    %fork TD_Trotter_top.task_counter, S_0000026b0125ae90;
    %join;
    %load/vec4 v0000026b0125a5b0_0;
    %store/vec4 v0000026b01259ac0_0, 0, 32;
    %free S_0000026b0125ae90;
    %jmp T_0.17;
T_0.15 ;
    %alloc S_0000026b0125ae90;
    %load/vec4 v0000026b0125a150_0;
    %store/vec4 v0000026b0125a8d0_0, 0, 32;
    %load/vec4 v0000026b01259ac0_0;
    %store/vec4 v0000026b0125a5b0_0, 0, 32;
    %load/vec4 v0000026b012598e0_0;
    %store/vec4 v0000026b0125a3d0_0, 0, 32;
    %fork TD_Trotter_top.task_counter, S_0000026b0125ae90;
    %join;
    %load/vec4 v0000026b0125a5b0_0;
    %store/vec4 v0000026b01259ac0_0, 0, 32;
    %free S_0000026b0125ae90;
    %pushi/vec4 0, 0, 9;
    %store/vec4 v0000026b01259cf0_0, 0, 9;
    %load/vec4 v0000026b01259980_0;
    %store/vec4 v0000026b01259a20_0, 0, 3;
    %jmp T_0.17;
T_0.17 ;
    %pop/vec4 1;
    %end;
S_0000026b0125ab70 .scope autotask, "my_task_model2" "my_task_model2" 2 112, 2 112 0, S_0000026b011cca40;
 .timescale -9 -9;
v0000026b0125a790_0 .var "Max_repeat", 31 0;
v0000026b0125a830_0 .var "in_state", 0 0;
v0000026b01259d90_0 .var "out_state", 0 0;
v0000026b01259f70_0 .var "repeat_count", 7 0;
v0000026b01259ed0_0 .var "task_Y", 8 0;
v0000026b0125a010_0 .var "task_count", 31 0;
TD_Trotter_top.my_task_model2 ;
    %load/vec4 v0000026b01259f70_0;
    %dup/vec4;
    %pushi/vec4 0, 0, 8;
    %cmp/u;
    %jmp/1 T_1.18, 6;
    %dup/vec4;
    %pushi/vec4 1, 0, 8;
    %cmp/u;
    %jmp/1 T_1.19, 6;
    %dup/vec4;
    %pushi/vec4 2, 0, 8;
    %cmp/u;
    %jmp/1 T_1.20, 6;
    %dup/vec4;
    %pushi/vec4 3, 0, 8;
    %cmp/u;
    %jmp/1 T_1.21, 6;
    %dup/vec4;
    %pushi/vec4 4, 0, 8;
    %cmp/u;
    %jmp/1 T_1.22, 6;
    %dup/vec4;
    %pushi/vec4 5, 0, 8;
    %cmp/u;
    %jmp/1 T_1.23, 6;
    %dup/vec4;
    %pushi/vec4 6, 0, 8;
    %cmp/u;
    %jmp/1 T_1.24, 6;
    %dup/vec4;
    %pushi/vec4 6, 0, 8;
    %cmp/u;
    %jmp/1 T_1.25, 6;
    %dup/vec4;
    %pushi/vec4 7, 0, 8;
    %cmp/u;
    %jmp/1 T_1.26, 6;
    %load/vec4 v0000026b0125a830_0;
    %store/vec4 v0000026b01259d90_0, 0, 1;
    %pushi/vec4 0, 0, 8;
    %store/vec4 v0000026b01259f70_0, 0, 8;
    %jmp T_1.28;
T_1.18 ;
    %load/vec4 v0000026b01259ed0_0;
    %pushi/vec4 7, 0, 32;
    %load/vec4 v0000026b01259f70_0;
    %pad/u 32;
    %sub;
    %part/u 1;
    %pad/u 2;
    %pushi/vec4 1, 0, 2;
    %xor;
    %pad/u 1;
    %pushi/vec4 7, 0, 32;
    %load/vec4 v0000026b01259f70_0;
    %pad/u 32;
    %sub;
    %ix/vec4 4;
    %store/vec4 v0000026b01259ed0_0, 4, 1;
    %load/vec4 v0000026b01259ed0_0;
    %load/vec4 v0000026b01259f70_0;
    %part/u 1;
    %pad/u 2;
    %pushi/vec4 1, 0, 2;
    %xor;
    %pad/u 1;
    %ix/getv 4, v0000026b01259f70_0;
    %store/vec4 v0000026b01259ed0_0, 4, 1;
    %alloc S_0000026b0125ae90;
    %load/vec4 v0000026b0125a010_0;
    %store/vec4 v0000026b0125a8d0_0, 0, 32;
    %load/vec4 v0000026b01259f70_0;
    %pad/u 32;
    %store/vec4 v0000026b0125a5b0_0, 0, 32;
    %load/vec4 v0000026b0125a790_0;
    %store/vec4 v0000026b0125a3d0_0, 0, 32;
    %fork TD_Trotter_top.task_counter, S_0000026b0125ae90;
    %join;
    %load/vec4 v0000026b0125a5b0_0;
    %pad/u 8;
    %store/vec4 v0000026b01259f70_0, 0, 8;
    %free S_0000026b0125ae90;
    %jmp T_1.28;
T_1.19 ;
    %load/vec4 v0000026b01259ed0_0;
    %pushi/vec4 7, 0, 32;
    %load/vec4 v0000026b01259f70_0;
    %pad/u 32;
    %sub;
    %part/u 1;
    %pad/u 2;
    %pushi/vec4 1, 0, 2;
    %xor;
    %pad/u 1;
    %pushi/vec4 7, 0, 32;
    %load/vec4 v0000026b01259f70_0;
    %pad/u 32;
    %sub;
    %ix/vec4 4;
    %store/vec4 v0000026b01259ed0_0, 4, 1;
    %load/vec4 v0000026b01259ed0_0;
    %load/vec4 v0000026b01259f70_0;
    %part/u 1;
    %pad/u 2;
    %pushi/vec4 1, 0, 2;
    %xor;
    %pad/u 1;
    %ix/getv 4, v0000026b01259f70_0;
    %store/vec4 v0000026b01259ed0_0, 4, 1;
    %alloc S_0000026b0125ae90;
    %load/vec4 v0000026b0125a010_0;
    %store/vec4 v0000026b0125a8d0_0, 0, 32;
    %load/vec4 v0000026b01259f70_0;
    %pad/u 32;
    %store/vec4 v0000026b0125a5b0_0, 0, 32;
    %load/vec4 v0000026b0125a790_0;
    %store/vec4 v0000026b0125a3d0_0, 0, 32;
    %fork TD_Trotter_top.task_counter, S_0000026b0125ae90;
    %join;
    %load/vec4 v0000026b0125a5b0_0;
    %pad/u 8;
    %store/vec4 v0000026b01259f70_0, 0, 8;
    %free S_0000026b0125ae90;
    %jmp T_1.28;
T_1.20 ;
    %load/vec4 v0000026b01259ed0_0;
    %pushi/vec4 7, 0, 32;
    %load/vec4 v0000026b01259f70_0;
    %pad/u 32;
    %sub;
    %part/u 1;
    %pad/u 2;
    %pushi/vec4 1, 0, 2;
    %xor;
    %pad/u 1;
    %pushi/vec4 7, 0, 32;
    %load/vec4 v0000026b01259f70_0;
    %pad/u 32;
    %sub;
    %ix/vec4 4;
    %store/vec4 v0000026b01259ed0_0, 4, 1;
    %load/vec4 v0000026b01259ed0_0;
    %load/vec4 v0000026b01259f70_0;
    %part/u 1;
    %pad/u 2;
    %pushi/vec4 1, 0, 2;
    %xor;
    %pad/u 1;
    %ix/getv 4, v0000026b01259f70_0;
    %store/vec4 v0000026b01259ed0_0, 4, 1;
    %alloc S_0000026b0125ae90;
    %load/vec4 v0000026b0125a010_0;
    %store/vec4 v0000026b0125a8d0_0, 0, 32;
    %load/vec4 v0000026b01259f70_0;
    %pad/u 32;
    %store/vec4 v0000026b0125a5b0_0, 0, 32;
    %load/vec4 v0000026b0125a790_0;
    %store/vec4 v0000026b0125a3d0_0, 0, 32;
    %fork TD_Trotter_top.task_counter, S_0000026b0125ae90;
    %join;
    %load/vec4 v0000026b0125a5b0_0;
    %pad/u 8;
    %store/vec4 v0000026b01259f70_0, 0, 8;
    %free S_0000026b0125ae90;
    %jmp T_1.28;
T_1.21 ;
    %load/vec4 v0000026b01259ed0_0;
    %pushi/vec4 7, 0, 32;
    %load/vec4 v0000026b01259f70_0;
    %pad/u 32;
    %sub;
    %part/u 1;
    %pad/u 2;
    %pushi/vec4 1, 0, 2;
    %xor;
    %pad/u 1;
    %pushi/vec4 7, 0, 32;
    %load/vec4 v0000026b01259f70_0;
    %pad/u 32;
    %sub;
    %ix/vec4 4;
    %store/vec4 v0000026b01259ed0_0, 4, 1;
    %load/vec4 v0000026b01259ed0_0;
    %load/vec4 v0000026b01259f70_0;
    %part/u 1;
    %pad/u 2;
    %pushi/vec4 1, 0, 2;
    %xor;
    %pad/u 1;
    %ix/getv 4, v0000026b01259f70_0;
    %store/vec4 v0000026b01259ed0_0, 4, 1;
    %alloc S_0000026b0125ae90;
    %load/vec4 v0000026b0125a010_0;
    %store/vec4 v0000026b0125a8d0_0, 0, 32;
    %load/vec4 v0000026b01259f70_0;
    %pad/u 32;
    %store/vec4 v0000026b0125a5b0_0, 0, 32;
    %load/vec4 v0000026b0125a790_0;
    %store/vec4 v0000026b0125a3d0_0, 0, 32;
    %fork TD_Trotter_top.task_counter, S_0000026b0125ae90;
    %join;
    %load/vec4 v0000026b0125a5b0_0;
    %pad/u 8;
    %store/vec4 v0000026b01259f70_0, 0, 8;
    %free S_0000026b0125ae90;
    %jmp T_1.28;
T_1.22 ;
    %load/vec4 v0000026b01259ed0_0;
    %pushi/vec4 11, 0, 32;
    %load/vec4 v0000026b01259f70_0;
    %pad/u 32;
    %sub;
    %part/u 1;
    %pad/u 2;
    %pushi/vec4 1, 0, 2;
    %xor;
    %pad/u 1;
    %pushi/vec4 11, 0, 32;
    %load/vec4 v0000026b01259f70_0;
    %pad/u 32;
    %sub;
    %ix/vec4 4;
    %store/vec4 v0000026b01259ed0_0, 4, 1;
    %load/vec4 v0000026b01259ed0_0;
    %load/vec4 v0000026b01259f70_0;
    %pad/u 32;
    %subi 4, 0, 32;
    %part/u 1;
    %pad/u 2;
    %pushi/vec4 1, 0, 2;
    %xor;
    %pad/u 1;
    %load/vec4 v0000026b01259f70_0;
    %pad/u 32;
    %subi 4, 0, 32;
    %ix/vec4 4;
    %store/vec4 v0000026b01259ed0_0, 4, 1;
    %alloc S_0000026b0125ae90;
    %load/vec4 v0000026b0125a010_0;
    %store/vec4 v0000026b0125a8d0_0, 0, 32;
    %load/vec4 v0000026b01259f70_0;
    %pad/u 32;
    %store/vec4 v0000026b0125a5b0_0, 0, 32;
    %load/vec4 v0000026b0125a790_0;
    %store/vec4 v0000026b0125a3d0_0, 0, 32;
    %fork TD_Trotter_top.task_counter, S_0000026b0125ae90;
    %join;
    %load/vec4 v0000026b0125a5b0_0;
    %pad/u 8;
    %store/vec4 v0000026b01259f70_0, 0, 8;
    %free S_0000026b0125ae90;
    %jmp T_1.28;
T_1.23 ;
    %load/vec4 v0000026b01259ed0_0;
    %pushi/vec4 11, 0, 32;
    %load/vec4 v0000026b01259f70_0;
    %pad/u 32;
    %sub;
    %part/u 1;
    %pad/u 2;
    %pushi/vec4 1, 0, 2;
    %xor;
    %pad/u 1;
    %pushi/vec4 11, 0, 32;
    %load/vec4 v0000026b01259f70_0;
    %pad/u 32;
    %sub;
    %ix/vec4 4;
    %store/vec4 v0000026b01259ed0_0, 4, 1;
    %load/vec4 v0000026b01259ed0_0;
    %load/vec4 v0000026b01259f70_0;
    %pad/u 32;
    %subi 4, 0, 32;
    %part/u 1;
    %pad/u 2;
    %pushi/vec4 1, 0, 2;
    %xor;
    %pad/u 1;
    %load/vec4 v0000026b01259f70_0;
    %pad/u 32;
    %subi 4, 0, 32;
    %ix/vec4 4;
    %store/vec4 v0000026b01259ed0_0, 4, 1;
    %alloc S_0000026b0125ae90;
    %load/vec4 v0000026b0125a010_0;
    %store/vec4 v0000026b0125a8d0_0, 0, 32;
    %load/vec4 v0000026b01259f70_0;
    %pad/u 32;
    %store/vec4 v0000026b0125a5b0_0, 0, 32;
    %load/vec4 v0000026b0125a790_0;
    %store/vec4 v0000026b0125a3d0_0, 0, 32;
    %fork TD_Trotter_top.task_counter, S_0000026b0125ae90;
    %join;
    %load/vec4 v0000026b0125a5b0_0;
    %pad/u 8;
    %store/vec4 v0000026b01259f70_0, 0, 8;
    %free S_0000026b0125ae90;
    %jmp T_1.28;
T_1.24 ;
    %load/vec4 v0000026b01259ed0_0;
    %pushi/vec4 11, 0, 32;
    %load/vec4 v0000026b01259f70_0;
    %pad/u 32;
    %sub;
    %part/u 1;
    %pad/u 2;
    %pushi/vec4 1, 0, 2;
    %xor;
    %pad/u 1;
    %pushi/vec4 11, 0, 32;
    %load/vec4 v0000026b01259f70_0;
    %pad/u 32;
    %sub;
    %ix/vec4 4;
    %store/vec4 v0000026b01259ed0_0, 4, 1;
    %load/vec4 v0000026b01259ed0_0;
    %load/vec4 v0000026b01259f70_0;
    %pad/u 32;
    %subi 4, 0, 32;
    %part/u 1;
    %pad/u 2;
    %pushi/vec4 1, 0, 2;
    %xor;
    %pad/u 1;
    %load/vec4 v0000026b01259f70_0;
    %pad/u 32;
    %subi 4, 0, 32;
    %ix/vec4 4;
    %store/vec4 v0000026b01259ed0_0, 4, 1;
    %alloc S_0000026b0125ae90;
    %load/vec4 v0000026b0125a010_0;
    %store/vec4 v0000026b0125a8d0_0, 0, 32;
    %load/vec4 v0000026b01259f70_0;
    %pad/u 32;
    %store/vec4 v0000026b0125a5b0_0, 0, 32;
    %load/vec4 v0000026b0125a790_0;
    %store/vec4 v0000026b0125a3d0_0, 0, 32;
    %fork TD_Trotter_top.task_counter, S_0000026b0125ae90;
    %join;
    %load/vec4 v0000026b0125a5b0_0;
    %pad/u 8;
    %store/vec4 v0000026b01259f70_0, 0, 8;
    %free S_0000026b0125ae90;
    %jmp T_1.28;
T_1.25 ;
    %load/vec4 v0000026b01259ed0_0;
    %pushi/vec4 11, 0, 32;
    %load/vec4 v0000026b01259f70_0;
    %pad/u 32;
    %sub;
    %part/u 1;
    %pad/u 2;
    %pushi/vec4 1, 0, 2;
    %xor;
    %pad/u 1;
    %pushi/vec4 11, 0, 32;
    %load/vec4 v0000026b01259f70_0;
    %pad/u 32;
    %sub;
    %ix/vec4 4;
    %store/vec4 v0000026b01259ed0_0, 4, 1;
    %load/vec4 v0000026b01259ed0_0;
    %load/vec4 v0000026b01259f70_0;
    %pad/u 32;
    %subi 4, 0, 32;
    %part/u 1;
    %pad/u 2;
    %pushi/vec4 1, 0, 2;
    %xor;
    %pad/u 1;
    %load/vec4 v0000026b01259f70_0;
    %pad/u 32;
    %subi 4, 0, 32;
    %ix/vec4 4;
    %store/vec4 v0000026b01259ed0_0, 4, 1;
    %alloc S_0000026b0125ae90;
    %load/vec4 v0000026b0125a010_0;
    %store/vec4 v0000026b0125a8d0_0, 0, 32;
    %load/vec4 v0000026b01259f70_0;
    %pad/u 32;
    %store/vec4 v0000026b0125a5b0_0, 0, 32;
    %load/vec4 v0000026b0125a790_0;
    %store/vec4 v0000026b0125a3d0_0, 0, 32;
    %fork TD_Trotter_top.task_counter, S_0000026b0125ae90;
    %join;
    %load/vec4 v0000026b0125a5b0_0;
    %pad/u 8;
    %store/vec4 v0000026b01259f70_0, 0, 8;
    %free S_0000026b0125ae90;
    %jmp T_1.28;
T_1.26 ;
    %load/vec4 v0000026b01259ed0_0;
    %parti/s 1, 3, 3;
    %ix/load 4, 3, 0;
    %flag_set/imm 4, 0;
    %store/vec4 v0000026b01259ed0_0, 4, 1;
    %load/vec4 v0000026b01259ed0_0;
    %parti/s 1, 4, 4;
    %ix/load 4, 4, 0;
    %flag_set/imm 4, 0;
    %store/vec4 v0000026b01259ed0_0, 4, 1;
    %alloc S_0000026b0125ae90;
    %load/vec4 v0000026b0125a010_0;
    %store/vec4 v0000026b0125a8d0_0, 0, 32;
    %load/vec4 v0000026b01259f70_0;
    %pad/u 32;
    %store/vec4 v0000026b0125a5b0_0, 0, 32;
    %load/vec4 v0000026b0125a790_0;
    %store/vec4 v0000026b0125a3d0_0, 0, 32;
    %fork TD_Trotter_top.task_counter, S_0000026b0125ae90;
    %join;
    %load/vec4 v0000026b0125a5b0_0;
    %pad/u 8;
    %store/vec4 v0000026b01259f70_0, 0, 8;
    %free S_0000026b0125ae90;
    %pushi/vec4 0, 0, 9;
    %store/vec4 v0000026b01259ed0_0, 0, 9;
    %load/vec4 v0000026b0125a830_0;
    %store/vec4 v0000026b01259d90_0, 0, 1;
    %jmp T_1.28;
T_1.28 ;
    %pop/vec4 1;
    %end;
S_0000026b0125ad00 .scope autotask, "my_task_model3" "my_task_model3" 2 151, 2 151 0, S_0000026b011cca40;
 .timescale -9 -9;
v0000026b0125a1f0_0 .var "Max_repeat", 31 0;
v0000026b01259e30_0 .var "in_state", 0 0;
v0000026b0125a0b0_0 .var "out_state", 0 0;
v0000026b0125a330_0 .var "repeat_count", 3 0;
v0000026b0125a290_0 .var "task_Y", 7 0;
v0000026b01259c50_0 .var "task_count", 0 0;
TD_Trotter_top.my_task_model3 ;
    %load/vec4 v0000026b0125a330_0;
    %dup/vec4;
    %pushi/vec4 0, 0, 4;
    %cmp/u;
    %jmp/1 T_2.29, 6;
    %dup/vec4;
    %pushi/vec4 1, 0, 4;
    %cmp/u;
    %jmp/1 T_2.30, 6;
    %dup/vec4;
    %pushi/vec4 2, 0, 4;
    %cmp/u;
    %jmp/1 T_2.31, 6;
    %dup/vec4;
    %pushi/vec4 3, 0, 4;
    %cmp/u;
    %jmp/1 T_2.32, 6;
    %dup/vec4;
    %pushi/vec4 4, 0, 4;
    %cmp/u;
    %jmp/1 T_2.33, 6;
    %dup/vec4;
    %pushi/vec4 5, 0, 4;
    %cmp/u;
    %jmp/1 T_2.34, 6;
    %dup/vec4;
    %pushi/vec4 6, 0, 4;
    %cmp/u;
    %jmp/1 T_2.35, 6;
    %dup/vec4;
    %pushi/vec4 7, 0, 4;
    %cmp/u;
    %jmp/1 T_2.36, 6;
    %dup/vec4;
    %pushi/vec4 8, 0, 4;
    %cmp/u;
    %jmp/1 T_2.37, 6;
    %dup/vec4;
    %pushi/vec4 9, 0, 4;
    %cmp/u;
    %jmp/1 T_2.38, 6;
    %dup/vec4;
    %pushi/vec4 10, 0, 4;
    %cmp/u;
    %jmp/1 T_2.39, 6;
    %dup/vec4;
    %pushi/vec4 11, 0, 4;
    %cmp/u;
    %jmp/1 T_2.40, 6;
    %dup/vec4;
    %pushi/vec4 12, 0, 4;
    %cmp/u;
    %jmp/1 T_2.41, 6;
    %dup/vec4;
    %pushi/vec4 13, 0, 4;
    %cmp/u;
    %jmp/1 T_2.42, 6;
    %dup/vec4;
    %pushi/vec4 14, 0, 4;
    %cmp/u;
    %jmp/1 T_2.43, 6;
    %dup/vec4;
    %pushi/vec4 15, 0, 4;
    %cmp/u;
    %jmp/1 T_2.44, 6;
    %load/vec4 v0000026b01259e30_0;
    %store/vec4 v0000026b0125a0b0_0, 0, 1;
    %pushi/vec4 0, 0, 4;
    %store/vec4 v0000026b0125a330_0, 0, 4;
    %jmp T_2.46;
T_2.29 ;
    %load/vec4 v0000026b0125a290_0;
    %pushi/vec4 15, 0, 32;
    %load/vec4 v0000026b0125a330_0;
    %pad/u 32;
    %sub;
    %part/u 1;
    %pad/u 2;
    %pushi/vec4 1, 0, 2;
    %xor;
    %pad/u 1;
    %pushi/vec4 15, 0, 32;
    %load/vec4 v0000026b0125a330_0;
    %pad/u 32;
    %sub;
    %ix/vec4 4;
    %store/vec4 v0000026b0125a290_0, 4, 1;
    %alloc S_0000026b0125ae90;
    %load/vec4 v0000026b01259c50_0;
    %pad/u 32;
    %store/vec4 v0000026b0125a8d0_0, 0, 32;
    %load/vec4 v0000026b0125a330_0;
    %pad/u 32;
    %store/vec4 v0000026b0125a5b0_0, 0, 32;
    %load/vec4 v0000026b0125a1f0_0;
    %store/vec4 v0000026b0125a3d0_0, 0, 32;
    %fork TD_Trotter_top.task_counter, S_0000026b0125ae90;
    %join;
    %load/vec4 v0000026b0125a5b0_0;
    %pad/u 4;
    %store/vec4 v0000026b0125a330_0, 0, 4;
    %free S_0000026b0125ae90;
    %jmp T_2.46;
T_2.30 ;
    %load/vec4 v0000026b0125a290_0;
    %pushi/vec4 15, 0, 32;
    %load/vec4 v0000026b0125a330_0;
    %pad/u 32;
    %sub;
    %part/u 1;
    %pad/u 2;
    %pushi/vec4 1, 0, 2;
    %xor;
    %pad/u 1;
    %pushi/vec4 15, 0, 32;
    %load/vec4 v0000026b0125a330_0;
    %pad/u 32;
    %sub;
    %ix/vec4 4;
    %store/vec4 v0000026b0125a290_0, 4, 1;
    %alloc S_0000026b0125ae90;
    %load/vec4 v0000026b01259c50_0;
    %pad/u 32;
    %store/vec4 v0000026b0125a8d0_0, 0, 32;
    %load/vec4 v0000026b0125a330_0;
    %pad/u 32;
    %store/vec4 v0000026b0125a5b0_0, 0, 32;
    %load/vec4 v0000026b0125a1f0_0;
    %store/vec4 v0000026b0125a3d0_0, 0, 32;
    %fork TD_Trotter_top.task_counter, S_0000026b0125ae90;
    %join;
    %load/vec4 v0000026b0125a5b0_0;
    %pad/u 4;
    %store/vec4 v0000026b0125a330_0, 0, 4;
    %free S_0000026b0125ae90;
    %jmp T_2.46;
T_2.31 ;
    %load/vec4 v0000026b0125a290_0;
    %pushi/vec4 15, 0, 32;
    %load/vec4 v0000026b0125a330_0;
    %pad/u 32;
    %sub;
    %part/u 1;
    %pad/u 2;
    %pushi/vec4 1, 0, 2;
    %xor;
    %pad/u 1;
    %pushi/vec4 15, 0, 32;
    %load/vec4 v0000026b0125a330_0;
    %pad/u 32;
    %sub;
    %ix/vec4 4;
    %store/vec4 v0000026b0125a290_0, 4, 1;
    %alloc S_0000026b0125ae90;
    %load/vec4 v0000026b01259c50_0;
    %pad/u 32;
    %store/vec4 v0000026b0125a8d0_0, 0, 32;
    %load/vec4 v0000026b0125a330_0;
    %pad/u 32;
    %store/vec4 v0000026b0125a5b0_0, 0, 32;
    %load/vec4 v0000026b0125a1f0_0;
    %store/vec4 v0000026b0125a3d0_0, 0, 32;
    %fork TD_Trotter_top.task_counter, S_0000026b0125ae90;
    %join;
    %load/vec4 v0000026b0125a5b0_0;
    %pad/u 4;
    %store/vec4 v0000026b0125a330_0, 0, 4;
    %free S_0000026b0125ae90;
    %jmp T_2.46;
T_2.32 ;
    %load/vec4 v0000026b0125a290_0;
    %pushi/vec4 15, 0, 32;
    %load/vec4 v0000026b0125a330_0;
    %pad/u 32;
    %sub;
    %part/u 1;
    %pad/u 2;
    %pushi/vec4 1, 0, 2;
    %xor;
    %pad/u 1;
    %pushi/vec4 15, 0, 32;
    %load/vec4 v0000026b0125a330_0;
    %pad/u 32;
    %sub;
    %ix/vec4 4;
    %store/vec4 v0000026b0125a290_0, 4, 1;
    %alloc S_0000026b0125ae90;
    %load/vec4 v0000026b01259c50_0;
    %pad/u 32;
    %store/vec4 v0000026b0125a8d0_0, 0, 32;
    %load/vec4 v0000026b0125a330_0;
    %pad/u 32;
    %store/vec4 v0000026b0125a5b0_0, 0, 32;
    %load/vec4 v0000026b0125a1f0_0;
    %store/vec4 v0000026b0125a3d0_0, 0, 32;
    %fork TD_Trotter_top.task_counter, S_0000026b0125ae90;
    %join;
    %load/vec4 v0000026b0125a5b0_0;
    %pad/u 4;
    %store/vec4 v0000026b0125a330_0, 0, 4;
    %free S_0000026b0125ae90;
    %jmp T_2.46;
T_2.33 ;
    %load/vec4 v0000026b0125a290_0;
    %pushi/vec4 15, 0, 32;
    %load/vec4 v0000026b0125a330_0;
    %pad/u 32;
    %sub;
    %part/u 1;
    %pad/u 2;
    %pushi/vec4 1, 0, 2;
    %xor;
    %pad/u 1;
    %pushi/vec4 15, 0, 32;
    %load/vec4 v0000026b0125a330_0;
    %pad/u 32;
    %sub;
    %ix/vec4 4;
    %store/vec4 v0000026b0125a290_0, 4, 1;
    %alloc S_0000026b0125ae90;
    %load/vec4 v0000026b01259c50_0;
    %pad/u 32;
    %store/vec4 v0000026b0125a8d0_0, 0, 32;
    %load/vec4 v0000026b0125a330_0;
    %pad/u 32;
    %store/vec4 v0000026b0125a5b0_0, 0, 32;
    %load/vec4 v0000026b0125a1f0_0;
    %store/vec4 v0000026b0125a3d0_0, 0, 32;
    %fork TD_Trotter_top.task_counter, S_0000026b0125ae90;
    %join;
    %load/vec4 v0000026b0125a5b0_0;
    %pad/u 4;
    %store/vec4 v0000026b0125a330_0, 0, 4;
    %free S_0000026b0125ae90;
    %jmp T_2.46;
T_2.34 ;
    %load/vec4 v0000026b0125a290_0;
    %pushi/vec4 15, 0, 32;
    %load/vec4 v0000026b0125a330_0;
    %pad/u 32;
    %sub;
    %part/u 1;
    %pad/u 2;
    %pushi/vec4 1, 0, 2;
    %xor;
    %pad/u 1;
    %pushi/vec4 15, 0, 32;
    %load/vec4 v0000026b0125a330_0;
    %pad/u 32;
    %sub;
    %ix/vec4 4;
    %store/vec4 v0000026b0125a290_0, 4, 1;
    %alloc S_0000026b0125ae90;
    %load/vec4 v0000026b01259c50_0;
    %pad/u 32;
    %store/vec4 v0000026b0125a8d0_0, 0, 32;
    %load/vec4 v0000026b0125a330_0;
    %pad/u 32;
    %store/vec4 v0000026b0125a5b0_0, 0, 32;
    %load/vec4 v0000026b0125a1f0_0;
    %store/vec4 v0000026b0125a3d0_0, 0, 32;
    %fork TD_Trotter_top.task_counter, S_0000026b0125ae90;
    %join;
    %load/vec4 v0000026b0125a5b0_0;
    %pad/u 4;
    %store/vec4 v0000026b0125a330_0, 0, 4;
    %free S_0000026b0125ae90;
    %jmp T_2.46;
T_2.35 ;
    %load/vec4 v0000026b0125a290_0;
    %pushi/vec4 15, 0, 32;
    %load/vec4 v0000026b0125a330_0;
    %pad/u 32;
    %sub;
    %part/u 1;
    %pad/u 2;
    %pushi/vec4 1, 0, 2;
    %xor;
    %pad/u 1;
    %pushi/vec4 15, 0, 32;
    %load/vec4 v0000026b0125a330_0;
    %pad/u 32;
    %sub;
    %ix/vec4 4;
    %store/vec4 v0000026b0125a290_0, 4, 1;
    %alloc S_0000026b0125ae90;
    %load/vec4 v0000026b01259c50_0;
    %pad/u 32;
    %store/vec4 v0000026b0125a8d0_0, 0, 32;
    %load/vec4 v0000026b0125a330_0;
    %pad/u 32;
    %store/vec4 v0000026b0125a5b0_0, 0, 32;
    %load/vec4 v0000026b0125a1f0_0;
    %store/vec4 v0000026b0125a3d0_0, 0, 32;
    %fork TD_Trotter_top.task_counter, S_0000026b0125ae90;
    %join;
    %load/vec4 v0000026b0125a5b0_0;
    %pad/u 4;
    %store/vec4 v0000026b0125a330_0, 0, 4;
    %free S_0000026b0125ae90;
    %jmp T_2.46;
T_2.36 ;
    %load/vec4 v0000026b0125a290_0;
    %pushi/vec4 15, 0, 32;
    %load/vec4 v0000026b0125a330_0;
    %pad/u 32;
    %sub;
    %part/u 1;
    %pad/u 2;
    %pushi/vec4 1, 0, 2;
    %xor;
    %pad/u 1;
    %pushi/vec4 15, 0, 32;
    %load/vec4 v0000026b0125a330_0;
    %pad/u 32;
    %sub;
    %ix/vec4 4;
    %store/vec4 v0000026b0125a290_0, 4, 1;
    %alloc S_0000026b0125ae90;
    %load/vec4 v0000026b01259c50_0;
    %pad/u 32;
    %store/vec4 v0000026b0125a8d0_0, 0, 32;
    %load/vec4 v0000026b0125a330_0;
    %pad/u 32;
    %store/vec4 v0000026b0125a5b0_0, 0, 32;
    %load/vec4 v0000026b0125a1f0_0;
    %store/vec4 v0000026b0125a3d0_0, 0, 32;
    %fork TD_Trotter_top.task_counter, S_0000026b0125ae90;
    %join;
    %load/vec4 v0000026b0125a5b0_0;
    %pad/u 4;
    %store/vec4 v0000026b0125a330_0, 0, 4;
    %free S_0000026b0125ae90;
    %jmp T_2.46;
T_2.37 ;
    %load/vec4 v0000026b0125a290_0;
    %pushi/vec4 7, 0, 32;
    %load/vec4 v0000026b0125a330_0;
    %pad/u 32;
    %sub;
    %part/u 1;
    %pad/u 2;
    %pushi/vec4 1, 0, 2;
    %xor;
    %pad/u 1;
    %pushi/vec4 7, 0, 32;
    %load/vec4 v0000026b0125a330_0;
    %pad/u 32;
    %sub;
    %ix/vec4 4;
    %store/vec4 v0000026b0125a290_0, 4, 1;
    %alloc S_0000026b0125ae90;
    %load/vec4 v0000026b01259c50_0;
    %pad/u 32;
    %store/vec4 v0000026b0125a8d0_0, 0, 32;
    %load/vec4 v0000026b0125a330_0;
    %pad/u 32;
    %store/vec4 v0000026b0125a5b0_0, 0, 32;
    %load/vec4 v0000026b0125a1f0_0;
    %store/vec4 v0000026b0125a3d0_0, 0, 32;
    %fork TD_Trotter_top.task_counter, S_0000026b0125ae90;
    %join;
    %load/vec4 v0000026b0125a5b0_0;
    %pad/u 4;
    %store/vec4 v0000026b0125a330_0, 0, 4;
    %free S_0000026b0125ae90;
    %jmp T_2.46;
T_2.38 ;
    %load/vec4 v0000026b0125a290_0;
    %pushi/vec4 7, 0, 32;
    %load/vec4 v0000026b0125a330_0;
    %pad/u 32;
    %sub;
    %part/u 1;
    %pad/u 2;
    %pushi/vec4 1, 0, 2;
    %xor;
    %pad/u 1;
    %pushi/vec4 7, 0, 32;
    %load/vec4 v0000026b0125a330_0;
    %pad/u 32;
    %sub;
    %ix/vec4 4;
    %store/vec4 v0000026b0125a290_0, 4, 1;
    %alloc S_0000026b0125ae90;
    %load/vec4 v0000026b01259c50_0;
    %pad/u 32;
    %store/vec4 v0000026b0125a8d0_0, 0, 32;
    %load/vec4 v0000026b0125a330_0;
    %pad/u 32;
    %store/vec4 v0000026b0125a5b0_0, 0, 32;
    %load/vec4 v0000026b0125a1f0_0;
    %store/vec4 v0000026b0125a3d0_0, 0, 32;
    %fork TD_Trotter_top.task_counter, S_0000026b0125ae90;
    %join;
    %load/vec4 v0000026b0125a5b0_0;
    %pad/u 4;
    %store/vec4 v0000026b0125a330_0, 0, 4;
    %free S_0000026b0125ae90;
    %jmp T_2.46;
T_2.39 ;
    %load/vec4 v0000026b0125a290_0;
    %pushi/vec4 7, 0, 32;
    %load/vec4 v0000026b0125a330_0;
    %pad/u 32;
    %sub;
    %part/u 1;
    %pad/u 2;
    %pushi/vec4 1, 0, 2;
    %xor;
    %pad/u 1;
    %pushi/vec4 7, 0, 32;
    %load/vec4 v0000026b0125a330_0;
    %pad/u 32;
    %sub;
    %ix/vec4 4;
    %store/vec4 v0000026b0125a290_0, 4, 1;
    %alloc S_0000026b0125ae90;
    %load/vec4 v0000026b01259c50_0;
    %pad/u 32;
    %store/vec4 v0000026b0125a8d0_0, 0, 32;
    %load/vec4 v0000026b0125a330_0;
    %pad/u 32;
    %store/vec4 v0000026b0125a5b0_0, 0, 32;
    %load/vec4 v0000026b0125a1f0_0;
    %store/vec4 v0000026b0125a3d0_0, 0, 32;
    %fork TD_Trotter_top.task_counter, S_0000026b0125ae90;
    %join;
    %load/vec4 v0000026b0125a5b0_0;
    %pad/u 4;
    %store/vec4 v0000026b0125a330_0, 0, 4;
    %free S_0000026b0125ae90;
    %jmp T_2.46;
T_2.40 ;
    %load/vec4 v0000026b0125a290_0;
    %pushi/vec4 7, 0, 32;
    %load/vec4 v0000026b0125a330_0;
    %pad/u 32;
    %sub;
    %part/u 1;
    %pad/u 2;
    %pushi/vec4 1, 0, 2;
    %xor;
    %pad/u 1;
    %pushi/vec4 7, 0, 32;
    %load/vec4 v0000026b0125a330_0;
    %pad/u 32;
    %sub;
    %ix/vec4 4;
    %store/vec4 v0000026b0125a290_0, 4, 1;
    %alloc S_0000026b0125ae90;
    %load/vec4 v0000026b01259c50_0;
    %pad/u 32;
    %store/vec4 v0000026b0125a8d0_0, 0, 32;
    %load/vec4 v0000026b0125a330_0;
    %pad/u 32;
    %store/vec4 v0000026b0125a5b0_0, 0, 32;
    %load/vec4 v0000026b0125a1f0_0;
    %store/vec4 v0000026b0125a3d0_0, 0, 32;
    %fork TD_Trotter_top.task_counter, S_0000026b0125ae90;
    %join;
    %load/vec4 v0000026b0125a5b0_0;
    %pad/u 4;
    %store/vec4 v0000026b0125a330_0, 0, 4;
    %free S_0000026b0125ae90;
    %jmp T_2.46;
T_2.41 ;
    %load/vec4 v0000026b0125a290_0;
    %pushi/vec4 7, 0, 32;
    %load/vec4 v0000026b0125a330_0;
    %pad/u 32;
    %sub;
    %part/u 1;
    %pad/u 2;
    %pushi/vec4 1, 0, 2;
    %xor;
    %pad/u 1;
    %pushi/vec4 7, 0, 32;
    %load/vec4 v0000026b0125a330_0;
    %pad/u 32;
    %sub;
    %ix/vec4 4;
    %store/vec4 v0000026b0125a290_0, 4, 1;
    %alloc S_0000026b0125ae90;
    %load/vec4 v0000026b01259c50_0;
    %pad/u 32;
    %store/vec4 v0000026b0125a8d0_0, 0, 32;
    %load/vec4 v0000026b0125a330_0;
    %pad/u 32;
    %store/vec4 v0000026b0125a5b0_0, 0, 32;
    %load/vec4 v0000026b0125a1f0_0;
    %store/vec4 v0000026b0125a3d0_0, 0, 32;
    %fork TD_Trotter_top.task_counter, S_0000026b0125ae90;
    %join;
    %load/vec4 v0000026b0125a5b0_0;
    %pad/u 4;
    %store/vec4 v0000026b0125a330_0, 0, 4;
    %free S_0000026b0125ae90;
    %jmp T_2.46;
T_2.42 ;
    %load/vec4 v0000026b0125a290_0;
    %pushi/vec4 7, 0, 32;
    %load/vec4 v0000026b0125a330_0;
    %pad/u 32;
    %sub;
    %part/u 1;
    %pad/u 2;
    %pushi/vec4 1, 0, 2;
    %xor;
    %pad/u 1;
    %pushi/vec4 7, 0, 32;
    %load/vec4 v0000026b0125a330_0;
    %pad/u 32;
    %sub;
    %ix/vec4 4;
    %store/vec4 v0000026b0125a290_0, 4, 1;
    %alloc S_0000026b0125ae90;
    %load/vec4 v0000026b01259c50_0;
    %pad/u 32;
    %store/vec4 v0000026b0125a8d0_0, 0, 32;
    %load/vec4 v0000026b0125a330_0;
    %pad/u 32;
    %store/vec4 v0000026b0125a5b0_0, 0, 32;
    %load/vec4 v0000026b0125a1f0_0;
    %store/vec4 v0000026b0125a3d0_0, 0, 32;
    %fork TD_Trotter_top.task_counter, S_0000026b0125ae90;
    %join;
    %load/vec4 v0000026b0125a5b0_0;
    %pad/u 4;
    %store/vec4 v0000026b0125a330_0, 0, 4;
    %free S_0000026b0125ae90;
    %jmp T_2.46;
T_2.43 ;
    %load/vec4 v0000026b0125a290_0;
    %pushi/vec4 7, 0, 32;
    %load/vec4 v0000026b0125a330_0;
    %pad/u 32;
    %sub;
    %part/u 1;
    %pad/u 2;
    %pushi/vec4 1, 0, 2;
    %xor;
    %pad/u 1;
    %pushi/vec4 7, 0, 32;
    %load/vec4 v0000026b0125a330_0;
    %pad/u 32;
    %sub;
    %ix/vec4 4;
    %store/vec4 v0000026b0125a290_0, 4, 1;
    %alloc S_0000026b0125ae90;
    %load/vec4 v0000026b01259c50_0;
    %pad/u 32;
    %store/vec4 v0000026b0125a8d0_0, 0, 32;
    %load/vec4 v0000026b0125a330_0;
    %pad/u 32;
    %store/vec4 v0000026b0125a5b0_0, 0, 32;
    %load/vec4 v0000026b0125a1f0_0;
    %store/vec4 v0000026b0125a3d0_0, 0, 32;
    %fork TD_Trotter_top.task_counter, S_0000026b0125ae90;
    %join;
    %load/vec4 v0000026b0125a5b0_0;
    %pad/u 4;
    %store/vec4 v0000026b0125a330_0, 0, 4;
    %free S_0000026b0125ae90;
    %jmp T_2.46;
T_2.44 ;
    %alloc S_0000026b0125ae90;
    %load/vec4 v0000026b01259c50_0;
    %pad/u 32;
    %store/vec4 v0000026b0125a8d0_0, 0, 32;
    %load/vec4 v0000026b0125a330_0;
    %pad/u 32;
    %store/vec4 v0000026b0125a5b0_0, 0, 32;
    %load/vec4 v0000026b0125a1f0_0;
    %store/vec4 v0000026b0125a3d0_0, 0, 32;
    %fork TD_Trotter_top.task_counter, S_0000026b0125ae90;
    %join;
    %load/vec4 v0000026b0125a5b0_0;
    %pad/u 4;
    %store/vec4 v0000026b0125a330_0, 0, 4;
    %free S_0000026b0125ae90;
    %pushi/vec4 0, 0, 8;
    %store/vec4 v0000026b0125a290_0, 0, 8;
    %load/vec4 v0000026b01259e30_0;
    %store/vec4 v0000026b0125a0b0_0, 0, 1;
    %jmp T_2.46;
T_2.46 ;
    %pop/vec4 1;
    %end;
S_0000026b0125ae90 .scope autotask, "task_counter" "task_counter" 2 56, 2 56 0, S_0000026b011cca40;
 .timescale -9 -9;
v0000026b0125a3d0_0 .var "max_repeat", 31 0;
v0000026b0125a8d0_0 .var "task_count", 31 0;
v0000026b0125a5b0_0 .var "task_rep", 31 0;
TD_Trotter_top.task_counter ;
    %load/vec4 v0000026b0125a3d0_0;
    %pad/u 64;
    %muli 1, 0, 64;
    %ix/vec4 4;
    %delayx 4;
    %load/vec4 v0000026b0125a5b0_0;
    %addi 1, 0, 32;
    %store/vec4 v0000026b0125a5b0_0, 0, 32;
    %end;
    .scope S_0000026b011ccbd0;
T_4 ;
    %wait E_0000026b011f8670;
    %load/vec4 v0000026b01259570_0;
    %nor/r;
    %flag_set/vec4 8;
    %jmp/0xz  T_4.0, 8;
    %pushi/vec4 0, 0, 1;
    %assign/vec4 v0000026b01259430_0, 0;
    %pushi/vec4 0, 0, 8;
    %assign/vec4 v0000026b012594d0_0, 0;
    %pushi/vec4 0, 0, 32;
    %assign/vec4 v0000026b01131a90_0, 0;
    %pushi/vec4 0, 0, 8;
    %assign/vec4 v0000026b011319f0_0, 0;
    %load/vec4 v0000026b01132110_0;
    %pad/u 3;
    %assign/vec4 v0000026b01259610_0, 0;
    %pushi/vec4 0, 0, 32;
    %assign/vec4 v0000026b01131b30_0, 0;
    %jmp T_4.1;
T_4.0 ;
    %load/vec4 v0000026b01259610_0;
    %dup/vec4;
    %pushi/vec4 0, 0, 3;
    %cmp/u;
    %jmp/1 T_4.2, 6;
    %dup/vec4;
    %pushi/vec4 1, 0, 3;
    %cmp/u;
    %jmp/1 T_4.3, 6;
    %dup/vec4;
    %pushi/vec4 4, 0, 3;
    %cmp/u;
    %jmp/1 T_4.4, 6;
    %dup/vec4;
    %pushi/vec4 5, 0, 3;
    %cmp/u;
    %jmp/1 T_4.5, 6;
    %dup/vec4;
    %pushi/vec4 6, 0, 3;
    %cmp/u;
    %jmp/1 T_4.6, 6;
    %dup/vec4;
    %pushi/vec4 7, 0, 3;
    %cmp/u;
    %jmp/1 T_4.7, 6;
    %pushi/vec4 0, 0, 3;
    %assign/vec4 v0000026b01259610_0, 0;
    %jmp T_4.9;
T_4.2 ;
    %load/vec4 v0000026b01259430_0;
    %dup/vec4;
    %pushi/vec4 0, 0, 1;
    %cmp/u;
    %jmp/1 T_4.10, 6;
    %dup/vec4;
    %pushi/vec4 1, 0, 1;
    %cmp/u;
    %jmp/1 T_4.11, 6;
    %jmp T_4.12;
T_4.10 ;
    %alloc S_0000026b01259750;
    %load/vec4 v0000026b01131a90_0;
    %store/vec4 v0000026b0125a150_0, 0, 32;
    %load/vec4 v0000026b011319f0_0;
    %pad/u 9;
    %store/vec4 v0000026b01259cf0_0, 0, 9;
    %load/vec4 v0000026b012594d0_0;
    %pad/u 32;
    %store/vec4 v0000026b01259ac0_0, 0, 32;
    %pushi/vec4 100, 0, 32;
    %store/vec4 v0000026b012598e0_0, 0, 32;
    %load/vec4 v0000026b01259610_0;
    %store/vec4 v0000026b01259a20_0, 0, 3;
    %pushi/vec4 4, 0, 3;
    %store/vec4 v0000026b01259980_0, 0, 3;
    %fork TD_Trotter_top.my_task_model1, S_0000026b01259750;
    %join;
    %load/vec4 v0000026b01259cf0_0;
    %pad/u 8;
    %store/vec4 v0000026b011319f0_0, 0, 8;
    %load/vec4 v0000026b01259ac0_0;
    %pad/u 8;
    %store/vec4 v0000026b012594d0_0, 0, 8;
    %load/vec4 v0000026b01259a20_0;
    %store/vec4 v0000026b01259610_0, 0, 3;
    %free S_0000026b01259750;
    %alloc S_0000026b0125ae90;
    %load/vec4 v0000026b01131a90_0;
    %store/vec4 v0000026b0125a8d0_0, 0, 32;
    %load/vec4 v0000026b01259430_0;
    %pad/u 32;
    %store/vec4 v0000026b0125a5b0_0, 0, 32;
    %pushi/vec4 100, 0, 32;
    %store/vec4 v0000026b0125a3d0_0, 0, 32;
    %fork TD_Trotter_top.task_counter, S_0000026b0125ae90;
    %join;
    %load/vec4 v0000026b0125a5b0_0;
    %pad/u 1;
    %store/vec4 v0000026b01259430_0, 0, 1;
    %free S_0000026b0125ae90;
    %jmp T_4.12;
T_4.11 ;
    %alloc S_0000026b01259750;
    %load/vec4 v0000026b01131a90_0;
    %store/vec4 v0000026b0125a150_0, 0, 32;
    %load/vec4 v0000026b011319f0_0;
    %pad/u 9;
    %store/vec4 v0000026b01259cf0_0, 0, 9;
    %load/vec4 v0000026b012594d0_0;
    %pad/u 32;
    %store/vec4 v0000026b01259ac0_0, 0, 32;
    %pushi/vec4 100, 0, 32;
    %store/vec4 v0000026b012598e0_0, 0, 32;
    %load/vec4 v0000026b01259610_0;
    %store/vec4 v0000026b01259a20_0, 0, 3;
    %pushi/vec4 4, 0, 3;
    %store/vec4 v0000026b01259980_0, 0, 3;
    %fork TD_Trotter_top.my_task_model1, S_0000026b01259750;
    %join;
    %load/vec4 v0000026b01259cf0_0;
    %pad/u 8;
    %store/vec4 v0000026b011319f0_0, 0, 8;
    %load/vec4 v0000026b01259ac0_0;
    %pad/u 8;
    %store/vec4 v0000026b012594d0_0, 0, 8;
    %load/vec4 v0000026b01259a20_0;
    %store/vec4 v0000026b01259610_0, 0, 3;
    %free S_0000026b01259750;
    %alloc S_0000026b0125ae90;
    %load/vec4 v0000026b01131a90_0;
    %store/vec4 v0000026b0125a8d0_0, 0, 32;
    %load/vec4 v0000026b01259430_0;
    %pad/u 32;
    %store/vec4 v0000026b0125a5b0_0, 0, 32;
    %pushi/vec4 100, 0, 32;
    %store/vec4 v0000026b0125a3d0_0, 0, 32;
    %fork TD_Trotter_top.task_counter, S_0000026b0125ae90;
    %join;
    %load/vec4 v0000026b0125a5b0_0;
    %pad/u 1;
    %store/vec4 v0000026b01259430_0, 0, 1;
    %free S_0000026b0125ae90;
    %jmp T_4.12;
T_4.12 ;
    %pop/vec4 1;
    %jmp T_4.9;
T_4.3 ;
    %load/vec4 v0000026b01259430_0;
    %pad/u 32;
    %cmpi/e 1, 0, 32;
    %jmp/0xz  T_4.13, 4;
    %alloc S_0000026b0125ab70;
    %load/vec4 v0000026b01131a90_0;
    %store/vec4 v0000026b0125a010_0, 0, 32;
    %load/vec4 v0000026b011319f0_0;
    %pad/u 9;
    %store/vec4 v0000026b01259ed0_0, 0, 9;
    %load/vec4 v0000026b012594d0_0;
    %store/vec4 v0000026b01259f70_0, 0, 8;
    %pushi/vec4 100, 0, 32;
    %store/vec4 v0000026b0125a790_0, 0, 32;
    %load/vec4 v0000026b01259610_0;
    %pad/u 1;
    %store/vec4 v0000026b01259d90_0, 0, 1;
    %pushi/vec4 0, 0, 1;
    %store/vec4 v0000026b0125a830_0, 0, 1;
    %fork TD_Trotter_top.my_task_model2, S_0000026b0125ab70;
    %join;
    %load/vec4 v0000026b01259ed0_0;
    %pad/u 8;
    %store/vec4 v0000026b011319f0_0, 0, 8;
    %load/vec4 v0000026b01259f70_0;
    %store/vec4 v0000026b012594d0_0, 0, 8;
    %load/vec4 v0000026b01259d90_0;
    %pad/u 3;
    %store/vec4 v0000026b01259610_0, 0, 3;
    %free S_0000026b0125ab70;
    %alloc S_0000026b0125ae90;
    %load/vec4 v0000026b01131a90_0;
    %store/vec4 v0000026b0125a8d0_0, 0, 32;
    %load/vec4 v0000026b01259430_0;
    %pad/u 32;
    %store/vec4 v0000026b0125a5b0_0, 0, 32;
    %pushi/vec4 100, 0, 32;
    %store/vec4 v0000026b0125a3d0_0, 0, 32;
    %fork TD_Trotter_top.task_counter, S_0000026b0125ae90;
    %join;
    %load/vec4 v0000026b0125a5b0_0;
    %pad/u 1;
    %store/vec4 v0000026b01259430_0, 0, 1;
    %free S_0000026b0125ae90;
    %jmp T_4.14;
T_4.13 ;
    %alloc S_0000026b0125ab70;
    %load/vec4 v0000026b01131a90_0;
    %store/vec4 v0000026b0125a010_0, 0, 32;
    %load/vec4 v0000026b011319f0_0;
    %pad/u 9;
    %store/vec4 v0000026b01259ed0_0, 0, 9;
    %load/vec4 v0000026b012594d0_0;
    %store/vec4 v0000026b01259f70_0, 0, 8;
    %pushi/vec4 100, 0, 32;
    %store/vec4 v0000026b0125a790_0, 0, 32;
    %load/vec4 v0000026b01259610_0;
    %pad/u 1;
    %store/vec4 v0000026b01259d90_0, 0, 1;
    %pushi/vec4 1, 0, 1;
    %store/vec4 v0000026b0125a830_0, 0, 1;
    %fork TD_Trotter_top.my_task_model2, S_0000026b0125ab70;
    %join;
    %load/vec4 v0000026b01259ed0_0;
    %pad/u 8;
    %store/vec4 v0000026b011319f0_0, 0, 8;
    %load/vec4 v0000026b01259f70_0;
    %store/vec4 v0000026b012594d0_0, 0, 8;
    %load/vec4 v0000026b01259d90_0;
    %pad/u 3;
    %store/vec4 v0000026b01259610_0, 0, 3;
    %free S_0000026b0125ab70;
    %alloc S_0000026b0125ae90;
    %load/vec4 v0000026b01131a90_0;
    %store/vec4 v0000026b0125a8d0_0, 0, 32;
    %load/vec4 v0000026b01259430_0;
    %pad/u 32;
    %store/vec4 v0000026b0125a5b0_0, 0, 32;
    %pushi/vec4 100, 0, 32;
    %store/vec4 v0000026b0125a3d0_0, 0, 32;
    %fork TD_Trotter_top.task_counter, S_0000026b0125ae90;
    %join;
    %load/vec4 v0000026b0125a5b0_0;
    %pad/u 1;
    %store/vec4 v0000026b01259430_0, 0, 1;
    %free S_0000026b0125ae90;
T_4.14 ;
    %jmp T_4.9;
T_4.4 ;
    %pushi/vec4 0, 0, 3;
    %assign/vec4 v0000026b01259610_0, 0;
    %jmp T_4.9;
T_4.5 ;
    %pushi/vec4 1, 0, 3;
    %assign/vec4 v0000026b01259610_0, 0;
    %jmp T_4.9;
T_4.6 ;
    %pushi/vec4 2, 0, 3;
    %assign/vec4 v0000026b01259610_0, 0;
    %jmp T_4.9;
T_4.7 ;
    %pushi/vec4 3, 0, 3;
    %assign/vec4 v0000026b01259610_0, 0;
    %jmp T_4.9;
T_4.9 ;
    %pop/vec4 1;
T_4.1 ;
    %jmp T_4;
    .thread T_4;
    .scope S_0000026b011cca40;
T_5 ;
    %delay 1, 0;
    %load/vec4 v0000026b0125a970_0;
    %inv;
    %store/vec4 v0000026b0125a970_0, 0, 1;
    %jmp T_5;
    .thread T_5;
    .scope S_0000026b011cca40;
T_6 ;
    %pushi/vec4 0, 0, 1;
    %store/vec4 v0000026b0125a970_0, 0, 1;
    %pushi/vec4 0, 0, 1;
    %store/vec4 v0000026b0125a510_0, 0, 1;
    %pushi/vec4 0, 0, 2;
    %assign/vec4 v0000026b0125a650_0, 0;
    %delay 10, 0;
    %load/vec4 v0000026b0125a510_0;
    %inv;
    %store/vec4 v0000026b0125a510_0, 0, 1;
    %end;
    .thread T_6;
# The file index is used to find the file name in the following table.
:file_names 4;
    "N/A";
    "<interactive>";
    "Trotter_top.v";
    "./Trotter.v";
