#! /c/Source/iverilog-install/bin/vvp
:ivl_version "12.0 (devel)" "(s20150603-1539-g2693dd32b)";
:ivl_delay_selection "TYPICAL";
:vpi_time_precision + 0;
:vpi_module "D:\Software\iverilog\lib\ivl\system.vpi";
:vpi_module "D:\Software\iverilog\lib\ivl\vhdl_sys.vpi";
:vpi_module "D:\Software\iverilog\lib\ivl\vhdl_textio.vpi";
:vpi_module "D:\Software\iverilog\lib\ivl\v2005_math.vpi";
:vpi_module "D:\Software\iverilog\lib\ivl\va_math.vpi";
S_000001ecbbe1bbd0 .scope module, "detector" "detector" 2 1;
 .timescale 0 0;
    .port_info 0 /INPUT 1 "x";
    .port_info 1 /INPUT 1 "sys_clk";
    .port_info 2 /INPUT 1 "sys_rst";
    .port_info 3 /OUTPUT 1 "z";
P_000001ecbbe1bd60 .param/l "A" 0 2 14, C4<001>;
P_000001ecbbe1bd98 .param/l "B" 0 2 15, C4<010>;
P_000001ecbbe1bdd0 .param/l "C" 0 2 16, C4<011>;
P_000001ecbbe1be08 .param/l "D" 0 2 17, C4<100>;
P_000001ecbbe1be40 .param/l "E" 0 2 18, C4<101>;
P_000001ecbbe1be78 .param/l "F" 0 2 19, C4<110>;
P_000001ecbbe1beb0 .param/l "G" 0 2 20, C4<111>;
P_000001ecbbe1bee8 .param/l "Idle" 0 2 13, C4<000>;
L_000001ecbbd03c00 .functor AND 1, L_000001ecbbd33050, L_000001ecbbd32bf0, C4<1>, C4<1>;
L_000001ecbbd87848 .functor BUFT 1, C4<100>, C4<0>, C4<0>, C4<0>;
v000001ecbbe1bf30_0 .net/2u *"_ivl_0", 2 0, L_000001ecbbd87848;  1 drivers
v000001ecbbd03760_0 .net *"_ivl_10", 0 0, L_000001ecbbd32bf0;  1 drivers
v000001ecbbd32920_0 .net *"_ivl_13", 0 0, L_000001ecbbd03c00;  1 drivers
L_000001ecbbd87920 .functor BUFT 1, C4<01>, C4<0>, C4<0>, C4<0>;
v000001ecbbd329c0_0 .net/2s *"_ivl_14", 1 0, L_000001ecbbd87920;  1 drivers
L_000001ecbbd87968 .functor BUFT 1, C4<00>, C4<0>, C4<0>, C4<0>;
v000001ecbbd32a60_0 .net/2s *"_ivl_16", 1 0, L_000001ecbbd87968;  1 drivers
v000001ecbbd339b0_0 .net *"_ivl_18", 1 0, L_000001ecbbd33730;  1 drivers
v000001ecbbd32c90_0 .net *"_ivl_2", 0 0, L_000001ecbbd33050;  1 drivers
v000001ecbbd33690_0 .net *"_ivl_4", 31 0, L_000001ecbbd32b50;  1 drivers
L_000001ecbbd87890 .functor BUFT 1, C4<0000000000000000000000000000000>, C4<0>, C4<0>, C4<0>;
v000001ecbbd33550_0 .net *"_ivl_7", 30 0, L_000001ecbbd87890;  1 drivers
L_000001ecbbd878d8 .functor BUFT 1, C4<00000000000000000000000000000000>, C4<0>, C4<0>, C4<0>;
v000001ecbbd337d0_0 .net/2u *"_ivl_8", 31 0, L_000001ecbbd878d8;  1 drivers
v000001ecbbd32e70_0 .var "state", 2 0;
o000001ecbbd3b1e8 .functor BUFZ 1, C4<z>; HiZ drive
v000001ecbbd335f0_0 .net "sys_clk", 0 0, o000001ecbbd3b1e8;  0 drivers
o000001ecbbd3b218 .functor BUFZ 1, C4<z>; HiZ drive
v000001ecbbd32d30_0 .net "sys_rst", 0 0, o000001ecbbd3b218;  0 drivers
o000001ecbbd3b248 .functor BUFZ 1, C4<z>; HiZ drive
v000001ecbbd334b0_0 .net "x", 0 0, o000001ecbbd3b248;  0 drivers
v000001ecbbd32dd0_0 .net "z", 0 0, L_000001ecbbd330f0;  1 drivers
E_000001ecbbd35270/0 .event negedge, v000001ecbbd32d30_0;
E_000001ecbbd35270/1 .event posedge, v000001ecbbd335f0_0;
E_000001ecbbd35270 .event/or E_000001ecbbd35270/0, E_000001ecbbd35270/1;
L_000001ecbbd33050 .cmp/eq 3, v000001ecbbd32e70_0, L_000001ecbbd87848;
L_000001ecbbd32b50 .concat [ 1 31 0 0], o000001ecbbd3b248, L_000001ecbbd87890;
L_000001ecbbd32bf0 .cmp/eq 32, L_000001ecbbd32b50, L_000001ecbbd878d8;
L_000001ecbbd33730 .functor MUXZ 2, L_000001ecbbd87968, L_000001ecbbd87920, L_000001ecbbd03c00, C4<>;
L_000001ecbbd330f0 .part L_000001ecbbd33730, 0, 1;
    .scope S_000001ecbbe1bbd0;
T_0 ;
    %wait E_000001ecbbd35270;
    %load/vec4 v000001ecbbd32d30_0;
    %nor/r;
    %flag_set/vec4 8;
    %jmp/0xz  T_0.0, 8;
    %pushi/vec4 0, 0, 3;
    %assign/vec4 v000001ecbbd32e70_0, 0;
    %jmp T_0.1;
T_0.0 ;
    %load/vec4 v000001ecbbd32e70_0;
    %dup/vec4;
    %pushi/vec4 0, 0, 3;
    %cmp/u;
    %jmp/1 T_0.2, 6;
    %dup/vec4;
    %pushi/vec4 1, 0, 3;
    %cmp/u;
    %jmp/1 T_0.3, 6;
    %dup/vec4;
    %pushi/vec4 2, 0, 3;
    %cmp/u;
    %jmp/1 T_0.4, 6;
    %dup/vec4;
    %pushi/vec4 3, 0, 3;
    %cmp/u;
    %jmp/1 T_0.5, 6;
    %dup/vec4;
    %pushi/vec4 4, 0, 3;
    %cmp/u;
    %jmp/1 T_0.6, 6;
    %dup/vec4;
    %pushi/vec4 5, 0, 3;
    %cmp/u;
    %jmp/1 T_0.7, 6;
    %dup/vec4;
    %pushi/vec4 6, 0, 3;
    %cmp/u;
    %jmp/1 T_0.8, 6;
    %dup/vec4;
    %pushi/vec4 7, 0, 3;
    %cmp/u;
    %jmp/1 T_0.9, 6;
    %pushi/vec4 0, 0, 3;
    %assign/vec4 v000001ecbbd32e70_0, 0;
    %jmp T_0.11;
T_0.2 ;
    %load/vec4 v000001ecbbd334b0_0;
    %pad/u 32;
    %cmpi/e 1, 0, 32;
    %jmp/0xz  T_0.12, 4;
    %pushi/vec4 1, 0, 3;
    %assign/vec4 v000001ecbbd32e70_0, 0;
    %jmp T_0.13;
T_0.12 ;
    %pushi/vec4 0, 0, 3;
    %assign/vec4 v000001ecbbd32e70_0, 0;
T_0.13 ;
    %jmp T_0.11;
T_0.3 ;
    %load/vec4 v000001ecbbd334b0_0;
    %pad/u 32;
    %cmpi/e 0, 0, 32;
    %jmp/0xz  T_0.14, 4;
    %pushi/vec4 2, 0, 3;
    %assign/vec4 v000001ecbbd32e70_0, 0;
    %jmp T_0.15;
T_0.14 ;
    %pushi/vec4 1, 0, 3;
    %assign/vec4 v000001ecbbd32e70_0, 0;
T_0.15 ;
    %jmp T_0.11;
T_0.4 ;
    %load/vec4 v000001ecbbd334b0_0;
    %pad/u 32;
    %cmpi/e 0, 0, 32;
    %jmp/0xz  T_0.16, 4;
    %pushi/vec4 3, 0, 3;
    %assign/vec4 v000001ecbbd32e70_0, 0;
    %jmp T_0.17;
T_0.16 ;
    %pushi/vec4 6, 0, 3;
    %assign/vec4 v000001ecbbd32e70_0, 0;
T_0.17 ;
    %jmp T_0.11;
T_0.5 ;
    %load/vec4 v000001ecbbd334b0_0;
    %pad/u 32;
    %cmpi/e 1, 0, 32;
    %jmp/0xz  T_0.18, 4;
    %pushi/vec4 4, 0, 3;
    %assign/vec4 v000001ecbbd32e70_0, 0;
    %jmp T_0.19;
T_0.18 ;
    %pushi/vec4 7, 0, 3;
    %assign/vec4 v000001ecbbd32e70_0, 0;
T_0.19 ;
    %jmp T_0.11;
T_0.6 ;
    %load/vec4 v000001ecbbd334b0_0;
    %pad/u 32;
    %cmpi/e 0, 0, 32;
    %jmp/0xz  T_0.20, 4;
    %pushi/vec4 5, 0, 3;
    %assign/vec4 v000001ecbbd32e70_0, 0;
    %jmp T_0.21;
T_0.20 ;
    %pushi/vec4 1, 0, 3;
    %assign/vec4 v000001ecbbd32e70_0, 0;
T_0.21 ;
    %jmp T_0.11;
T_0.7 ;
    %load/vec4 v000001ecbbd334b0_0;
    %pad/u 32;
    %cmpi/e 0, 0, 32;
    %jmp/0xz  T_0.22, 4;
    %pushi/vec4 3, 0, 3;
    %assign/vec4 v000001ecbbd32e70_0, 0;
    %jmp T_0.23;
T_0.22 ;
    %pushi/vec4 1, 0, 3;
    %assign/vec4 v000001ecbbd32e70_0, 0;
T_0.23 ;
    %jmp T_0.11;
T_0.8 ;
    %load/vec4 v000001ecbbd334b0_0;
    %pad/u 32;
    %cmpi/e 0, 0, 32;
    %jmp/0xz  T_0.24, 4;
    %pushi/vec4 1, 0, 3;
    %assign/vec4 v000001ecbbd32e70_0, 0;
    %jmp T_0.25;
T_0.24 ;
    %pushi/vec4 2, 0, 3;
    %assign/vec4 v000001ecbbd32e70_0, 0;
T_0.25 ;
    %jmp T_0.11;
T_0.9 ;
    %load/vec4 v000001ecbbd334b0_0;
    %pad/u 32;
    %cmpi/e 1, 0, 32;
    %jmp/0xz  T_0.26, 4;
    %pushi/vec4 6, 0, 3;
    %assign/vec4 v000001ecbbd32e70_0, 0;
    %jmp T_0.27;
T_0.26 ;
    %pushi/vec4 2, 0, 3;
    %assign/vec4 v000001ecbbd32e70_0, 0;
T_0.27 ;
    %jmp T_0.11;
T_0.11 ;
    %pop/vec4 1;
T_0.1 ;
    %jmp T_0;
    .thread T_0;
# The file index is used to find the file name in the following table.
:file_names 3;
    "N/A";
    "<interactive>";
    "detector.v";
