#! /c/Source/iverilog-install/bin/vvp
:ivl_version "12.0 (devel)" "(s20150603-1539-g2693dd32b)";
:ivl_delay_selection "TYPICAL";
:vpi_time_precision + 0;
:vpi_module "D:\Software\iverilog\lib\ivl\system.vpi";
:vpi_module "D:\Software\iverilog\lib\ivl\vhdl_sys.vpi";
:vpi_module "D:\Software\iverilog\lib\ivl\vhdl_textio.vpi";
:vpi_module "D:\Software\iverilog\lib\ivl\v2005_math.vpi";
:vpi_module "D:\Software\iverilog\lib\ivl\va_math.vpi";
S_000002bca5a06760 .scope module, "Traffic_lights" "Traffic_lights" 2 14;
 .timescale 0 0;
    .port_info 0 /INPUT 1 "sys_rst";
    .port_info 1 /INPUT 1 "sys_clk";
    .port_info 2 /OUTPUT 3 "North_Lights";
    .port_info 3 /OUTPUT 3 "South_Lights";
    .port_info 4 /OUTPUT 3 "East_Lights";
    .port_info 5 /OUTPUT 3 "West_Lights";
    .port_info 6 /INPUT 3 "light_states";
P_000002bca5a068f0 .param/l "Idle" 0 2 31, C4<000>;
P_000002bca5a06928 .param/l "green" 0 2 30, C4<100>;
P_000002bca5a06960 .param/l "model1" 0 2 33, C4<000>;
P_000002bca5a06998 .param/l "model2" 0 2 34, C4<001>;
P_000002bca5a069d0 .param/l "model3" 0 2 35, C4<010>;
P_000002bca5a06a08 .param/l "model4" 0 2 36, C4<011>;
P_000002bca5a06a40 .param/l "red" 0 2 28, C4<001>;
P_000002bca5a06a78 .param/l "yellow" 0 2 29, C4<010>;
v000002bca5a06de0_0 .var "East_Lights", 2 0;
v000002bca5a06ac0_0 .var "North_Lights", 2 0;
v000002bca5a06b60_0 .var "South_Lights", 2 0;
v000002bca5a0be60_0 .var "West_Lights", 2 0;
v000002bca5a0bf00_0 .var "count_rst", 0 0;
v000002bca58d3d80_0 .var "light_Counts", 31 0;
v000002bca58d3e20_0 .var "light_exist", 7 0;
o000002bca58e4128 .functor BUFZ 3, C4<zzz>; HiZ drive
v000002bca58d3ec0_0 .net "light_states", 2 0, o000002bca58e4128;  0 drivers
v000002bca58d3f60_0 .var "states", 2 0;
o000002bca58e4188 .functor BUFZ 1, C4<z>; HiZ drive
v000002bca58d4000_0 .net "sys_clk", 0 0, o000002bca58e4188;  0 drivers
o000002bca58e41b8 .functor BUFZ 1, C4<z>; HiZ drive
v000002bca58d40a0_0 .net "sys_rst", 0 0, o000002bca58e41b8;  0 drivers
E_000002bca58c50f0/0 .event negedge, v000002bca58d40a0_0;
E_000002bca58c50f0/1 .event posedge, v000002bca58d4000_0;
E_000002bca58c50f0 .event/or E_000002bca58c50f0/0, E_000002bca58c50f0/1;
    .scope S_000002bca5a06760;
T_0 ;
    %wait E_000002bca58c50f0;
    %load/vec4 v000002bca58d40a0_0;
    %nor/r;
    %flag_set/vec4 8;
    %jmp/0xz  T_0.0, 8;
    %load/vec4 v000002bca58d3ec0_0;
    %assign/vec4 v000002bca58d3f60_0, 0;
    %pushi/vec4 0, 0, 32;
    %assign/vec4 v000002bca58d3d80_0, 0;
    %pushi/vec4 0, 0, 8;
    %assign/vec4 v000002bca58d3e20_0, 0;
    %pushi/vec4 0, 0, 1;
    %assign/vec4 v000002bca5a0bf00_0, 0;
    %pushi/vec4 0, 0, 3;
    %assign/vec4 v000002bca5a06ac0_0, 0;
    %pushi/vec4 0, 0, 3;
    %assign/vec4 v000002bca5a06b60_0, 0;
    %pushi/vec4 0, 0, 3;
    %assign/vec4 v000002bca5a06de0_0, 0;
    %pushi/vec4 0, 0, 3;
    %assign/vec4 v000002bca5a0be60_0, 0;
    %jmp T_0.1;
T_0.0 ;
    %load/vec4 v000002bca58d3f60_0;
    %dup/vec4;
    %pushi/vec4 0, 0, 3;
    %cmp/u;
    %jmp/1 T_0.2, 6;
    %dup/vec4;
    %pushi/vec4 1, 0, 3;
    %cmp/u;
    %jmp/1 T_0.3, 6;
    %dup/vec4;
    %pushi/vec4 2, 0, 3;
    %cmp/u;
    %jmp/1 T_0.4, 6;
    %dup/vec4;
    %pushi/vec4 3, 0, 3;
    %cmp/u;
    %jmp/1 T_0.5, 6;
    %pushi/vec4 0, 0, 3;
    %assign/vec4 v000002bca58d3f60_0, 0;
    %jmp T_0.7;
T_0.2 ;
    %load/vec4 v000002bca58d3e20_0;
    %pad/u 32;
    %cmpi/e 29, 0, 32;
    %jmp/0xz  T_0.8, 4;
    %pushi/vec4 1, 0, 3;
    %assign/vec4 v000002bca58d3f60_0, 0;
    %pushi/vec4 0, 0, 8;
    %assign/vec4 v000002bca58d3e20_0, 0;
    %pushi/vec4 1, 0, 1;
    %assign/vec4 v000002bca5a0bf00_0, 0;
    %jmp T_0.9;
T_0.8 ;
    %pushi/vec4 4, 0, 3;
    %assign/vec4 v000002bca5a06de0_0, 0;
    %pushi/vec4 4, 0, 3;
    %assign/vec4 v000002bca5a0be60_0, 0;
    %pushi/vec4 1, 0, 3;
    %assign/vec4 v000002bca5a06ac0_0, 0;
    %pushi/vec4 1, 0, 3;
    %assign/vec4 v000002bca5a06b60_0, 0;
T_0.9 ;
    %jmp T_0.7;
T_0.3 ;
    %load/vec4 v000002bca58d3e20_0;
    %pad/u 32;
    %cmpi/e 2, 0, 32;
    %jmp/0xz  T_0.10, 4;
    %pushi/vec4 2, 0, 3;
    %assign/vec4 v000002bca58d3f60_0, 0;
    %pushi/vec4 0, 0, 8;
    %assign/vec4 v000002bca58d3e20_0, 0;
    %pushi/vec4 1, 0, 1;
    %assign/vec4 v000002bca5a0bf00_0, 0;
    %jmp T_0.11;
T_0.10 ;
    %pushi/vec4 2, 0, 3;
    %assign/vec4 v000002bca5a06de0_0, 0;
    %pushi/vec4 2, 0, 3;
    %assign/vec4 v000002bca5a0be60_0, 0;
    %pushi/vec4 1, 0, 3;
    %assign/vec4 v000002bca5a06ac0_0, 0;
    %pushi/vec4 1, 0, 3;
    %assign/vec4 v000002bca5a06b60_0, 0;
T_0.11 ;
    %jmp T_0.7;
T_0.4 ;
    %load/vec4 v000002bca58d3e20_0;
    %pad/u 32;
    %cmpi/e 30, 0, 32;
    %jmp/0xz  T_0.12, 4;
    %pushi/vec4 3, 0, 3;
    %assign/vec4 v000002bca58d3f60_0, 0;
    %pushi/vec4 0, 0, 8;
    %assign/vec4 v000002bca58d3e20_0, 0;
    %pushi/vec4 1, 0, 1;
    %assign/vec4 v000002bca5a0bf00_0, 0;
    %jmp T_0.13;
T_0.12 ;
    %pushi/vec4 1, 0, 3;
    %assign/vec4 v000002bca5a06de0_0, 0;
    %pushi/vec4 1, 0, 3;
    %assign/vec4 v000002bca5a0be60_0, 0;
    %pushi/vec4 4, 0, 3;
    %assign/vec4 v000002bca5a06ac0_0, 0;
    %pushi/vec4 4, 0, 3;
    %assign/vec4 v000002bca5a06b60_0, 0;
T_0.13 ;
    %jmp T_0.7;
T_0.5 ;
    %load/vec4 v000002bca58d3e20_0;
    %pad/u 32;
    %cmpi/e 2, 0, 32;
    %jmp/0xz  T_0.14, 4;
    %pushi/vec4 0, 0, 3;
    %assign/vec4 v000002bca58d3f60_0, 0;
    %pushi/vec4 0, 0, 8;
    %assign/vec4 v000002bca58d3e20_0, 0;
    %pushi/vec4 1, 0, 1;
    %assign/vec4 v000002bca5a0bf00_0, 0;
    %jmp T_0.15;
T_0.14 ;
    %pushi/vec4 1, 0, 3;
    %assign/vec4 v000002bca5a06de0_0, 0;
    %pushi/vec4 1, 0, 3;
    %assign/vec4 v000002bca5a0be60_0, 0;
    %pushi/vec4 2, 0, 3;
    %assign/vec4 v000002bca5a06ac0_0, 0;
    %pushi/vec4 2, 0, 3;
    %assign/vec4 v000002bca5a06b60_0, 0;
T_0.15 ;
    %jmp T_0.7;
T_0.7 ;
    %pop/vec4 1;
T_0.1 ;
    %jmp T_0;
    .thread T_0;
    .scope S_000002bca5a06760;
T_1 ;
    %wait E_000002bca58c50f0;
    %load/vec4 v000002bca58d40a0_0;
    %flag_set/vec4 8;
    %jmp/0xz  T_1.0, 8;
    %load/vec4 v000002bca5a0bf00_0;
    %nor/r;
    %flag_set/vec4 8;
    %jmp/0xz  T_1.2, 8;
    %load/vec4 v000002bca58d3d80_0;
    %cmpi/u 366, 0, 32;
    %flag_inv 5; GE is !LT
    %jmp/0xz  T_1.4, 5;
    %load/vec4 v000002bca58d3e20_0;
    %addi 1, 0, 8;
    %assign/vec4 v000002bca58d3e20_0, 0;
    %pushi/vec4 0, 0, 32;
    %assign/vec4 v000002bca58d3d80_0, 0;
    %jmp T_1.5;
T_1.4 ;
    %load/vec4 v000002bca58d3e20_0;
    %assign/vec4 v000002bca58d3e20_0, 0;
    %load/vec4 v000002bca58d3d80_0;
    %addi 1, 0, 32;
    %assign/vec4 v000002bca58d3d80_0, 0;
T_1.5 ;
    %jmp T_1.3;
T_1.2 ;
    %pushi/vec4 0, 0, 8;
    %assign/vec4 v000002bca58d3e20_0, 0;
    %pushi/vec4 0, 0, 1;
    %assign/vec4 v000002bca5a0bf00_0, 0;
T_1.3 ;
T_1.0 ;
    %jmp T_1;
    .thread T_1;
# The file index is used to find the file name in the following table.
:file_names 3;
    "N/A";
    "<interactive>";
    "Traffic_lights.v";
