Vivado Simulator 2019.2
Time resolution is 1 ps
##############image result check begin##############
result error ---> row_num : 1;col_num : 1;pixel data(y cb cr) : (00 80 80);reference data(y cb cr) : (73 96 0a)
result error ---> row_num : 1;col_num : 2;pixel data(y cb cr) : (00 80 80);reference data(y cb cr) : (74 89 73)
result error ---> row_num : 1;col_num : 3;pixel data(y cb cr) : (00 80 80);reference data(y cb cr) : (83 64 7a)
result error ---> row_num : 1;col_num : 4;pixel data(y cb cr) : (00 80 80);reference data(y cb cr) : (64 5a 63)
result error ---> row_num : 1;col_num : 5;pixel data(y cb cr) : (00 80 80);reference data(y cb cr) : (7c 58 83)
result error ---> row_num : 1;col_num : 6;pixel data(y cb cr) : (83 6c 98);reference data(y cb cr) : (52 83 75)
result error ---> row_num : 1;col_num : 7;pixel data(y cb cr) : (34 59 82);reference data(y cb cr) : (8a 82 93)
result error ---> row_num : 1;col_num : 8;pixel data(y cb cr) : (4e 41 66);reference data(y cb cr) : (51 84 71)
result error ---> row_num : 1;col_num : 9;pixel data(y cb cr) : (80 3b 86);reference data(y cb cr) : (84 63 73)
result error ---> row_num : 1;col_num : 10;pixel data(y cb cr) : (4c 5e 8a);reference data(y cb cr) : (61 81 71)
result error ---> row_num : 1;col_num : 11;pixel data(y cb cr) : (1d 5c 88);reference data(y cb cr) : (8a 83 94)
result error ---> row_num : 1;col_num : 12;pixel data(y cb cr) : (4f 43 6a);reference data(y cb cr) : (72 8c 73)
result error ---> row_num : 1;col_num : 13;pixel data(y cb cr) : (58 32 86);reference data(y cb cr) : (8a 71 85)
result error ---> row_num : 1;col_num : 14;pixel data(y cb cr) : (9e 1a 7e);reference data(y cb cr) : (72 82 72)
result error ---> row_num : 1;col_num : 15;pixel data(y cb cr) : (6b 52 96);reference data(y cb cr) : (84 72 85)
result error ---> row_num : 1;col_num : 16;pixel data(y cb cr) : (85 0a 50);reference data(y cb cr) : (64 82 72)
result error ---> row_num : 1;col_num : 17;pixel data(y cb cr) : (b8 1c 87);reference data(y cb cr) : (8c 72 94)
result error ---> row_num : 1;col_num : 18;pixel data(y cb cr) : (66 4f 8e);reference data(y cb cr) : (65 83 73)
result error ---> row_num : 1;col_num : 19;pixel data(y cb cr) : (4e 4c 7e);reference data(y cb cr) : (94 8b 94)
result error ---> row_num : 1;col_num : 20;pixel data(y cb cr) : (55 46 72);reference data(y cb cr) : (74 82 73)
result error ---> row_num : 1;col_num : 21;pixel data(y cb cr) : (5b 53 7f);reference data(y cb cr) : (83 74 82)
result error ---> row_num : 1;col_num : 22;pixel data(y cb cr) : (3d 57 82);reference data(y cb cr) : (72 8c 83)
result error ---> row_num : 1;col_num : 23;pixel data(y cb cr) : (6f 32 7b);reference data(y cb cr) : (94 89 9d)
result error ---> row_num : 1;col_num : 24;pixel data(y cb cr) : (55 64 9a);reference data(y cb cr) : (70 85 75)
result error ---> row_num : 1;col_num : 25;pixel data(y cb cr) : (35 34 7c);reference data(y cb cr) : (8a 72 8b)
result error ---> row_num : 1;col_num : 26;pixel data(y cb cr) : (a2 12 7b);reference data(y cb cr) : (73 94 73)
result error ---> row_num : 1;col_num : 27;pixel data(y cb cr) : (36 55 7b);reference data(y cb cr) : (8d 74 88)
result error ---> row_num : 1;col_num : 28;pixel data(y cb cr) : (6f 1a 66);reference data(y cb cr) : (73 8c 73)
result error ---> row_num : 1;col_num : 29;pixel data(y cb cr) : (79 3e 74);reference data(y cb cr) : (92 74 8b)
result error ---> row_num : 1;col_num : 30;pixel data(y cb cr) : (50 56 8c);reference data(y cb cr) : (71 8b 63)
result error ---> row_num : 1;col_num : 31;pixel data(y cb cr) : (43 1f 72);reference data(y cb cr) : (84 71 85)
result error ---> row_num : 1;col_num : 32;pixel data(y cb cr) : (86 51 99);reference data(y cb cr) : (74 8b 72)
result error ---> row_num : 1;col_num : 33;pixel data(y cb cr) : (1e 5c 87);reference data(y cb cr) : (94 8a 9b)
result error ---> row_num : 1;col_num : 34;pixel data(y cb cr) : (93 ff 45);reference data(y cb cr) : (72 94 72)
result error ---> row_num : 1;col_num : 35;pixel data(y cb cr) : (8c 52 8f);reference data(y cb cr) : (8c 83 94)
result error ---> row_num : 1;col_num : 36;pixel data(y cb cr) : (5b 2d 67);reference data(y cb cr) : (8e 9b 96)
result error ---> row_num : 1;col_num : 37;pixel data(y cb cr) : (5a 24 6a);reference data(y cb cr) : (b4 8b a3)
result error ---> row_num : 1;col_num : 38;pixel data(y cb cr) : (88 18 77);reference data(y cb cr) : (8a a4 93)
