#! /c/Source/iverilog-install/bin/vvp
:ivl_version "12.0 (devel)" "(s20150603-1539-g2693dd32b)";
:ivl_delay_selection "TYPICAL";
:vpi_time_precision + 0;
:vpi_module "D:\Software\iverilog\lib\ivl\system.vpi";
:vpi_module "D:\Software\iverilog\lib\ivl\vhdl_sys.vpi";
:vpi_module "D:\Software\iverilog\lib\ivl\vhdl_textio.vpi";
:vpi_module "D:\Software\iverilog\lib\ivl\v2005_math.vpi";
:vpi_module "D:\Software\iverilog\lib\ivl\va_math.vpi";
S_00000138ce173360 .scope module, "YCbCrtoRGB" "YCbCrtoRGB" 2 1;
 .timescale 0 0;
    .port_info 0 /INPUT 1 "sys_clk";
    .port_info 1 /INPUT 1 "sys_rst";
    .port_info 2 /INPUT 1 "per_img_vsync";
    .port_info 3 /INPUT 1 "per_img_href";
    .port_info 4 /INPUT 8 "per_img_red";
    .port_info 5 /INPUT 8 "per_img_green";
    .port_info 6 /INPUT 8 "per_img_blue";
    .port_info 7 /OUTPUT 1 "post_img_vsync";
    .port_info 8 /OUTPUT 1 "post_img_href";
    .port_info 9 /OUTPUT 8 "post_img_Y";
    .port_info 10 /OUTPUT 8 "post_img_Cb";
    .port_info 11 /OUTPUT 8 "post_img_Cr";
L_00000138ce203e08 .functor BUFT 1, C4<00000000>, C4<0>, C4<0>, C4<0>;
v00000138cdf4bcf0_0 .net/2u *"_ivl_12", 7 0, L_00000138ce203e08;  1 drivers
L_00000138ce203d78 .functor BUFT 1, C4<00000000>, C4<0>, C4<0>, C4<0>;
v00000138ce1739e0_0 .net/2u *"_ivl_4", 7 0, L_00000138ce203d78;  1 drivers
L_00000138ce203dc0 .functor BUFT 1, C4<00000000>, C4<0>, C4<0>, C4<0>;
v00000138ce1735c0_0 .net/2u *"_ivl_8", 7 0, L_00000138ce203dc0;  1 drivers
v00000138ce173660_0 .var "img_Cb_r0", 15 0;
v00000138ce173700_0 .var "img_Cb_r1", 7 0;
v00000138ce203060_0 .var "img_Cr_r0", 15 0;
v00000138ce202fc0_0 .var "img_Cr_r1", 7 0;
v00000138ce203100_0 .var "img_Y_r0", 15 0;
v00000138ce2031a0_0 .var "img_Y_r1", 7 0;
v00000138ce203b00_0 .var "img_blue_r0", 15 0;
v00000138ce203240_0 .var "img_blue_r1", 15 0;
v00000138ce203a60_0 .var "img_blue_r2", 15 0;
v00000138ce203ba0_0 .var "img_green_r0", 15 0;
v00000138ce203600_0 .var "img_green_r1", 15 0;
v00000138ce203920_0 .var "img_green_r2", 15 0;
v00000138ce203560_0 .var "img_red_r0", 15 0;
v00000138ce203420_0 .var "img_red_r1", 15 0;
v00000138ce2032e0_0 .var "img_red_r2", 15 0;
o00000138ce1b2338 .functor BUFZ 8, C4<zzzzzzzz>; HiZ drive
v00000138ce202d40_0 .net "per_img_blue", 7 0, o00000138ce1b2338;  0 drivers
o00000138ce1b2368 .functor BUFZ 8, C4<zzzzzzzz>; HiZ drive
v00000138ce203740_0 .net "per_img_green", 7 0, o00000138ce1b2368;  0 drivers
o00000138ce1b2398 .functor BUFZ 1, C4<z>; HiZ drive
v00000138ce202ca0_0 .net "per_img_href", 0 0, o00000138ce1b2398;  0 drivers
v00000138ce202de0_0 .var "per_img_href_r", 2 0;
o00000138ce1b23f8 .functor BUFZ 8, C4<zzzzzzzz>; HiZ drive
v00000138ce2036a0_0 .net "per_img_red", 7 0, o00000138ce1b23f8;  0 drivers
o00000138ce1b2428 .functor BUFZ 1, C4<z>; HiZ drive
v00000138ce2037e0_0 .net "per_img_vsync", 0 0, o00000138ce1b2428;  0 drivers
v00000138ce203380_0 .var "per_img_vsync_r", 2 0;
v00000138ce202e80_0 .net "post_img_Cb", 7 0, L_00000138ce1a25c0;  1 drivers
v00000138ce203880_0 .net "post_img_Cr", 7 0, L_00000138ce1a2a20;  1 drivers
v00000138ce2039c0_0 .net "post_img_Y", 7 0, L_00000138ce1a1440;  1 drivers
v00000138ce2034c0_0 .net "post_img_href", 0 0, L_00000138ce1a2160;  1 drivers
v00000138ce202f20_0 .net "post_img_vsync", 0 0, L_00000138ce1a1a80;  1 drivers
o00000138ce1b2578 .functor BUFZ 1, C4<z>; HiZ drive
v00000138ce1a13a0_0 .net "sys_clk", 0 0, o00000138ce1b2578;  0 drivers
o00000138ce1b25a8 .functor BUFZ 1, C4<z>; HiZ drive
v00000138ce1a1b20_0 .net "sys_rst", 0 0, o00000138ce1b25a8;  0 drivers
E_00000138ce19a280/0 .event negedge, v00000138ce1a1b20_0;
E_00000138ce19a280/1 .event posedge, v00000138ce1a13a0_0;
E_00000138ce19a280 .event/or E_00000138ce19a280/0, E_00000138ce19a280/1;
E_00000138ce199480 .event posedge, v00000138ce1a13a0_0;
L_00000138ce1a1a80 .part v00000138ce203380_0, 2, 1;
L_00000138ce1a2160 .part v00000138ce202de0_0, 2, 1;
L_00000138ce1a1440 .functor MUXZ 8, L_00000138ce203d78, v00000138ce2031a0_0, L_00000138ce1a2160, C4<>;
L_00000138ce1a25c0 .functor MUXZ 8, L_00000138ce203dc0, v00000138ce173700_0, L_00000138ce1a2160, C4<>;
L_00000138ce1a2a20 .functor MUXZ 8, L_00000138ce203e08, v00000138ce202fc0_0, L_00000138ce1a2160, C4<>;
    .scope S_00000138ce173360;
T_0 ;
    %wait E_00000138ce199480;
    %load/vec4 v00000138ce2036a0_0;
    %pad/u 16;
    %muli 76, 0, 16;
    %assign/vec4 v00000138ce203560_0, 0;
    %load/vec4 v00000138ce2036a0_0;
    %pad/u 16;
    %muli 43, 0, 16;
    %assign/vec4 v00000138ce203420_0, 0;
    %load/vec4 v00000138ce2036a0_0;
    %pad/u 16;
    %muli 128, 0, 16;
    %assign/vec4 v00000138ce2032e0_0, 0;
    %load/vec4 v00000138ce203740_0;
    %pad/u 16;
    %muli 150, 0, 16;
    %assign/vec4 v00000138ce203ba0_0, 0;
    %load/vec4 v00000138ce203740_0;
    %pad/u 16;
    %muli 84, 0, 16;
    %assign/vec4 v00000138ce203600_0, 0;
    %load/vec4 v00000138ce203740_0;
    %pad/u 16;
    %muli 107, 0, 16;
    %assign/vec4 v00000138ce203920_0, 0;
    %load/vec4 v00000138ce202d40_0;
    %pad/u 16;
    %muli 29, 0, 16;
    %assign/vec4 v00000138ce203b00_0, 0;
    %load/vec4 v00000138ce202d40_0;
    %pad/u 16;
    %muli 128, 0, 16;
    %assign/vec4 v00000138ce203240_0, 0;
    %load/vec4 v00000138ce202d40_0;
    %pad/u 16;
    %muli 20, 0, 16;
    %assign/vec4 v00000138ce203a60_0, 0;
    %jmp T_0;
    .thread T_0;
    .scope S_00000138ce173360;
T_1 ;
    %wait E_00000138ce199480;
    %load/vec4 v00000138ce203560_0;
    %load/vec4 v00000138ce203ba0_0;
    %add;
    %load/vec4 v00000138ce203b00_0;
    %add;
    %assign/vec4 v00000138ce203100_0, 0;
    %load/vec4 v00000138ce203420_0;
    %load/vec4 v00000138ce203600_0;
    %sub;
    %load/vec4 v00000138ce203240_0;
    %sub;
    %addi 32768, 0, 16;
    %assign/vec4 v00000138ce173660_0, 0;
    %load/vec4 v00000138ce2032e0_0;
    %load/vec4 v00000138ce203920_0;
    %sub;
    %load/vec4 v00000138ce203a60_0;
    %sub;
    %addi 32768, 0, 16;
    %assign/vec4 v00000138ce203060_0, 0;
    %jmp T_1;
    .thread T_1;
    .scope S_00000138ce173360;
T_2 ;
    %wait E_00000138ce199480;
    %load/vec4 v00000138ce203100_0;
    %parti/s 8, 8, 5;
    %assign/vec4 v00000138ce2031a0_0, 0;
    %load/vec4 v00000138ce173660_0;
    %parti/s 8, 8, 5;
    %assign/vec4 v00000138ce173700_0, 0;
    %load/vec4 v00000138ce203060_0;
    %parti/s 8, 8, 5;
    %assign/vec4 v00000138ce202fc0_0, 0;
    %jmp T_2;
    .thread T_2;
    .scope S_00000138ce173360;
T_3 ;
    %wait E_00000138ce19a280;
    %load/vec4 v00000138ce1a1b20_0;
    %nor/r;
    %flag_set/vec4 8;
    %jmp/0xz  T_3.0, 8;
    %pushi/vec4 0, 0, 3;
    %assign/vec4 v00000138ce203380_0, 0;
    %pushi/vec4 0, 0, 3;
    %assign/vec4 v00000138ce202de0_0, 0;
    %jmp T_3.1;
T_3.0 ;
    %load/vec4 v00000138ce203380_0;
    %parti/s 2, 0, 2;
    %load/vec4 v00000138ce2037e0_0;
    %concat/vec4; draw_concat_vec4
    %assign/vec4 v00000138ce203380_0, 0;
    %load/vec4 v00000138ce203380_0;
    %parti/s 2, 0, 2;
    %load/vec4 v00000138ce202ca0_0;
    %concat/vec4; draw_concat_vec4
    %assign/vec4 v00000138ce202de0_0, 0;
T_3.1 ;
    %jmp T_3;
    .thread T_3;
# The file index is used to find the file name in the following table.
:file_names 3;
    "N/A";
    "<interactive>";
    "YCbCrtoRGB.v";
