Vivado Simulator 2019.2
Time resolution is 1 ps
WARNING: File ../RGBtoYCbCr.per/img_YCbCr.dat referenced on D:/Project/FPGA/FPGA/DIP/Project/RGBtoYCbCr/RGBtoYCbCr.src/testbench.sv at line 90 cannot be opened for reading. Please ensure that this file is available in the current working directory.
WARNING: File ./RGBtoYCbCr.per/img_RGB.dat referenced on D:/Project/FPGA/FPGA/DIP/Project/RGBtoYCbCr/RGBtoYCbCr.src/testbench.sv at line 45 cannot be opened for reading. Please ensure that this file is available in the current working directory.
##############image result check begin##############
result error ---> row_num : 1;col_num : 1;pixel data(y cb cr) : (00 80 80);reference data(y cb cr) : (00 00 00)
result error ---> row_num : 1;col_num : 2;pixel data(y cb cr) : (00 80 80);reference data(y cb cr) : (00 00 00)
result error ---> row_num : 1;col_num : 3;pixel data(y cb cr) : (00 80 80);reference data(y cb cr) : (00 00 00)
result error ---> row_num : 1;col_num : 4;pixel data(y cb cr) : (00 80 80);reference data(y cb cr) : (00 00 00)
result error ---> row_num : 1;col_num : 5;pixel data(y cb cr) : (00 80 80);reference data(y cb cr) : (00 00 00)
result error ---> row_num : 1;col_num : 6;pixel data(y cb cr) : (00 80 80);reference data(y cb cr) : (00 00 00)
result error ---> row_num : 1;col_num : 7;pixel data(y cb cr) : (00 80 80);reference data(y cb cr) : (00 00 00)
result error ---> row_num : 1;col_num : 8;pixel data(y cb cr) : (00 80 80);reference data(y cb cr) : (00 00 00)
result error ---> row_num : 1;col_num : 9;pixel data(y cb cr) : (00 80 80);reference data(y cb cr) : (00 00 00)
result error ---> row_num : 1;col_num : 10;pixel data(y cb cr) : (00 80 80);reference data(y cb cr) : (00 00 00)
result error ---> row_num : 1;col_num : 11;pixel data(y cb cr) : (00 80 80);reference data(y cb cr) : (00 00 00)
result error ---> row_num : 1;col_num : 12;pixel data(y cb cr) : (00 80 80);reference data(y cb cr) : (00 00 00)
result error ---> row_num : 1;col_num : 13;pixel data(y cb cr) : (00 80 80);reference data(y cb cr) : (00 00 00)
result error ---> row_num : 1;col_num : 14;pixel data(y cb cr) : (00 80 80);reference data(y cb cr) : (00 00 00)
result error ---> row_num : 1;col_num : 15;pixel data(y cb cr) : (00 80 80);reference data(y cb cr) : (00 00 00)
result error ---> row_num : 1;col_num : 16;pixel data(y cb cr) : (00 80 80);reference data(y cb cr) : (00 00 00)
result error ---> row_num : 1;col_num : 17;pixel data(y cb cr) : (00 80 80);reference data(y cb cr) : (00 00 00)
result error ---> row_num : 1;col_num : 18;pixel data(y cb cr) : (00 80 80);reference data(y cb cr) : (00 00 00)
result error ---> row_num : 1;col_num : 19;pixel data(y cb cr) : (00 80 80);reference data(y cb cr) : (00 00 00)
result error ---> row_num : 1;col_num : 20;pixel data(y cb cr) : (00 80 80);reference data(y cb cr) : (00 00 00)
result error ---> row_num : 1;col_num : 21;pixel data(y cb cr) : (00 80 80);reference data(y cb cr) : (00 00 00)
result error ---> row_num : 1;col_num : 22;pixel data(y cb cr) : (00 80 80);reference data(y cb cr) : (00 00 00)
result error ---> row_num : 1;col_num : 23;pixel data(y cb cr) : (00 80 80);reference data(y cb cr) : (00 00 00)
result error ---> row_num : 1;col_num : 24;pixel data(y cb cr) : (00 80 80);reference data(y cb cr) : (00 00 00)
result error ---> row_num : 1;col_num : 25;pixel data(y cb cr) : (00 80 80);reference data(y cb cr) : (00 00 00)
result error ---> row_num : 1;col_num : 26;pixel data(y cb cr) : (00 80 80);reference data(y cb cr) : (00 00 00)
result error ---> row_num : 1;col_num : 27;pixel data(y cb cr) : (00 80 80);reference data(y cb cr) : (00 00 00)
result error ---> row_num : 1;col_num : 28;pixel data(y cb cr) : (00 80 80);reference data(y cb cr) : (00 00 00)
result error ---> row_num : 1;col_num : 29;pixel data(y cb cr) : (00 80 80);reference data(y cb cr) : (00 00 00)
result error ---> row_num : 1;col_num : 30;pixel data(y cb cr) : (00 80 80);reference data(y cb cr) : (00 00 00)
result error ---> row_num : 1;col_num : 31;pixel data(y cb cr) : (00 80 80);reference data(y cb cr) : (00 00 00)
result error ---> row_num : 1;col_num : 32;pixel data(y cb cr) : (00 80 80);reference data(y cb cr) : (00 00 00)
result error ---> row_num : 1;col_num : 33;pixel data(y cb cr) : (00 80 80);reference data(y cb cr) : (00 00 00)
