Vivado Simulator 2019.2
Time resolution is 1 ps
##############image result check begin##############
result error ---> row_num : 1;col_num : 1;pixel data(y cb cr) : (00 80 80);reference data(y cb cr) : (c6 d5 0d)
result error ---> row_num : 1;col_num : 2;pixel data(y cb cr) : (00 80 80);reference data(y cb cr) : (be cd c5)
result error ---> row_num : 1;col_num : 3;pixel data(y cb cr) : (00 80 80);reference data(y cb cr) : (d4 d3 e2)
result error ---> row_num : 1;col_num : 4;pixel data(y cb cr) : (00 80 80);reference data(y cb cr) : (e2 f1 c8)
result error ---> row_num : 1;col_num : 5;pixel data(y cb cr) : (00 80 80);reference data(y cb cr) : (d7 c3 d2)
result error ---> row_num : 1;col_num : 6;pixel data(y cb cr) : (81 5f 82);reference data(y cb cr) : (c8 d7 c3)
result error ---> row_num : 1;col_num : 7;pixel data(y cb cr) : (8f 22 78);reference data(y cb cr) : (d2 c4 d3)
result error ---> row_num : 1;col_num : 8;pixel data(y cb cr) : (8b 21 88);reference data(y cb cr) : (ce dd cf)
result error ---> row_num : 1;col_num : 9;pixel data(y cb cr) : (8f 21 78);reference data(y cb cr) : (de c0 cf)
result error ---> row_num : 1;col_num : 10;pixel data(y cb cr) : (8a 23 89);reference data(y cb cr) : (d6 e5 c1)
result error ---> row_num : 1;col_num : 11;pixel data(y cb cr) : (8c 23 77);reference data(y cb cr) : (d0 c9 d8)
result error ---> row_num : 1;col_num : 12;pixel data(y cb cr) : (89 23 89);reference data(y cb cr) : (cb da c4)
result error ---> row_num : 1;col_num : 13;pixel data(y cb cr) : (8c 23 76);reference data(y cb cr) : (d3 d7 e6)
result error ---> row_num : 1;col_num : 14;pixel data(y cb cr) : (88 23 8a);reference data(y cb cr) : (bd cc cd)
result error ---> row_num : 1;col_num : 15;pixel data(y cb cr) : (8c 24 77);reference data(y cb cr) : (dc dd ec)
result error ---> row_num : 1;col_num : 16;pixel data(y cb cr) : (89 24 8a);reference data(y cb cr) : (b3 c2 d6)
result error ---> row_num : 1;col_num : 17;pixel data(y cb cr) : (8d 22 77);reference data(y cb cr) : (e5 c8 d7)
result error ---> row_num : 1;col_num : 18;pixel data(y cb cr) : (89 23 89);reference data(y cb cr) : (bf ce cd)
result error ---> row_num : 1;col_num : 19;pixel data(y cb cr) : (8b 25 77);reference data(y cb cr) : (dc c4 d3)
result error ---> row_num : 1;col_num : 20;pixel data(y cb cr) : (85 27 8a);reference data(y cb cr) : (cb da c3)
result error ---> row_num : 1;col_num : 21;pixel data(y cb cr) : (85 29 77);reference data(y cb cr) : (d2 d2 e1)
result error ---> row_num : 1;col_num : 22;pixel data(y cb cr) : (7f 29 8a);reference data(y cb cr) : (ca d9 c1)
result error ---> row_num : 1;col_num : 23;pixel data(y cb cr) : (84 2a 76);reference data(y cb cr) : (d0 d7 e6)
result error ---> row_num : 1;col_num : 24;pixel data(y cb cr) : (80 28 8b);reference data(y cb cr) : (cc db c6)
result error ---> row_num : 1;col_num : 25;pixel data(y cb cr) : (87 27 74);reference data(y cb cr) : (d5 de ed)
result error ---> row_num : 1;col_num : 26;pixel data(y cb cr) : (82 27 8c);reference data(y cb cr) : (ca d9 d9)
result error ---> row_num : 1;col_num : 27;pixel data(y cb cr) : (87 24 74);reference data(y cb cr) : (e8 c5 d4)
result error ---> row_num : 1;col_num : 28;pixel data(y cb cr) : (87 24 89);reference data(y cb cr) : (cf de c1)
result error ---> row_num : 1;col_num : 29;pixel data(y cb cr) : (8c 24 77);reference data(y cb cr) : (d0 c7 d6)
result error ---> row_num : 1;col_num : 30;pixel data(y cb cr) : (8a 23 88);reference data(y cb cr) : (c4 d3 c2)
result error ---> row_num : 1;col_num : 31;pixel data(y cb cr) : (8e 22 78);reference data(y cb cr) : (d1 d6 e5)
result error ---> row_num : 1;col_num : 32;pixel data(y cb cr) : (8c 21 87);reference data(y cb cr) : (c8 d7 cf)
result error ---> row_num : 1;col_num : 33;pixel data(y cb cr) : (8f 21 79);reference data(y cb cr) : (de d8 e7)
result error ---> row_num : 1;col_num : 34;pixel data(y cb cr) : (8c 21 87);reference data(y cb cr) : (db ea ca)
result error ---> row_num : 1;col_num : 35;pixel data(y cb cr) : (8f 21 79);reference data(y cb cr) : (d9 c9 d8)
result error ---> row_num : 1;col_num : 36;pixel data(y cb cr) : (8c 21 87);reference data(y cb cr) : (ce dd c9)
result error ---> row_num : 1;col_num : 37;pixel data(y cb cr) : (8f 21 78);reference data(y cb cr) : (d8 c8 d7)
result error ---> row_num : 1;col_num : 38;pixel data(y cb cr) : (8c 21 88);reference data(y cb cr) : (bc cb ca)
