#! /c/Source/iverilog-install/bin/vvp
:ivl_version "12.0 (devel)" "(s20150603-1539-g2693dd32b)";
:ivl_delay_selection "TYPICAL";
:vpi_time_precision - 12;
:vpi_module "D:\Software\iverilog\lib\ivl\system.vpi";
:vpi_module "D:\Software\iverilog\lib\ivl\vhdl_sys.vpi";
:vpi_module "D:\Software\iverilog\lib\ivl\vhdl_textio.vpi";
:vpi_module "D:\Software\iverilog\lib\ivl\v2005_math.vpi";
:vpi_module "D:\Software\iverilog\lib\ivl\va_math.vpi";
S_0000028f72171890 .scope module, "Trotter" "Trotter" 2 21;
 .timescale -9 -12;
    .port_info 0 /INPUT 2 "S";
    .port_info 1 /INPUT 1 "sys_clk";
    .port_info 2 /INPUT 1 "rst_n";
    .port_info 3 /OUTPUT 8 "L";
P_0000028f72171a20 .param/l "Idle" 0 2 39, C4<11111111>;
P_0000028f72171a58 .param/l "Special" 0 2 40, C4<11110000>;
P_0000028f72171a90 .param/l "model_1" 0 2 34, C4<00>;
P_0000028f72171ac8 .param/l "model_2" 0 2 35, C4<01>;
P_0000028f72171b00 .param/l "model_3" 0 2 36, C4<10>;
P_0000028f72171b38 .param/l "model_4" 0 2 37, C4<11>;
L_0000028f720679d0 .functor BUFZ 8, v0000028f720cd120_0, C4<00000000>, C4<00000000>, C4<00000000>;
v0000028f720cc950_0 .net "L", 7 0, L_0000028f720679d0;  1 drivers
o0000028f7207a2c8 .functor BUFZ 2, C4<zz>; HiZ drive
v0000028f720cca40_0 .net "S", 1 0, o0000028f7207a2c8;  0 drivers
v0000028f720cd120_0 .var "Y", 7 0;
v0000028f720ccea0_0 .var "count", 31 0;
v0000028f720cd300_0 .var "repeat_2", 0 0;
v0000028f720cd4e0_0 .var "repeat_7", 7 0;
o0000028f7207a3b8 .functor BUFZ 1, C4<z>; HiZ drive
v0000028f720ccb80_0 .net "rst_n", 0 0, o0000028f7207a3b8;  0 drivers
v0000028f720cd580_0 .var "sel", 1 0;
o0000028f7207a418 .functor BUFZ 1, C4<z>; HiZ drive
v0000028f720cce00_0 .net "sys_clk", 0 0, o0000028f7207a418;  0 drivers
E_0000028f7204a260 .event posedge, v0000028f720cce00_0;
S_0000028f720533b0 .scope task, "my_task_model1" "my_task_model1" 2 138, 2 138 0, S_0000028f72171890;
 .timescale -9 -12;
v0000028f72171eb0_0 .var "repeat_count", 3 0;
v0000028f721720d0_0 .var "task_Y", 7 0;
v0000028f72053d50_0 .var "task_count", 0 0;
TD_Trotter.my_task_model1 ;
    %load/vec4 v0000028f72171eb0_0;
    %pad/u 32;
    %cmpi/e 15, 0, 32;
    %jmp/0xz  T_0.0, 4;
    %load/vec4 v0000028f72053d50_0;
    %store/vec4 v0000028f720cc810_0, 0, 1;
    %load/vec4 v0000028f72171eb0_0;
    %pad/u 1;
    %store/vec4 v0000028f720cc8b0_0, 0, 1;
    %fork TD_Trotter.task_counter, S_0000028f720cc680;
    %join;
    %load/vec4 v0000028f720cc810_0;
    %store/vec4 v0000028f72053d50_0, 0, 1;
    %load/vec4 v0000028f720cc8b0_0;
    %pad/u 4;
    %store/vec4 v0000028f72171eb0_0, 0, 4;
    %load/vec4 v0000028f721720d0_0;
    %pushi/vec4 15, 0, 32;
    %load/vec4 v0000028f72171eb0_0;
    %pad/u 32;
    %sub;
    %part/u 1;
    %pad/u 2;
    %pushi/vec4 1, 0, 2;
    %xor;
    %pad/u 1;
    %ix/load 5, 0, 0;
    %pushi/vec4 15, 0, 32;
    %load/vec4 v0000028f72171eb0_0;
    %pad/u 32;
    %sub;
    %ix/vec4 4;
    %assign/vec4/off/d v0000028f721720d0_0, 4, 5;
    %pushi/vec4 0, 0, 4;
    %assign/vec4 v0000028f72171eb0_0, 0;
    %pushi/vec4 255, 0, 8;
    %assign/vec4 v0000028f721720d0_0, 0;
    %jmp T_0.1;
T_0.0 ;
    %load/vec4 v0000028f72171eb0_0;
    %pad/u 32;
    %cmpi/u 8, 0, 32;
    %flag_inv 5; GE is !LT
    %jmp/0xz  T_0.2, 5;
    %load/vec4 v0000028f72053d50_0;
    %store/vec4 v0000028f720cc810_0, 0, 1;
    %load/vec4 v0000028f72171eb0_0;
    %pad/u 1;
    %store/vec4 v0000028f720cc8b0_0, 0, 1;
    %fork TD_Trotter.task_counter, S_0000028f720cc680;
    %join;
    %load/vec4 v0000028f720cc810_0;
    %store/vec4 v0000028f72053d50_0, 0, 1;
    %load/vec4 v0000028f720cc8b0_0;
    %pad/u 4;
    %store/vec4 v0000028f72171eb0_0, 0, 4;
    %load/vec4 v0000028f721720d0_0;
    %pushi/vec4 15, 0, 32;
    %load/vec4 v0000028f72171eb0_0;
    %pad/u 32;
    %sub;
    %part/u 1;
    %pad/u 2;
    %pushi/vec4 1, 0, 2;
    %xor;
    %pad/u 1;
    %ix/load 5, 0, 0;
    %pushi/vec4 15, 0, 32;
    %load/vec4 v0000028f72171eb0_0;
    %pad/u 32;
    %sub;
    %ix/vec4 4;
    %assign/vec4/off/d v0000028f721720d0_0, 4, 5;
    %jmp T_0.3;
T_0.2 ;
    %load/vec4 v0000028f72053d50_0;
    %store/vec4 v0000028f720cc810_0, 0, 1;
    %load/vec4 v0000028f72171eb0_0;
    %pad/u 1;
    %store/vec4 v0000028f720cc8b0_0, 0, 1;
    %fork TD_Trotter.task_counter, S_0000028f720cc680;
    %join;
    %load/vec4 v0000028f720cc810_0;
    %store/vec4 v0000028f72053d50_0, 0, 1;
    %load/vec4 v0000028f720cc8b0_0;
    %pad/u 4;
    %store/vec4 v0000028f72171eb0_0, 0, 4;
    %load/vec4 v0000028f721720d0_0;
    %pushi/vec4 7, 0, 32;
    %load/vec4 v0000028f72171eb0_0;
    %pad/u 32;
    %sub;
    %part/u 1;
    %pad/u 2;
    %pushi/vec4 1, 0, 2;
    %xor;
    %pad/u 1;
    %ix/load 5, 0, 0;
    %pushi/vec4 7, 0, 32;
    %load/vec4 v0000028f72171eb0_0;
    %pad/u 32;
    %sub;
    %ix/vec4 4;
    %assign/vec4/off/d v0000028f721720d0_0, 4, 5;
T_0.3 ;
T_0.1 ;
    %end;
S_0000028f720cbcd0 .scope task, "my_task_model2" "my_task_model2" 2 165, 2 165 0, S_0000028f72171890;
 .timescale -9 -12;
v0000028f72053df0_0 .var "repeat_count", 3 0;
v0000028f720cbe60_0 .var "task_Y", 7 0;
v0000028f720cbf00_0 .var "task_count", 0 0;
TD_Trotter.my_task_model2 ;
    %load/vec4 v0000028f72053df0_0;
    %pad/u 32;
    %cmpi/e 8, 0, 32;
    %jmp/0xz  T_1.4, 4;
    %load/vec4 v0000028f720cbf00_0;
    %store/vec4 v0000028f720cc810_0, 0, 1;
    %load/vec4 v0000028f72053df0_0;
    %pad/u 1;
    %store/vec4 v0000028f720cc8b0_0, 0, 1;
    %fork TD_Trotter.task_counter, S_0000028f720cc680;
    %join;
    %load/vec4 v0000028f720cc810_0;
    %store/vec4 v0000028f720cbf00_0, 0, 1;
    %load/vec4 v0000028f720cc8b0_0;
    %pad/u 4;
    %store/vec4 v0000028f72053df0_0, 0, 4;
    %load/vec4 v0000028f720cbe60_0;
    %pushi/vec4 11, 0, 32;
    %load/vec4 v0000028f72053df0_0;
    %pad/u 32;
    %sub;
    %part/u 1;
    %pad/u 2;
    %pushi/vec4 1, 0, 2;
    %xor;
    %pad/u 1;
    %ix/load 5, 0, 0;
    %pushi/vec4 11, 0, 32;
    %load/vec4 v0000028f72053df0_0;
    %pad/u 32;
    %sub;
    %ix/vec4 4;
    %assign/vec4/off/d v0000028f720cbe60_0, 4, 5;
    %load/vec4 v0000028f720cbe60_0;
    %load/vec4 v0000028f72053df0_0;
    %pad/u 32;
    %subi 4, 0, 32;
    %part/u 1;
    %pad/u 2;
    %pushi/vec4 1, 0, 2;
    %xor;
    %pad/u 1;
    %ix/load 5, 0, 0;
    %load/vec4 v0000028f72053df0_0;
    %pad/u 32;
    %subi 4, 0, 32;
    %ix/vec4 4;
    %assign/vec4/off/d v0000028f720cbe60_0, 4, 5;
    %pushi/vec4 0, 0, 4;
    %assign/vec4 v0000028f72053df0_0, 0;
    %jmp T_1.5;
T_1.4 ;
    %load/vec4 v0000028f72053df0_0;
    %pad/u 32;
    %cmpi/u 4, 0, 32;
    %flag_inv 5; GE is !LT
    %jmp/0xz  T_1.6, 5;
    %load/vec4 v0000028f720cbf00_0;
    %store/vec4 v0000028f720cc810_0, 0, 1;
    %load/vec4 v0000028f72053df0_0;
    %pad/u 1;
    %store/vec4 v0000028f720cc8b0_0, 0, 1;
    %fork TD_Trotter.task_counter, S_0000028f720cc680;
    %join;
    %load/vec4 v0000028f720cc810_0;
    %store/vec4 v0000028f720cbf00_0, 0, 1;
    %load/vec4 v0000028f720cc8b0_0;
    %pad/u 4;
    %store/vec4 v0000028f72053df0_0, 0, 4;
    %load/vec4 v0000028f720cbe60_0;
    %pushi/vec4 11, 0, 32;
    %load/vec4 v0000028f72053df0_0;
    %pad/u 32;
    %sub;
    %part/u 1;
    %pad/u 2;
    %pushi/vec4 1, 0, 2;
    %xor;
    %pad/u 1;
    %ix/load 5, 0, 0;
    %pushi/vec4 11, 0, 32;
    %load/vec4 v0000028f72053df0_0;
    %pad/u 32;
    %sub;
    %ix/vec4 4;
    %assign/vec4/off/d v0000028f720cbe60_0, 4, 5;
    %load/vec4 v0000028f720cbe60_0;
    %load/vec4 v0000028f72053df0_0;
    %pad/u 32;
    %subi 4, 0, 32;
    %part/u 1;
    %pad/u 2;
    %pushi/vec4 1, 0, 2;
    %xor;
    %pad/u 1;
    %ix/load 5, 0, 0;
    %load/vec4 v0000028f72053df0_0;
    %pad/u 32;
    %subi 4, 0, 32;
    %ix/vec4 4;
    %assign/vec4/off/d v0000028f720cbe60_0, 4, 5;
    %jmp T_1.7;
T_1.6 ;
    %load/vec4 v0000028f720cbf00_0;
    %store/vec4 v0000028f720cc810_0, 0, 1;
    %load/vec4 v0000028f72053df0_0;
    %pad/u 1;
    %store/vec4 v0000028f720cc8b0_0, 0, 1;
    %fork TD_Trotter.task_counter, S_0000028f720cc680;
    %join;
    %load/vec4 v0000028f720cc810_0;
    %store/vec4 v0000028f720cbf00_0, 0, 1;
    %load/vec4 v0000028f720cc8b0_0;
    %pad/u 4;
    %store/vec4 v0000028f72053df0_0, 0, 4;
    %load/vec4 v0000028f720cbe60_0;
    %pushi/vec4 7, 0, 32;
    %load/vec4 v0000028f72053df0_0;
    %pad/u 32;
    %sub;
    %part/u 1;
    %pad/u 2;
    %pushi/vec4 1, 0, 2;
    %xor;
    %pad/u 1;
    %ix/load 5, 0, 0;
    %pushi/vec4 7, 0, 32;
    %load/vec4 v0000028f72053df0_0;
    %pad/u 32;
    %sub;
    %ix/vec4 4;
    %assign/vec4/off/d v0000028f720cbe60_0, 4, 5;
    %load/vec4 v0000028f720cbe60_0;
    %load/vec4 v0000028f72053df0_0;
    %part/u 1;
    %pad/u 2;
    %pushi/vec4 1, 0, 2;
    %xor;
    %pad/u 1;
    %ix/load 5, 0, 0;
    %ix/getv 4, v0000028f72053df0_0;
    %assign/vec4/off/d v0000028f720cbe60_0, 4, 5;
T_1.7 ;
T_1.5 ;
    %end;
S_0000028f720cbfa0 .scope task, "my_task_model3" "my_task_model3" 2 193, 2 193 0, S_0000028f72171890;
 .timescale -9 -12;
v0000028f720cc130_0 .var "repeat_count", 3 0;
v0000028f720cc1d0_0 .var "task_Y", 7 0;
v0000028f720cc270_0 .var "task_count", 0 0;
TD_Trotter.my_task_model3 ;
    %load/vec4 v0000028f720cc130_0;
    %pad/u 32;
    %cmpi/e 15, 0, 32;
    %jmp/0xz  T_2.8, 4;
    %load/vec4 v0000028f720cc270_0;
    %store/vec4 v0000028f720cc810_0, 0, 1;
    %load/vec4 v0000028f720cc130_0;
    %pad/u 1;
    %store/vec4 v0000028f720cc8b0_0, 0, 1;
    %fork TD_Trotter.task_counter, S_0000028f720cc680;
    %join;
    %load/vec4 v0000028f720cc810_0;
    %store/vec4 v0000028f720cc270_0, 0, 1;
    %load/vec4 v0000028f720cc8b0_0;
    %pad/u 4;
    %store/vec4 v0000028f720cc130_0, 0, 4;
    %pushi/vec4 240, 0, 8;
    %assign/vec4 v0000028f720cc1d0_0, 0;
    %jmp T_2.9;
T_2.8 ;
    %load/vec4 v0000028f720cc130_0;
    %pad/u 32;
    %cmpi/u 7, 0, 32;
    %flag_or 5, 4; GT is !LE
    %flag_inv 5;
    %jmp/0xz  T_2.10, 5;
    %load/vec4 v0000028f720cc270_0;
    %store/vec4 v0000028f720cc810_0, 0, 1;
    %load/vec4 v0000028f720cc130_0;
    %pad/u 1;
    %store/vec4 v0000028f720cc8b0_0, 0, 1;
    %fork TD_Trotter.task_counter, S_0000028f720cc680;
    %join;
    %load/vec4 v0000028f720cc810_0;
    %store/vec4 v0000028f720cc270_0, 0, 1;
    %load/vec4 v0000028f720cc8b0_0;
    %pad/u 4;
    %store/vec4 v0000028f720cc130_0, 0, 4;
    %load/vec4 v0000028f720cc1d0_0;
    %pushi/vec4 15, 0, 32;
    %load/vec4 v0000028f720cc130_0;
    %pad/u 32;
    %sub;
    %part/u 1;
    %pad/u 2;
    %pushi/vec4 1, 0, 2;
    %xor;
    %pad/u 1;
    %ix/load 5, 0, 0;
    %pushi/vec4 15, 0, 32;
    %load/vec4 v0000028f720cc130_0;
    %pad/u 32;
    %sub;
    %ix/vec4 4;
    %assign/vec4/off/d v0000028f720cc1d0_0, 4, 5;
    %jmp T_2.11;
T_2.10 ;
    %load/vec4 v0000028f720cc270_0;
    %store/vec4 v0000028f720cc810_0, 0, 1;
    %load/vec4 v0000028f720cc130_0;
    %pad/u 1;
    %store/vec4 v0000028f720cc8b0_0, 0, 1;
    %fork TD_Trotter.task_counter, S_0000028f720cc680;
    %join;
    %load/vec4 v0000028f720cc810_0;
    %store/vec4 v0000028f720cc270_0, 0, 1;
    %load/vec4 v0000028f720cc8b0_0;
    %pad/u 4;
    %store/vec4 v0000028f720cc130_0, 0, 4;
    %load/vec4 v0000028f720cc1d0_0;
    %pushi/vec4 7, 0, 32;
    %load/vec4 v0000028f720cc130_0;
    %pad/u 32;
    %sub;
    %part/u 1;
    %pad/u 2;
    %pushi/vec4 1, 0, 2;
    %xor;
    %pad/u 1;
    %ix/load 5, 0, 0;
    %pushi/vec4 7, 0, 32;
    %load/vec4 v0000028f720cc130_0;
    %pad/u 32;
    %sub;
    %ix/vec4 4;
    %assign/vec4/off/d v0000028f720cc1d0_0, 4, 5;
T_2.11 ;
T_2.9 ;
    %end;
S_0000028f720cc310 .scope task, "my_task_model4" "my_task_model4" 2 217, 2 217 0, S_0000028f72171890;
 .timescale -9 -12;
v0000028f720cc4a0_0 .var "repeat_count", 3 0;
v0000028f720cc540_0 .var "task_Y", 7 0;
v0000028f720cc5e0_0 .var "task_count", 0 0;
TD_Trotter.my_task_model4 ;
    %pushi/vec4 255, 0, 8;
    %assign/vec4 v0000028f720cc540_0, 0;
    %load/vec4 v0000028f720cc4a0_0;
    %pad/u 32;
    %cmpi/e 15, 0, 32;
    %jmp/0xz  T_3.12, 4;
    %load/vec4 v0000028f720cc5e0_0;
    %store/vec4 v0000028f720cc810_0, 0, 1;
    %load/vec4 v0000028f720cc4a0_0;
    %pad/u 1;
    %store/vec4 v0000028f720cc8b0_0, 0, 1;
    %fork TD_Trotter.task_counter, S_0000028f720cc680;
    %join;
    %load/vec4 v0000028f720cc810_0;
    %store/vec4 v0000028f720cc5e0_0, 0, 1;
    %load/vec4 v0000028f720cc8b0_0;
    %pad/u 4;
    %store/vec4 v0000028f720cc4a0_0, 0, 4;
    %pushi/vec4 255, 0, 8;
    %assign/vec4 v0000028f720cc540_0, 0;
    %jmp T_3.13;
T_3.12 ;
    %load/vec4 v0000028f720cc4a0_0;
    %pad/u 32;
    %cmpi/u 7, 0, 32;
    %flag_or 5, 4; GT is !LE
    %flag_inv 5;
    %jmp/0xz  T_3.14, 5;
    %load/vec4 v0000028f720cc5e0_0;
    %store/vec4 v0000028f720cc810_0, 0, 1;
    %load/vec4 v0000028f720cc4a0_0;
    %pad/u 1;
    %store/vec4 v0000028f720cc8b0_0, 0, 1;
    %fork TD_Trotter.task_counter, S_0000028f720cc680;
    %join;
    %load/vec4 v0000028f720cc810_0;
    %store/vec4 v0000028f720cc5e0_0, 0, 1;
    %load/vec4 v0000028f720cc8b0_0;
    %pad/u 4;
    %store/vec4 v0000028f720cc4a0_0, 0, 4;
    %load/vec4 v0000028f720cc540_0;
    %pushi/vec4 15, 0, 32;
    %load/vec4 v0000028f720cc4a0_0;
    %pad/u 32;
    %sub;
    %part/u 1;
    %pad/u 2;
    %pushi/vec4 1, 0, 2;
    %xor;
    %pad/u 1;
    %ix/load 5, 0, 0;
    %pushi/vec4 15, 0, 32;
    %load/vec4 v0000028f720cc4a0_0;
    %pad/u 32;
    %sub;
    %ix/vec4 4;
    %assign/vec4/off/d v0000028f720cc540_0, 4, 5;
    %jmp T_3.15;
T_3.14 ;
    %load/vec4 v0000028f720cc5e0_0;
    %store/vec4 v0000028f720cc810_0, 0, 1;
    %load/vec4 v0000028f720cc4a0_0;
    %pad/u 1;
    %store/vec4 v0000028f720cc8b0_0, 0, 1;
    %fork TD_Trotter.task_counter, S_0000028f720cc680;
    %join;
    %load/vec4 v0000028f720cc810_0;
    %store/vec4 v0000028f720cc5e0_0, 0, 1;
    %load/vec4 v0000028f720cc8b0_0;
    %pad/u 4;
    %store/vec4 v0000028f720cc4a0_0, 0, 4;
    %load/vec4 v0000028f720cc540_0;
    %pushi/vec4 7, 0, 32;
    %load/vec4 v0000028f720cc4a0_0;
    %pad/u 32;
    %sub;
    %part/u 1;
    %pad/u 2;
    %pushi/vec4 1, 0, 2;
    %xor;
    %pad/u 1;
    %ix/load 5, 0, 0;
    %pushi/vec4 7, 0, 32;
    %load/vec4 v0000028f720cc4a0_0;
    %pad/u 32;
    %sub;
    %ix/vec4 4;
    %assign/vec4/off/d v0000028f720cc540_0, 4, 5;
T_3.15 ;
T_3.13 ;
    %end;
S_0000028f720cc680 .scope task, "task_counter" "task_counter" 2 121, 2 121 0, S_0000028f72171890;
 .timescale -9 -12;
v0000028f720cc810_0 .var "task_count", 0 0;
v0000028f720cc8b0_0 .var "task_rep", 0 0;
TD_Trotter.task_counter ;
    %load/vec4 v0000028f720cc810_0;
    %pad/u 32;
    %cmpi/u 49999999, 0, 32;
    %flag_inv 5; GE is !LT
    %jmp/0xz  T_4.16, 5;
    %load/vec4 v0000028f720cc8b0_0;
    %pad/u 2;
    %addi 1, 0, 2;
    %pad/u 1;
    %assign/vec4 v0000028f720cc8b0_0, 0;
    %pushi/vec4 0, 0, 1;
    %assign/vec4 v0000028f720cc810_0, 0;
    %jmp T_4.17;
T_4.16 ;
    %load/vec4 v0000028f720cc8b0_0;
    %assign/vec4 v0000028f720cc8b0_0, 0;
    %load/vec4 v0000028f720cc810_0;
    %pad/u 32;
    %addi 1, 0, 32;
    %pad/u 1;
    %assign/vec4 v0000028f720cc810_0, 0;
T_4.17 ;
    %end;
    .scope S_0000028f72171890;
T_5 ;
    %wait E_0000028f7204a260;
    %load/vec4 v0000028f720ccb80_0;
    %nor/r;
    %flag_set/vec4 8;
    %jmp/0xz  T_5.0, 8;
    %load/vec4 v0000028f720cca40_0;
    %assign/vec4 v0000028f720cd580_0, 0;
    %pushi/vec4 0, 0, 1;
    %assign/vec4 v0000028f720cd300_0, 0;
    %pushi/vec4 0, 0, 8;
    %assign/vec4 v0000028f720cd4e0_0, 0;
    %pushi/vec4 255, 0, 8;
    %assign/vec4 v0000028f720cd120_0, 0;
    %jmp T_5.1;
T_5.0 ;
    %load/vec4 v0000028f720cd580_0;
    %dup/vec4;
    %pushi/vec4 0, 0, 2;
    %cmp/u;
    %jmp/1 T_5.2, 6;
    %dup/vec4;
    %pushi/vec4 1, 0, 2;
    %cmp/u;
    %jmp/1 T_5.3, 6;
    %dup/vec4;
    %pushi/vec4 2, 0, 2;
    %cmp/u;
    %jmp/1 T_5.4, 6;
    %dup/vec4;
    %pushi/vec4 3, 0, 2;
    %cmp/u;
    %jmp/1 T_5.5, 6;
    %jmp T_5.6;
T_5.2 ;
    %load/vec4 v0000028f720cd300_0;
    %pad/u 32;
    %cmpi/e 1, 0, 32;
    %jmp/0xz  T_5.7, 4;
    %load/vec4 v0000028f720ccea0_0;
    %pad/u 1;
    %store/vec4 v0000028f720cc810_0, 0, 1;
    %load/vec4 v0000028f720cd300_0;
    %store/vec4 v0000028f720cc8b0_0, 0, 1;
    %fork TD_Trotter.task_counter, S_0000028f720cc680;
    %join;
    %load/vec4 v0000028f720cc810_0;
    %pad/u 32;
    %store/vec4 v0000028f720ccea0_0, 0, 32;
    %load/vec4 v0000028f720cc8b0_0;
    %store/vec4 v0000028f720cd300_0, 0, 1;
    %load/vec4 v0000028f720ccea0_0;
    %pad/u 1;
    %store/vec4 v0000028f72053d50_0, 0, 1;
    %load/vec4 v0000028f720cd120_0;
    %store/vec4 v0000028f721720d0_0, 0, 8;
    %load/vec4 v0000028f720cd4e0_0;
    %pad/u 4;
    %store/vec4 v0000028f72171eb0_0, 0, 4;
    %fork TD_Trotter.my_task_model1, S_0000028f720533b0;
    %join;
    %load/vec4 v0000028f72053d50_0;
    %pad/u 32;
    %store/vec4 v0000028f720ccea0_0, 0, 32;
    %load/vec4 v0000028f721720d0_0;
    %store/vec4 v0000028f720cd120_0, 0, 8;
    %load/vec4 v0000028f72171eb0_0;
    %pad/u 8;
    %store/vec4 v0000028f720cd4e0_0, 0, 8;
    %pushi/vec4 0, 0, 1;
    %assign/vec4 v0000028f720cd300_0, 0;
    %pushi/vec4 1, 0, 2;
    %assign/vec4 v0000028f720cd580_0, 0;
    %pushi/vec4 255, 0, 8;
    %assign/vec4 v0000028f720cd120_0, 0;
    %jmp T_5.8;
T_5.7 ;
    %load/vec4 v0000028f720ccea0_0;
    %pad/u 1;
    %store/vec4 v0000028f720cc810_0, 0, 1;
    %load/vec4 v0000028f720cd300_0;
    %store/vec4 v0000028f720cc8b0_0, 0, 1;
    %fork TD_Trotter.task_counter, S_0000028f720cc680;
    %join;
    %load/vec4 v0000028f720cc810_0;
    %pad/u 32;
    %store/vec4 v0000028f720ccea0_0, 0, 32;
    %load/vec4 v0000028f720cc8b0_0;
    %store/vec4 v0000028f720cd300_0, 0, 1;
    %load/vec4 v0000028f720ccea0_0;
    %pad/u 1;
    %store/vec4 v0000028f72053d50_0, 0, 1;
    %load/vec4 v0000028f720cd120_0;
    %store/vec4 v0000028f721720d0_0, 0, 8;
    %load/vec4 v0000028f720cd4e0_0;
    %pad/u 4;
    %store/vec4 v0000028f72171eb0_0, 0, 4;
    %fork TD_Trotter.my_task_model1, S_0000028f720533b0;
    %join;
    %load/vec4 v0000028f72053d50_0;
    %pad/u 32;
    %store/vec4 v0000028f720ccea0_0, 0, 32;
    %load/vec4 v0000028f721720d0_0;
    %store/vec4 v0000028f720cd120_0, 0, 8;
    %load/vec4 v0000028f72171eb0_0;
    %pad/u 8;
    %store/vec4 v0000028f720cd4e0_0, 0, 8;
T_5.8 ;
    %jmp T_5.6;
T_5.3 ;
    %load/vec4 v0000028f720cd300_0;
    %pad/u 32;
    %cmpi/e 1, 0, 32;
    %jmp/0xz  T_5.9, 4;
    %load/vec4 v0000028f720ccea0_0;
    %pad/u 1;
    %store/vec4 v0000028f720cc810_0, 0, 1;
    %load/vec4 v0000028f720cd300_0;
    %store/vec4 v0000028f720cc8b0_0, 0, 1;
    %fork TD_Trotter.task_counter, S_0000028f720cc680;
    %join;
    %load/vec4 v0000028f720cc810_0;
    %pad/u 32;
    %store/vec4 v0000028f720ccea0_0, 0, 32;
    %load/vec4 v0000028f720cc8b0_0;
    %store/vec4 v0000028f720cd300_0, 0, 1;
    %load/vec4 v0000028f720ccea0_0;
    %pad/u 1;
    %store/vec4 v0000028f720cbf00_0, 0, 1;
    %load/vec4 v0000028f720cd120_0;
    %store/vec4 v0000028f720cbe60_0, 0, 8;
    %load/vec4 v0000028f720cd4e0_0;
    %pad/u 4;
    %store/vec4 v0000028f72053df0_0, 0, 4;
    %fork TD_Trotter.my_task_model2, S_0000028f720cbcd0;
    %join;
    %load/vec4 v0000028f720cbf00_0;
    %pad/u 32;
    %store/vec4 v0000028f720ccea0_0, 0, 32;
    %load/vec4 v0000028f720cbe60_0;
    %store/vec4 v0000028f720cd120_0, 0, 8;
    %pushi/vec4 0, 0, 1;
    %assign/vec4 v0000028f720cd300_0, 0;
    %pushi/vec4 2, 0, 2;
    %assign/vec4 v0000028f720cd580_0, 0;
    %pushi/vec4 240, 0, 8;
    %assign/vec4 v0000028f720cd120_0, 0;
    %jmp T_5.10;
T_5.9 ;
    %load/vec4 v0000028f720ccea0_0;
    %pad/u 1;
    %store/vec4 v0000028f720cc810_0, 0, 1;
    %load/vec4 v0000028f720cd300_0;
    %store/vec4 v0000028f720cc8b0_0, 0, 1;
    %fork TD_Trotter.task_counter, S_0000028f720cc680;
    %join;
    %load/vec4 v0000028f720cc810_0;
    %pad/u 32;
    %store/vec4 v0000028f720ccea0_0, 0, 32;
    %load/vec4 v0000028f720cc8b0_0;
    %store/vec4 v0000028f720cd300_0, 0, 1;
    %load/vec4 v0000028f720ccea0_0;
    %pad/u 1;
    %store/vec4 v0000028f720cbf00_0, 0, 1;
    %load/vec4 v0000028f720cd120_0;
    %store/vec4 v0000028f720cbe60_0, 0, 8;
    %load/vec4 v0000028f720cd4e0_0;
    %pad/u 4;
    %store/vec4 v0000028f72053df0_0, 0, 4;
    %fork TD_Trotter.my_task_model2, S_0000028f720cbcd0;
    %join;
    %load/vec4 v0000028f720cbf00_0;
    %pad/u 32;
    %store/vec4 v0000028f720ccea0_0, 0, 32;
    %load/vec4 v0000028f720cbe60_0;
    %store/vec4 v0000028f720cd120_0, 0, 8;
T_5.10 ;
    %jmp T_5.6;
T_5.4 ;
    %load/vec4 v0000028f720cd300_0;
    %pad/u 32;
    %cmpi/e 1, 0, 32;
    %jmp/0xz  T_5.11, 4;
    %pushi/vec4 240, 0, 8;
    %assign/vec4 v0000028f720cd120_0, 0;
    %load/vec4 v0000028f720ccea0_0;
    %pad/u 1;
    %store/vec4 v0000028f720cc810_0, 0, 1;
    %load/vec4 v0000028f720cd300_0;
    %store/vec4 v0000028f720cc8b0_0, 0, 1;
    %fork TD_Trotter.task_counter, S_0000028f720cc680;
    %join;
    %load/vec4 v0000028f720cc810_0;
    %pad/u 32;
    %store/vec4 v0000028f720ccea0_0, 0, 32;
    %load/vec4 v0000028f720cc8b0_0;
    %store/vec4 v0000028f720cd300_0, 0, 1;
    %load/vec4 v0000028f720ccea0_0;
    %pad/u 1;
    %store/vec4 v0000028f720cc270_0, 0, 1;
    %load/vec4 v0000028f720cd120_0;
    %store/vec4 v0000028f720cc1d0_0, 0, 8;
    %load/vec4 v0000028f720cd4e0_0;
    %pad/u 4;
    %store/vec4 v0000028f720cc130_0, 0, 4;
    %fork TD_Trotter.my_task_model3, S_0000028f720cbfa0;
    %join;
    %load/vec4 v0000028f720cc270_0;
    %pad/u 32;
    %store/vec4 v0000028f720ccea0_0, 0, 32;
    %load/vec4 v0000028f720cc1d0_0;
    %store/vec4 v0000028f720cd120_0, 0, 8;
    %pushi/vec4 0, 0, 1;
    %assign/vec4 v0000028f720cd300_0, 0;
    %pushi/vec4 3, 0, 2;
    %assign/vec4 v0000028f720cd580_0, 0;
    %jmp T_5.12;
T_5.11 ;
    %load/vec4 v0000028f720ccea0_0;
    %pad/u 1;
    %store/vec4 v0000028f720cc810_0, 0, 1;
    %load/vec4 v0000028f720cd300_0;
    %store/vec4 v0000028f720cc8b0_0, 0, 1;
    %fork TD_Trotter.task_counter, S_0000028f720cc680;
    %join;
    %load/vec4 v0000028f720cc810_0;
    %pad/u 32;
    %store/vec4 v0000028f720ccea0_0, 0, 32;
    %load/vec4 v0000028f720cc8b0_0;
    %store/vec4 v0000028f720cd300_0, 0, 1;
    %load/vec4 v0000028f720ccea0_0;
    %pad/u 1;
    %store/vec4 v0000028f720cc270_0, 0, 1;
    %load/vec4 v0000028f720cd120_0;
    %store/vec4 v0000028f720cc1d0_0, 0, 8;
    %load/vec4 v0000028f720cd4e0_0;
    %pad/u 4;
    %store/vec4 v0000028f720cc130_0, 0, 4;
    %fork TD_Trotter.my_task_model3, S_0000028f720cbfa0;
    %join;
    %load/vec4 v0000028f720cc270_0;
    %pad/u 32;
    %store/vec4 v0000028f720ccea0_0, 0, 32;
    %load/vec4 v0000028f720cc1d0_0;
    %store/vec4 v0000028f720cd120_0, 0, 8;
T_5.12 ;
    %jmp T_5.6;
T_5.5 ;
    %load/vec4 v0000028f720cd300_0;
    %pad/u 32;
    %cmpi/e 1, 0, 32;
    %jmp/0xz  T_5.13, 4;
    %load/vec4 v0000028f720ccea0_0;
    %pad/u 1;
    %store/vec4 v0000028f720cc810_0, 0, 1;
    %load/vec4 v0000028f720cd300_0;
    %store/vec4 v0000028f720cc8b0_0, 0, 1;
    %fork TD_Trotter.task_counter, S_0000028f720cc680;
    %join;
    %load/vec4 v0000028f720cc810_0;
    %pad/u 32;
    %store/vec4 v0000028f720ccea0_0, 0, 32;
    %load/vec4 v0000028f720cc8b0_0;
    %store/vec4 v0000028f720cd300_0, 0, 1;
    %load/vec4 v0000028f720ccea0_0;
    %pad/u 1;
    %store/vec4 v0000028f720cc5e0_0, 0, 1;
    %load/vec4 v0000028f720cd120_0;
    %store/vec4 v0000028f720cc540_0, 0, 8;
    %load/vec4 v0000028f720cd4e0_0;
    %pad/u 4;
    %store/vec4 v0000028f720cc4a0_0, 0, 4;
    %fork TD_Trotter.my_task_model4, S_0000028f720cc310;
    %join;
    %load/vec4 v0000028f720cc5e0_0;
    %pad/u 32;
    %store/vec4 v0000028f720ccea0_0, 0, 32;
    %load/vec4 v0000028f720cc540_0;
    %store/vec4 v0000028f720cd120_0, 0, 8;
    %pushi/vec4 0, 0, 2;
    %assign/vec4 v0000028f720cd580_0, 0;
    %jmp T_5.14;
T_5.13 ;
    %load/vec4 v0000028f720ccea0_0;
    %pad/u 1;
    %store/vec4 v0000028f720cc810_0, 0, 1;
    %load/vec4 v0000028f720cd300_0;
    %store/vec4 v0000028f720cc8b0_0, 0, 1;
    %fork TD_Trotter.task_counter, S_0000028f720cc680;
    %join;
    %load/vec4 v0000028f720cc810_0;
    %pad/u 32;
    %store/vec4 v0000028f720ccea0_0, 0, 32;
    %load/vec4 v0000028f720cc8b0_0;
    %store/vec4 v0000028f720cd300_0, 0, 1;
    %load/vec4 v0000028f720ccea0_0;
    %pad/u 1;
    %store/vec4 v0000028f720cc270_0, 0, 1;
    %load/vec4 v0000028f720cd120_0;
    %store/vec4 v0000028f720cc1d0_0, 0, 8;
    %load/vec4 v0000028f720cd4e0_0;
    %pad/u 4;
    %store/vec4 v0000028f720cc130_0, 0, 4;
    %fork TD_Trotter.my_task_model3, S_0000028f720cbfa0;
    %join;
    %load/vec4 v0000028f720cc270_0;
    %pad/u 32;
    %store/vec4 v0000028f720ccea0_0, 0, 32;
    %load/vec4 v0000028f720cc1d0_0;
    %store/vec4 v0000028f720cd120_0, 0, 8;
T_5.14 ;
    %jmp T_5.6;
T_5.6 ;
    %pop/vec4 1;
T_5.1 ;
    %jmp T_5;
    .thread T_5;
# The file index is used to find the file name in the following table.
:file_names 3;
    "N/A";
    "<interactive>";
    "Trotter.v";
