#! /c/Source/iverilog-install/bin/vvp
:ivl_version "12.0 (devel)" "(s20150603-1539-g2693dd32b)";
:ivl_delay_selection "TYPICAL";
:vpi_time_precision - 8;
:vpi_module "D:\Software\iverilog\lib\ivl\system.vpi";
:vpi_module "D:\Software\iverilog\lib\ivl\vhdl_sys.vpi";
:vpi_module "D:\Software\iverilog\lib\ivl\vhdl_textio.vpi";
:vpi_module "D:\Software\iverilog\lib\ivl\v2005_math.vpi";
:vpi_module "D:\Software\iverilog\lib\ivl\va_math.vpi";
S_000001bb0e318030 .scope module, "Running_Light_top" "Running_Light_top" 2 2;
 .timescale -8 -8;
v000001bb0e3181c0_0 .var "sel", 1 0;
v000001bb0e316b70_0 .var "sys_clk", 0 0;
v000001bb0e31e310_0 .var "sys_rst", 0 0;
    .scope S_000001bb0e318030;
T_0 ;
    %pushi/vec4 0, 0, 1;
    %store/vec4 v000001bb0e316b70_0, 0, 1;
    %pushi/vec4 0, 0, 2;
    %store/vec4 v000001bb0e3181c0_0, 0, 2;
    %pushi/vec4 0, 0, 1;
    %store/vec4 v000001bb0e31e310_0, 0, 1;
    %delay 10, 0;
    %load/vec4 v000001bb0e31e310_0;
    %inv;
    %store/vec4 v000001bb0e31e310_0, 0, 1;
    %end;
    .thread T_0;
    .scope S_000001bb0e318030;
T_1 ;
    %delay 1, 0;
    %load/vec4 v000001bb0e316b70_0;
    %inv;
    %store/vec4 v000001bb0e316b70_0, 0, 1;
    %jmp T_1;
    .thread T_1;
# The file index is used to find the file name in the following table.
:file_names 3;
    "N/A";
    "<interactive>";
    "Running_Light_top.v";
