#! /c/Source/iverilog-install/bin/vvp
:ivl_version "12.0 (devel)" "(s20150603-1539-g2693dd32b)";
:ivl_delay_selection "TYPICAL";
:vpi_time_precision + 0;
:vpi_module "D:\Software\iverilog\lib\ivl\system.vpi";
:vpi_module "D:\Software\iverilog\lib\ivl\vhdl_sys.vpi";
:vpi_module "D:\Software\iverilog\lib\ivl\vhdl_textio.vpi";
:vpi_module "D:\Software\iverilog\lib\ivl\v2005_math.vpi";
:vpi_module "D:\Software\iverilog\lib\ivl\va_math.vpi";
S_000001d4f6e36760 .scope module, "Running_Light" "Running_Light" 2 17;
 .timescale 0 0;
    .port_info 0 /INPUT 2 "S";
    .port_info 1 /INPUT 1 "clk";
    .port_info 2 /INPUT 1 "rst";
    .port_info 3 /OUTPUT 8 "Y";
P_000001d4f6e368f0 .param/l "Count_time" 0 2 45, +C4<00000000000000000000000001100100>;
P_000001d4f6e36928 .param/l "Idle" 0 2 42, C4<00000000>;
P_000001d4f6e36960 .param/l "Special" 0 2 43, C4<11110000>;
P_000001d4f6e36998 .param/l "model_1" 0 2 33, C4<00>;
P_000001d4f6e369d0 .param/l "model_2" 0 2 34, C4<01>;
P_000001d4f6e36a08 .param/l "model_3" 0 2 35, C4<10>;
P_000001d4f6e36a40 .param/l "model_4" 0 2 36, C4<11>;
P_000001d4f6e36a78 .param/l "model_temp1" 0 2 37, C4<100>;
P_000001d4f6e36ab0 .param/l "model_temp2" 0 2 38, C4<101>;
P_000001d4f6e36ae8 .param/l "model_temp3" 0 2 39, C4<110>;
P_000001d4f6e36b20 .param/l "model_temp4" 0 2 40, C4<111>;
L_000001d4f6e9bd30 .functor BUFZ 8, v000001d4f6e84c10_0, C4<00000000>, C4<00000000>, C4<00000000>;
o000001d4f6e9ef48 .functor BUFZ 2, C4<zz>; HiZ drive
v000001d4f6e36f30_0 .net "S", 1 0, o000001d4f6e9ef48;  0 drivers
v000001d4f6e36b60_0 .net "Y", 7 0, L_000001d4f6e9bd30;  1 drivers
v000001d4f6e84c10_0 .var "Y_out", 7 0;
o000001d4f6e9efd8 .functor BUFZ 1, C4<z>; HiZ drive
v000001d4f6e83170_0 .net "clk", 0 0, o000001d4f6e9efd8;  0 drivers
v000001d4f6e83210_0 .var "count_rst", 0 0;
v000001d4f6ef8450_0 .var "model_repeat", 0 0;
o000001d4f6e9f068 .functor BUFZ 1, C4<z>; HiZ drive
v000001d4f6ef84f0_0 .net "rst", 0 0, o000001d4f6e9f068;  0 drivers
v000001d4f6ef8590_0 .var "sel", 2 0;
v000001d4f6ef8630_0 .var "state_count", 31 0;
v000001d4f6ef86d0_0 .var "state_exist", 7 0;
E_000001d4f6e80ce0/0 .event negedge, v000001d4f6ef84f0_0;
E_000001d4f6e80ce0/1 .event posedge, v000001d4f6e83170_0;
E_000001d4f6e80ce0 .event/or E_000001d4f6e80ce0/0, E_000001d4f6e80ce0/1;
    .scope S_000001d4f6e36760;
T_0 ;
    %wait E_000001d4f6e80ce0;
    %load/vec4 v000001d4f6ef84f0_0;
    %nor/r;
    %flag_set/vec4 8;
    %jmp/0xz  T_0.0, 8;
    %load/vec4 v000001d4f6e36f30_0;
    %pad/u 3;
    %assign/vec4 v000001d4f6ef8590_0, 0;
    %pushi/vec4 0, 0, 8;
    %assign/vec4 v000001d4f6e84c10_0, 0;
    %pushi/vec4 0, 0, 32;
    %assign/vec4 v000001d4f6ef8630_0, 0;
    %pushi/vec4 0, 0, 8;
    %assign/vec4 v000001d4f6ef86d0_0, 0;
    %pushi/vec4 0, 0, 1;
    %assign/vec4 v000001d4f6e83210_0, 0;
    %pushi/vec4 0, 0, 1;
    %assign/vec4 v000001d4f6ef8450_0, 0;
    %jmp T_0.1;
T_0.0 ;
    %load/vec4 v000001d4f6ef8590_0;
    %dup/vec4;
    %pushi/vec4 0, 0, 3;
    %cmp/u;
    %jmp/1 T_0.2, 6;
    %dup/vec4;
    %pushi/vec4 1, 0, 3;
    %cmp/u;
    %jmp/1 T_0.3, 6;
    %dup/vec4;
    %pushi/vec4 2, 0, 3;
    %cmp/u;
    %jmp/1 T_0.4, 6;
    %dup/vec4;
    %pushi/vec4 3, 0, 3;
    %cmp/u;
    %jmp/1 T_0.5, 6;
    %dup/vec4;
    %pushi/vec4 4, 0, 3;
    %cmp/u;
    %jmp/1 T_0.6, 6;
    %dup/vec4;
    %pushi/vec4 5, 0, 3;
    %cmp/u;
    %jmp/1 T_0.7, 6;
    %dup/vec4;
    %pushi/vec4 6, 0, 3;
    %cmp/u;
    %jmp/1 T_0.8, 6;
    %dup/vec4;
    %pushi/vec4 7, 0, 3;
    %cmp/u;
    %jmp/1 T_0.9, 6;
    %pushi/vec4 0, 0, 3;
    %assign/vec4 v000001d4f6ef8590_0, 0;
    %jmp T_0.11;
T_0.2 ;
    %load/vec4 v000001d4f6ef86d0_0;
    %dup/vec4;
    %pushi/vec4 0, 0, 8;
    %cmp/u;
    %jmp/1 T_0.12, 6;
    %dup/vec4;
    %pushi/vec4 1, 0, 8;
    %cmp/u;
    %jmp/1 T_0.13, 6;
    %dup/vec4;
    %pushi/vec4 2, 0, 8;
    %cmp/u;
    %jmp/1 T_0.14, 6;
    %dup/vec4;
    %pushi/vec4 3, 0, 8;
    %cmp/u;
    %jmp/1 T_0.15, 6;
    %dup/vec4;
    %pushi/vec4 4, 0, 8;
    %cmp/u;
    %jmp/1 T_0.16, 6;
    %dup/vec4;
    %pushi/vec4 5, 0, 8;
    %cmp/u;
    %jmp/1 T_0.17, 6;
    %dup/vec4;
    %pushi/vec4 6, 0, 8;
    %cmp/u;
    %jmp/1 T_0.18, 6;
    %dup/vec4;
    %pushi/vec4 7, 0, 8;
    %cmp/u;
    %jmp/1 T_0.19, 6;
    %dup/vec4;
    %pushi/vec4 8, 0, 8;
    %cmp/u;
    %jmp/1 T_0.20, 6;
    %dup/vec4;
    %pushi/vec4 9, 0, 8;
    %cmp/u;
    %jmp/1 T_0.21, 6;
    %dup/vec4;
    %pushi/vec4 10, 0, 8;
    %cmp/u;
    %jmp/1 T_0.22, 6;
    %dup/vec4;
    %pushi/vec4 11, 0, 8;
    %cmp/u;
    %jmp/1 T_0.23, 6;
    %dup/vec4;
    %pushi/vec4 12, 0, 8;
    %cmp/u;
    %jmp/1 T_0.24, 6;
    %dup/vec4;
    %pushi/vec4 13, 0, 8;
    %cmp/u;
    %jmp/1 T_0.25, 6;
    %dup/vec4;
    %pushi/vec4 14, 0, 8;
    %cmp/u;
    %jmp/1 T_0.26, 6;
    %dup/vec4;
    %pushi/vec4 15, 0, 8;
    %cmp/u;
    %jmp/1 T_0.27, 6;
    %dup/vec4;
    %pushi/vec4 16, 0, 8;
    %cmp/u;
    %jmp/1 T_0.28, 6;
    %pushi/vec4 0, 0, 8;
    %assign/vec4 v000001d4f6ef86d0_0, 0;
    %jmp T_0.30;
T_0.12 ;
    %pushi/vec4 1, 0, 1;
    %ix/load 5, 0, 0;
    %pushi/vec4 7, 0, 32;
    %load/vec4 v000001d4f6ef86d0_0;
    %pad/u 32;
    %sub;
    %ix/vec4 4;
    %assign/vec4/off/d v000001d4f6e84c10_0, 4, 5;
    %jmp T_0.30;
T_0.13 ;
    %pushi/vec4 1, 0, 1;
    %ix/load 5, 0, 0;
    %pushi/vec4 7, 0, 32;
    %load/vec4 v000001d4f6ef86d0_0;
    %pad/u 32;
    %sub;
    %ix/vec4 4;
    %assign/vec4/off/d v000001d4f6e84c10_0, 4, 5;
    %jmp T_0.30;
T_0.14 ;
    %pushi/vec4 1, 0, 1;
    %ix/load 5, 0, 0;
    %pushi/vec4 7, 0, 32;
    %load/vec4 v000001d4f6ef86d0_0;
    %pad/u 32;
    %sub;
    %ix/vec4 4;
    %assign/vec4/off/d v000001d4f6e84c10_0, 4, 5;
    %jmp T_0.30;
T_0.15 ;
    %pushi/vec4 1, 0, 1;
    %ix/load 5, 0, 0;
    %pushi/vec4 7, 0, 32;
    %load/vec4 v000001d4f6ef86d0_0;
    %pad/u 32;
    %sub;
    %ix/vec4 4;
    %assign/vec4/off/d v000001d4f6e84c10_0, 4, 5;
    %jmp T_0.30;
T_0.16 ;
    %pushi/vec4 1, 0, 1;
    %ix/load 5, 0, 0;
    %pushi/vec4 7, 0, 32;
    %load/vec4 v000001d4f6ef86d0_0;
    %pad/u 32;
    %sub;
    %ix/vec4 4;
    %assign/vec4/off/d v000001d4f6e84c10_0, 4, 5;
    %jmp T_0.30;
T_0.17 ;
    %pushi/vec4 1, 0, 1;
    %ix/load 5, 0, 0;
    %pushi/vec4 7, 0, 32;
    %load/vec4 v000001d4f6ef86d0_0;
    %pad/u 32;
    %sub;
    %ix/vec4 4;
    %assign/vec4/off/d v000001d4f6e84c10_0, 4, 5;
    %jmp T_0.30;
T_0.18 ;
    %pushi/vec4 1, 0, 1;
    %ix/load 5, 0, 0;
    %pushi/vec4 7, 0, 32;
    %load/vec4 v000001d4f6ef86d0_0;
    %pad/u 32;
    %sub;
    %ix/vec4 4;
    %assign/vec4/off/d v000001d4f6e84c10_0, 4, 5;
    %jmp T_0.30;
T_0.19 ;
    %pushi/vec4 1, 0, 1;
    %ix/load 5, 0, 0;
    %pushi/vec4 7, 0, 32;
    %load/vec4 v000001d4f6ef86d0_0;
    %pad/u 32;
    %sub;
    %ix/vec4 4;
    %assign/vec4/off/d v000001d4f6e84c10_0, 4, 5;
    %jmp T_0.30;
T_0.20 ;
    %pushi/vec4 0, 0, 1;
    %ix/load 5, 0, 0;
    %pushi/vec4 15, 0, 32;
    %load/vec4 v000001d4f6ef86d0_0;
    %pad/u 32;
    %sub;
    %ix/vec4 4;
    %assign/vec4/off/d v000001d4f6e84c10_0, 4, 5;
    %jmp T_0.30;
T_0.21 ;
    %pushi/vec4 0, 0, 1;
    %ix/load 5, 0, 0;
    %pushi/vec4 15, 0, 32;
    %load/vec4 v000001d4f6ef86d0_0;
    %pad/u 32;
    %sub;
    %ix/vec4 4;
    %assign/vec4/off/d v000001d4f6e84c10_0, 4, 5;
    %jmp T_0.30;
T_0.22 ;
    %pushi/vec4 0, 0, 1;
    %ix/load 5, 0, 0;
    %pushi/vec4 15, 0, 32;
    %load/vec4 v000001d4f6ef86d0_0;
    %pad/u 32;
    %sub;
    %ix/vec4 4;
    %assign/vec4/off/d v000001d4f6e84c10_0, 4, 5;
    %jmp T_0.30;
T_0.23 ;
    %pushi/vec4 0, 0, 1;
    %ix/load 5, 0, 0;
    %pushi/vec4 15, 0, 32;
    %load/vec4 v000001d4f6ef86d0_0;
    %pad/u 32;
    %sub;
    %ix/vec4 4;
    %assign/vec4/off/d v000001d4f6e84c10_0, 4, 5;
    %jmp T_0.30;
T_0.24 ;
    %pushi/vec4 0, 0, 1;
    %ix/load 5, 0, 0;
    %pushi/vec4 15, 0, 32;
    %load/vec4 v000001d4f6ef86d0_0;
    %pad/u 32;
    %sub;
    %ix/vec4 4;
    %assign/vec4/off/d v000001d4f6e84c10_0, 4, 5;
    %jmp T_0.30;
T_0.25 ;
    %pushi/vec4 0, 0, 1;
    %ix/load 5, 0, 0;
    %pushi/vec4 15, 0, 32;
    %load/vec4 v000001d4f6ef86d0_0;
    %pad/u 32;
    %sub;
    %ix/vec4 4;
    %assign/vec4/off/d v000001d4f6e84c10_0, 4, 5;
    %jmp T_0.30;
T_0.26 ;
    %pushi/vec4 0, 0, 1;
    %ix/load 5, 0, 0;
    %pushi/vec4 15, 0, 32;
    %load/vec4 v000001d4f6ef86d0_0;
    %pad/u 32;
    %sub;
    %ix/vec4 4;
    %assign/vec4/off/d v000001d4f6e84c10_0, 4, 5;
    %jmp T_0.30;
T_0.27 ;
    %pushi/vec4 0, 0, 8;
    %assign/vec4 v000001d4f6e84c10_0, 0;
    %jmp T_0.30;
T_0.28 ;
    %pushi/vec4 0, 0, 8;
    %assign/vec4 v000001d4f6ef86d0_0, 0;
    %pushi/vec4 1, 0, 1;
    %assign/vec4 v000001d4f6e83210_0, 0;
    %load/vec4 v000001d4f6ef8450_0;
    %nor/r;
    %flag_set/vec4 8;
    %jmp/0xz  T_0.31, 8;
    %pushi/vec4 4, 0, 3;
    %assign/vec4 v000001d4f6ef8590_0, 0;
    %jmp T_0.32;
T_0.31 ;
    %pushi/vec4 1, 0, 3;
    %assign/vec4 v000001d4f6ef8590_0, 0;
T_0.32 ;
    %jmp T_0.30;
T_0.30 ;
    %pop/vec4 1;
    %jmp T_0.11;
T_0.3 ;
    %load/vec4 v000001d4f6ef86d0_0;
    %dup/vec4;
    %pushi/vec4 0, 0, 8;
    %cmp/u;
    %jmp/1 T_0.33, 6;
    %dup/vec4;
    %pushi/vec4 1, 0, 8;
    %cmp/u;
    %jmp/1 T_0.34, 6;
    %dup/vec4;
    %pushi/vec4 2, 0, 8;
    %cmp/u;
    %jmp/1 T_0.35, 6;
    %dup/vec4;
    %pushi/vec4 3, 0, 8;
    %cmp/u;
    %jmp/1 T_0.36, 6;
    %dup/vec4;
    %pushi/vec4 4, 0, 8;
    %cmp/u;
    %jmp/1 T_0.37, 6;
    %dup/vec4;
    %pushi/vec4 5, 0, 8;
    %cmp/u;
    %jmp/1 T_0.38, 6;
    %dup/vec4;
    %pushi/vec4 6, 0, 8;
    %cmp/u;
    %jmp/1 T_0.39, 6;
    %dup/vec4;
    %pushi/vec4 7, 0, 8;
    %cmp/u;
    %jmp/1 T_0.40, 6;
    %dup/vec4;
    %pushi/vec4 8, 0, 8;
    %cmp/u;
    %jmp/1 T_0.41, 6;
    %pushi/vec4 0, 0, 8;
    %assign/vec4 v000001d4f6ef86d0_0, 0;
    %jmp T_0.43;
T_0.33 ;
    %pushi/vec4 1, 0, 1;
    %ix/load 5, 0, 0;
    %pushi/vec4 7, 0, 32;
    %load/vec4 v000001d4f6ef86d0_0;
    %pad/u 32;
    %sub;
    %ix/vec4 4;
    %assign/vec4/off/d v000001d4f6e84c10_0, 4, 5;
    %pushi/vec4 1, 0, 1;
    %ix/getv 4, v000001d4f6ef86d0_0;
    %store/vec4 v000001d4f6e84c10_0, 4, 1;
    %jmp T_0.43;
T_0.34 ;
    %pushi/vec4 1, 0, 1;
    %ix/load 5, 0, 0;
    %pushi/vec4 7, 0, 32;
    %load/vec4 v000001d4f6ef86d0_0;
    %pad/u 32;
    %sub;
    %ix/vec4 4;
    %assign/vec4/off/d v000001d4f6e84c10_0, 4, 5;
    %pushi/vec4 1, 0, 1;
    %ix/getv 4, v000001d4f6ef86d0_0;
    %store/vec4 v000001d4f6e84c10_0, 4, 1;
    %jmp T_0.43;
T_0.35 ;
    %pushi/vec4 1, 0, 1;
    %ix/load 5, 0, 0;
    %pushi/vec4 7, 0, 32;
    %load/vec4 v000001d4f6ef86d0_0;
    %pad/u 32;
    %sub;
    %ix/vec4 4;
    %assign/vec4/off/d v000001d4f6e84c10_0, 4, 5;
    %pushi/vec4 1, 0, 1;
    %ix/getv 4, v000001d4f6ef86d0_0;
    %store/vec4 v000001d4f6e84c10_0, 4, 1;
    %jmp T_0.43;
T_0.36 ;
    %pushi/vec4 1, 0, 1;
    %ix/load 5, 0, 0;
    %pushi/vec4 7, 0, 32;
    %load/vec4 v000001d4f6ef86d0_0;
    %pad/u 32;
    %sub;
    %ix/vec4 4;
    %assign/vec4/off/d v000001d4f6e84c10_0, 4, 5;
    %pushi/vec4 1, 0, 1;
    %ix/getv 4, v000001d4f6ef86d0_0;
    %store/vec4 v000001d4f6e84c10_0, 4, 1;
    %jmp T_0.43;
T_0.37 ;
    %pushi/vec4 0, 0, 1;
    %ix/load 5, 0, 0;
    %pushi/vec4 11, 0, 32;
    %load/vec4 v000001d4f6ef86d0_0;
    %pad/u 32;
    %sub;
    %ix/vec4 4;
    %assign/vec4/off/d v000001d4f6e84c10_0, 4, 5;
    %pushi/vec4 0, 0, 1;
    %ix/load 5, 0, 0;
    %load/vec4 v000001d4f6ef86d0_0;
    %pad/u 32;
    %subi 4, 0, 32;
    %ix/vec4 4;
    %assign/vec4/off/d v000001d4f6e84c10_0, 4, 5;
    %jmp T_0.43;
T_0.38 ;
    %pushi/vec4 0, 0, 1;
    %ix/load 5, 0, 0;
    %pushi/vec4 11, 0, 32;
    %load/vec4 v000001d4f6ef86d0_0;
    %pad/u 32;
    %sub;
    %ix/vec4 4;
    %assign/vec4/off/d v000001d4f6e84c10_0, 4, 5;
    %pushi/vec4 0, 0, 1;
    %ix/load 5, 0, 0;
    %load/vec4 v000001d4f6ef86d0_0;
    %pad/u 32;
    %subi 4, 0, 32;
    %ix/vec4 4;
    %assign/vec4/off/d v000001d4f6e84c10_0, 4, 5;
    %jmp T_0.43;
T_0.39 ;
    %pushi/vec4 0, 0, 1;
    %ix/load 5, 0, 0;
    %pushi/vec4 11, 0, 32;
    %load/vec4 v000001d4f6ef86d0_0;
    %pad/u 32;
    %sub;
    %ix/vec4 4;
    %assign/vec4/off/d v000001d4f6e84c10_0, 4, 5;
    %pushi/vec4 0, 0, 1;
    %ix/load 5, 0, 0;
    %load/vec4 v000001d4f6ef86d0_0;
    %pad/u 32;
    %subi 4, 0, 32;
    %ix/vec4 4;
    %assign/vec4/off/d v000001d4f6e84c10_0, 4, 5;
    %jmp T_0.43;
T_0.40 ;
    %pushi/vec4 0, 0, 1;
    %ix/load 4, 3, 0;
    %flag_set/imm 4, 0;
    %store/vec4 v000001d4f6e84c10_0, 4, 1;
    %pushi/vec4 0, 0, 1;
    %ix/load 4, 4, 0;
    %flag_set/imm 4, 0;
    %store/vec4 v000001d4f6e84c10_0, 4, 1;
    %jmp T_0.43;
T_0.41 ;
    %pushi/vec4 1, 0, 1;
    %assign/vec4 v000001d4f6e83210_0, 0;
    %pushi/vec4 0, 0, 8;
    %assign/vec4 v000001d4f6ef86d0_0, 0;
    %load/vec4 v000001d4f6ef8450_0;
    %nor/r;
    %flag_set/vec4 8;
    %jmp/0xz  T_0.44, 8;
    %pushi/vec4 5, 0, 3;
    %assign/vec4 v000001d4f6ef8590_0, 0;
    %jmp T_0.45;
T_0.44 ;
    %pushi/vec4 2, 0, 3;
    %assign/vec4 v000001d4f6ef8590_0, 0;
    %pushi/vec4 240, 0, 8;
    %store/vec4 v000001d4f6e84c10_0, 0, 8;
T_0.45 ;
    %jmp T_0.43;
T_0.43 ;
    %pop/vec4 1;
    %jmp T_0.11;
T_0.4 ;
    %load/vec4 v000001d4f6ef86d0_0;
    %dup/vec4;
    %pushi/vec4 0, 0, 8;
    %cmp/u;
    %jmp/1 T_0.46, 6;
    %dup/vec4;
    %pushi/vec4 1, 0, 8;
    %cmp/u;
    %jmp/1 T_0.47, 6;
    %dup/vec4;
    %pushi/vec4 2, 0, 8;
    %cmp/u;
    %jmp/1 T_0.48, 6;
    %dup/vec4;
    %pushi/vec4 3, 0, 8;
    %cmp/u;
    %jmp/1 T_0.49, 6;
    %dup/vec4;
    %pushi/vec4 4, 0, 8;
    %cmp/u;
    %jmp/1 T_0.50, 6;
    %dup/vec4;
    %pushi/vec4 5, 0, 8;
    %cmp/u;
    %jmp/1 T_0.51, 6;
    %dup/vec4;
    %pushi/vec4 6, 0, 8;
    %cmp/u;
    %jmp/1 T_0.52, 6;
    %dup/vec4;
    %pushi/vec4 7, 0, 8;
    %cmp/u;
    %jmp/1 T_0.53, 6;
    %dup/vec4;
    %pushi/vec4 8, 0, 8;
    %cmp/u;
    %jmp/1 T_0.54, 6;
    %dup/vec4;
    %pushi/vec4 9, 0, 8;
    %cmp/u;
    %jmp/1 T_0.55, 6;
    %pushi/vec4 0, 0, 8;
    %assign/vec4 v000001d4f6ef86d0_0, 0;
    %jmp T_0.57;
T_0.46 ;
    %pushi/vec4 1, 0, 1;
    %ix/load 4, 0, 0;
    %flag_set/imm 4, 0;
    %store/vec4 v000001d4f6e84c10_0, 4, 1;
    %jmp T_0.57;
T_0.47 ;
    %pushi/vec4 1, 0, 1;
    %ix/load 5, 0, 0;
    %ix/getv 4, v000001d4f6ef86d0_0;
    %assign/vec4/off/d v000001d4f6e84c10_0, 4, 5;
    %jmp T_0.57;
T_0.48 ;
    %pushi/vec4 1, 0, 1;
    %ix/load 5, 0, 0;
    %ix/getv 4, v000001d4f6ef86d0_0;
    %assign/vec4/off/d v000001d4f6e84c10_0, 4, 5;
    %jmp T_0.57;
T_0.49 ;
    %pushi/vec4 1, 0, 1;
    %ix/load 5, 0, 0;
    %ix/getv 4, v000001d4f6ef86d0_0;
    %assign/vec4/off/d v000001d4f6e84c10_0, 4, 5;
    %jmp T_0.57;
T_0.50 ;
    %pushi/vec4 0, 0, 1;
    %ix/load 5, 0, 0;
    %ix/getv 4, v000001d4f6ef86d0_0;
    %assign/vec4/off/d v000001d4f6e84c10_0, 4, 5;
    %jmp T_0.57;
T_0.51 ;
    %pushi/vec4 0, 0, 1;
    %ix/load 5, 0, 0;
    %ix/getv 4, v000001d4f6ef86d0_0;
    %assign/vec4/off/d v000001d4f6e84c10_0, 4, 5;
    %jmp T_0.57;
T_0.52 ;
    %pushi/vec4 0, 0, 1;
    %ix/load 5, 0, 0;
    %ix/getv 4, v000001d4f6ef86d0_0;
    %assign/vec4/off/d v000001d4f6e84c10_0, 4, 5;
    %jmp T_0.57;
T_0.53 ;
    %pushi/vec4 0, 0, 1;
    %ix/load 5, 0, 0;
    %ix/getv 4, v000001d4f6ef86d0_0;
    %assign/vec4/off/d v000001d4f6e84c10_0, 4, 5;
    %jmp T_0.57;
T_0.54 ;
    %pushi/vec4 240, 0, 8;
    %assign/vec4 v000001d4f6e84c10_0, 0;
    %jmp T_0.57;
T_0.55 ;
    %pushi/vec4 1, 0, 1;
    %assign/vec4 v000001d4f6e83210_0, 0;
    %pushi/vec4 0, 0, 8;
    %assign/vec4 v000001d4f6ef86d0_0, 0;
    %load/vec4 v000001d4f6ef8450_0;
    %nor/r;
    %flag_set/vec4 8;
    %jmp/0xz  T_0.58, 8;
    %pushi/vec4 6, 0, 3;
    %assign/vec4 v000001d4f6ef8590_0, 0;
    %jmp T_0.59;
T_0.58 ;
    %pushi/vec4 3, 0, 3;
    %assign/vec4 v000001d4f6ef8590_0, 0;
    %pushi/vec4 255, 0, 8;
    %assign/vec4 v000001d4f6e84c10_0, 0;
T_0.59 ;
    %jmp T_0.57;
T_0.57 ;
    %pop/vec4 1;
    %jmp T_0.11;
T_0.5 ;
    %load/vec4 v000001d4f6ef86d0_0;
    %dup/vec4;
    %pushi/vec4 0, 0, 8;
    %cmp/u;
    %jmp/1 T_0.60, 6;
    %dup/vec4;
    %pushi/vec4 1, 0, 8;
    %cmp/u;
    %jmp/1 T_0.61, 6;
    %dup/vec4;
    %pushi/vec4 2, 0, 8;
    %cmp/u;
    %jmp/1 T_0.62, 6;
    %dup/vec4;
    %pushi/vec4 3, 0, 8;
    %cmp/u;
    %jmp/1 T_0.63, 6;
    %dup/vec4;
    %pushi/vec4 4, 0, 8;
    %cmp/u;
    %jmp/1 T_0.64, 6;
    %dup/vec4;
    %pushi/vec4 5, 0, 8;
    %cmp/u;
    %jmp/1 T_0.65, 6;
    %dup/vec4;
    %pushi/vec4 6, 0, 8;
    %cmp/u;
    %jmp/1 T_0.66, 6;
    %dup/vec4;
    %pushi/vec4 7, 0, 8;
    %cmp/u;
    %jmp/1 T_0.67, 6;
    %dup/vec4;
    %pushi/vec4 8, 0, 8;
    %cmp/u;
    %jmp/1 T_0.68, 6;
    %dup/vec4;
    %pushi/vec4 9, 0, 8;
    %cmp/u;
    %jmp/1 T_0.69, 6;
    %dup/vec4;
    %pushi/vec4 10, 0, 8;
    %cmp/u;
    %jmp/1 T_0.70, 6;
    %dup/vec4;
    %pushi/vec4 11, 0, 8;
    %cmp/u;
    %jmp/1 T_0.71, 6;
    %dup/vec4;
    %pushi/vec4 12, 0, 8;
    %cmp/u;
    %jmp/1 T_0.72, 6;
    %dup/vec4;
    %pushi/vec4 13, 0, 8;
    %cmp/u;
    %jmp/1 T_0.73, 6;
    %dup/vec4;
    %pushi/vec4 14, 0, 8;
    %cmp/u;
    %jmp/1 T_0.74, 6;
    %dup/vec4;
    %pushi/vec4 15, 0, 8;
    %cmp/u;
    %jmp/1 T_0.75, 6;
    %dup/vec4;
    %pushi/vec4 16, 0, 8;
    %cmp/u;
    %jmp/1 T_0.76, 6;
    %pushi/vec4 0, 0, 8;
    %assign/vec4 v000001d4f6ef86d0_0, 0;
    %jmp T_0.79;
T_0.60 ;
    %pushi/vec4 0, 0, 1;
    %pushi/vec4 7, 0, 32;
    %load/vec4 v000001d4f6ef86d0_0;
    %pad/u 32;
    %sub;
    %ix/vec4 4;
    %store/vec4 v000001d4f6e84c10_0, 4, 1;
    %jmp T_0.79;
T_0.61 ;
    %pushi/vec4 0, 0, 1;
    %pushi/vec4 7, 0, 32;
    %load/vec4 v000001d4f6ef86d0_0;
    %pad/u 32;
    %sub;
    %ix/vec4 4;
    %store/vec4 v000001d4f6e84c10_0, 4, 1;
    %jmp T_0.79;
T_0.62 ;
    %pushi/vec4 0, 0, 1;
    %pushi/vec4 7, 0, 32;
    %load/vec4 v000001d4f6ef86d0_0;
    %pad/u 32;
    %sub;
    %ix/vec4 4;
    %store/vec4 v000001d4f6e84c10_0, 4, 1;
    %jmp T_0.79;
T_0.63 ;
    %pushi/vec4 0, 0, 1;
    %pushi/vec4 7, 0, 32;
    %load/vec4 v000001d4f6ef86d0_0;
    %pad/u 32;
    %sub;
    %ix/vec4 4;
    %store/vec4 v000001d4f6e84c10_0, 4, 1;
    %jmp T_0.79;
T_0.64 ;
    %pushi/vec4 0, 0, 1;
    %pushi/vec4 7, 0, 32;
    %load/vec4 v000001d4f6ef86d0_0;
    %pad/u 32;
    %sub;
    %ix/vec4 4;
    %store/vec4 v000001d4f6e84c10_0, 4, 1;
    %jmp T_0.79;
T_0.65 ;
    %pushi/vec4 0, 0, 1;
    %pushi/vec4 7, 0, 32;
    %load/vec4 v000001d4f6ef86d0_0;
    %pad/u 32;
    %sub;
    %ix/vec4 4;
    %store/vec4 v000001d4f6e84c10_0, 4, 1;
    %jmp T_0.79;
T_0.66 ;
    %pushi/vec4 0, 0, 1;
    %pushi/vec4 7, 0, 32;
    %load/vec4 v000001d4f6ef86d0_0;
    %pad/u 32;
    %sub;
    %ix/vec4 4;
    %store/vec4 v000001d4f6e84c10_0, 4, 1;
    %jmp T_0.79;
T_0.67 ;
    %pushi/vec4 0, 0, 1;
    %pushi/vec4 7, 0, 32;
    %load/vec4 v000001d4f6ef86d0_0;
    %pad/u 32;
    %sub;
    %ix/vec4 4;
    %store/vec4 v000001d4f6e84c10_0, 4, 1;
    %jmp T_0.79;
T_0.68 ;
    %pushi/vec4 1, 0, 1;
    %load/vec4 v000001d4f6ef86d0_0;
    %pad/u 32;
    %subi 8, 0, 32;
    %ix/vec4 4;
    %store/vec4 v000001d4f6e84c10_0, 4, 1;
    %jmp T_0.79;
T_0.69 ;
    %pushi/vec4 1, 0, 1;
    %load/vec4 v000001d4f6ef86d0_0;
    %pad/u 32;
    %subi 8, 0, 32;
    %ix/vec4 4;
    %store/vec4 v000001d4f6e84c10_0, 4, 1;
    %jmp T_0.79;
T_0.70 ;
    %pushi/vec4 1, 0, 1;
    %load/vec4 v000001d4f6ef86d0_0;
    %pad/u 32;
    %subi 8, 0, 32;
    %ix/vec4 4;
    %store/vec4 v000001d4f6e84c10_0, 4, 1;
    %jmp T_0.79;
T_0.71 ;
    %pushi/vec4 1, 0, 1;
    %load/vec4 v000001d4f6ef86d0_0;
    %pad/u 32;
    %subi 8, 0, 32;
    %ix/vec4 4;
    %store/vec4 v000001d4f6e84c10_0, 4, 1;
    %jmp T_0.79;
T_0.72 ;
    %pushi/vec4 1, 0, 1;
    %load/vec4 v000001d4f6ef86d0_0;
    %pad/u 32;
    %subi 8, 0, 32;
    %ix/vec4 4;
    %store/vec4 v000001d4f6e84c10_0, 4, 1;
    %jmp T_0.79;
T_0.73 ;
    %pushi/vec4 1, 0, 1;
    %load/vec4 v000001d4f6ef86d0_0;
    %pad/u 32;
    %subi 8, 0, 32;
    %ix/vec4 4;
    %store/vec4 v000001d4f6e84c10_0, 4, 1;
    %jmp T_0.79;
T_0.74 ;
    %pushi/vec4 1, 0, 1;
    %load/vec4 v000001d4f6ef86d0_0;
    %pad/u 32;
    %subi 8, 0, 32;
    %ix/vec4 4;
    %store/vec4 v000001d4f6e84c10_0, 4, 1;
    %jmp T_0.79;
T_0.75 ;
    %pushi/vec4 1, 0, 1;
    %load/vec4 v000001d4f6ef86d0_0;
    %pad/u 32;
    %subi 8, 0, 32;
    %ix/vec4 4;
    %store/vec4 v000001d4f6e84c10_0, 4, 1;
    %jmp T_0.79;
T_0.76 ;
    %pushi/vec4 0, 0, 8;
    %assign/vec4 v000001d4f6ef86d0_0, 0;
    %pushi/vec4 1, 0, 1;
    %assign/vec4 v000001d4f6e83210_0, 0;
    %load/vec4 v000001d4f6ef8450_0;
    %nor/r;
    %flag_set/vec4 8;
    %jmp/0xz  T_0.80, 8;
    %pushi/vec4 7, 0, 3;
    %assign/vec4 v000001d4f6ef8590_0, 0;
    %jmp T_0.81;
T_0.80 ;
    %pushi/vec4 0, 0, 3;
    %assign/vec4 v000001d4f6ef8590_0, 0;
T_0.81 ;
    %jmp T_0.79;
T_0.77 ;
    %pushi/vec4 0, 0, 8;
    %assign/vec4 v000001d4f6ef86d0_0, 0;
    %jmp T_0.79;
T_0.79 ;
    %pop/vec4 1;
    %jmp T_0.11;
T_0.6 ;
    %pushi/vec4 0, 0, 3;
    %assign/vec4 v000001d4f6ef8590_0, 0;
    %jmp T_0.11;
T_0.7 ;
    %pushi/vec4 1, 0, 3;
    %assign/vec4 v000001d4f6ef8590_0, 0;
    %jmp T_0.11;
T_0.8 ;
    %pushi/vec4 2, 0, 3;
    %assign/vec4 v000001d4f6ef8590_0, 0;
    %pushi/vec4 240, 0, 8;
    %assign/vec4 v000001d4f6e84c10_0, 0;
    %jmp T_0.11;
T_0.9 ;
    %pushi/vec4 3, 0, 3;
    %assign/vec4 v000001d4f6ef8590_0, 0;
    %jmp T_0.11;
T_0.11 ;
    %pop/vec4 1;
T_0.1 ;
    %jmp T_0;
    .thread T_0;
    .scope S_000001d4f6e36760;
T_1 ;
    %wait E_000001d4f6e80ce0;
    %load/vec4 v000001d4f6ef84f0_0;
    %flag_set/vec4 8;
    %jmp/0xz  T_1.0, 8;
    %load/vec4 v000001d4f6e83210_0;
    %nor/r;
    %flag_set/vec4 8;
    %jmp/0xz  T_1.2, 8;
    %load/vec4 v000001d4f6ef8630_0;
    %cmpi/u 100, 0, 32;
    %flag_inv 5; GE is !LT
    %jmp/0xz  T_1.4, 5;
    %load/vec4 v000001d4f6ef86d0_0;
    %addi 1, 0, 8;
    %assign/vec4 v000001d4f6ef86d0_0, 0;
    %pushi/vec4 0, 0, 32;
    %assign/vec4 v000001d4f6ef8630_0, 0;
    %jmp T_1.5;
T_1.4 ;
    %load/vec4 v000001d4f6ef86d0_0;
    %assign/vec4 v000001d4f6ef86d0_0, 0;
    %load/vec4 v000001d4f6ef8630_0;
    %addi 1, 0, 32;
    %assign/vec4 v000001d4f6ef8630_0, 0;
T_1.5 ;
    %jmp T_1.3;
T_1.2 ;
    %load/vec4 v000001d4f6ef8450_0;
    %pad/u 2;
    %addi 1, 0, 2;
    %pad/u 1;
    %assign/vec4 v000001d4f6ef8450_0, 0;
    %pushi/vec4 0, 0, 8;
    %assign/vec4 v000001d4f6ef86d0_0, 0;
    %pushi/vec4 0, 0, 1;
    %assign/vec4 v000001d4f6e83210_0, 0;
T_1.3 ;
T_1.0 ;
    %jmp T_1;
    .thread T_1;
# The file index is used to find the file name in the following table.
:file_names 3;
    "N/A";
    "<interactive>";
    "Running_Light.v";
